Namespace(autoencoder=True, batch_size=16, crf_feats=False, dev='data/hau/dev.txt', dev_feats='data/hau/dev.txt.softgazfeats.npz', embed=128, feat_func='tanh', lr=0.015, lstm_feats=False, no_decay=False, output_name='hau_model', restart=False, test='data/hau/test.txt', test_feats='data/hau/test.txt.softgazfeats.npz', testing=False, train='data/hau/train.txt', train_feats='data/hau/train.txt.softgazfeats.npz', trainer='sgd', word_hidden_size=256)

Epoch: 0
Validation F1: 0.170000
Saved!
Validation F1: 0.000000
Validation F1: 0.000000
Validation F1: 0.000000
Validation F1: 0.000000
Validation F1: 0.000000
Training loss: 35299.561844


Epoch: 1
Validation F1: 0.600000
Saved!
Validation F1: 0.000000
Validation F1: 0.000000
Validation F1: 8.140000
Saved!
Validation F1: 32.830000
Saved!
Validation F1: 31.770000
Training loss: 25478.927925


Epoch: 2
Validation F1: 38.330000
Saved!
Validation F1: 33.050000
Validation F1: 37.900000
Validation F1: 43.700000
Saved!
Validation F1: 48.010000
Saved!
Validation F1: 45.490000
Training loss: 19338.840706


Epoch: 3
Validation F1: 51.550000
Saved!
Validation F1: 51.410000
Validation F1: 49.780000
Validation F1: 52.960000
Saved!
Validation F1: 57.190000
Saved!
Validation F1: 62.800000
Saved!
Training loss: 14265.040417


Epoch: 4
Validation F1: 60.890000
Validation F1: 58.200000
Validation F1: 67.150000
Saved!
Validation F1: 65.340000
Validation F1: 64.960000
Validation F1: 59.150000
Training loss: 12084.521561


Epoch: 5
Validation F1: 66.900000
Validation F1: 68.790000
Saved!
Validation F1: 67.710000
Validation F1: 72.930000
Saved!
Validation F1: 66.910000
Validation F1: 71.330000
Training loss: 10300.150520


Epoch: 6
Validation F1: 73.040000
Saved!
Validation F1: 74.410000
Saved!
Validation F1: 76.590000
Saved!
Validation F1: 77.200000
Saved!
Validation F1: 77.990000
Saved!
Validation F1: 78.810000
Saved!
Training loss: 8917.170769


Epoch: 7
Validation F1: 77.220000
Validation F1: 76.910000
Validation F1: 77.130000
Validation F1: 77.680000
Validation F1: 81.200000
Saved!
Validation F1: 78.420000
Training loss: 8240.476583


Epoch: 8
Validation F1: 82.110000
Saved!
Validation F1: 78.700000
Validation F1: 81.710000
Validation F1: 79.940000
Validation F1: 76.810000
Validation F1: 83.400000
Saved!
Training loss: 7567.568483


Epoch: 9
Validation F1: 81.690000
Validation F1: 82.190000
Validation F1: 83.150000
Validation F1: 81.450000
Validation F1: 83.650000
Saved!
Validation F1: 82.610000
Training loss: 6790.953999


Epoch: 10
Validation F1: 83.540000
Validation F1: 84.670000
Saved!
Validation F1: 82.670000
Validation F1: 85.200000
Saved!
Validation F1: 82.470000
Validation F1: 85.060000
Training loss: 6271.057863


Epoch: 11
Validation F1: 78.780000
Validation F1: 83.190000
Validation F1: 84.490000
Validation F1: 86.180000
Saved!
Validation F1: 87.050000
Saved!
Validation F1: 85.390000
Training loss: 5975.334721


Epoch: 12
Validation F1: 86.920000
Validation F1: 85.910000
Validation F1: 85.450000
Validation F1: 84.420000
Validation F1: 86.880000
Validation F1: 85.360000
Training loss: 5712.134060


Epoch: 13
Validation F1: 85.390000
Validation F1: 85.560000
Validation F1: 86.190000
Validation F1: 86.060000
Validation F1: 85.940000
Validation F1: 86.560000
Training loss: 5341.154428


Epoch: 14
Validation F1: 84.170000
Validation F1: 85.370000
Validation F1: 85.520000
Validation F1: 87.950000
Saved!
Validation F1: 86.720000
Validation F1: 87.080000
Training loss: 4925.797340


Epoch: 15
Validation F1: 87.180000
Validation F1: 86.900000
Validation F1: 87.890000
Validation F1: 85.540000
Validation F1: 88.400000
Saved!
Validation F1: 87.550000
Training loss: 4547.120003


Epoch: 16
Validation F1: 87.140000
Validation F1: 86.490000
Validation F1: 86.980000
Validation F1: 88.020000
Validation F1: 87.310000
Validation F1: 86.470000
Training loss: 4478.064859


Epoch: 17
Validation F1: 87.420000
Validation F1: 86.480000
Validation F1: 87.180000
Validation F1: 87.800000
Validation F1: 88.460000
Saved!
Validation F1: 87.060000
Training loss: 4393.026987


Epoch: 18
Validation F1: 86.660000
Validation F1: 86.600000
Validation F1: 87.080000
Validation F1: 87.100000
Validation F1: 88.440000
Validation F1: 88.100000
Training loss: 4320.259022


Epoch: 19
Validation F1: 87.920000
Validation F1: 88.150000
Validation F1: 86.990000
Validation F1: 85.960000
Validation F1: 88.210000
Validation F1: 86.350000
Training loss: 4179.151941


Epoch: 20
Validation F1: 85.630000
Validation F1: 87.960000
Validation F1: 88.290000
Validation F1: 87.000000
Validation F1: 87.500000
Validation F1: 86.660000
Training loss: 4088.950997


Epoch: 21
Validation F1: 86.370000
Validation F1: 87.890000
Validation F1: 87.790000
Validation F1: 87.790000
Validation F1: 87.880000
Validation F1: 87.100000
Training loss: 4031.215763


Epoch: 22
Validation F1: 86.960000
Validation F1: 87.540000
Validation F1: 87.710000
Validation F1: 86.440000
Validation F1: 87.560000
Validation F1: 87.660000
Training loss: 4038.086363


Epoch: 23
Validation F1: 86.590000
Validation F1: 87.010000
Validation F1: 87.140000
Validation F1: 87.540000
Validation F1: 88.450000
Validation F1: 87.250000
Training loss: 3942.131365
New learning rate: 0.014285713966403688


Epoch: 24
Validation F1: 88.460000
Validation F1: 88.380000
Validation F1: 87.190000
Validation F1: 87.850000
Validation F1: 87.130000
Validation F1: 86.680000
Training loss: 4387.922951
New learning rate: 0.01360544225289708


Epoch: 25
Validation F1: 88.460000
Validation F1: 87.350000
Validation F1: 86.580000
Validation F1: 86.550000
Validation F1: 87.560000
Validation F1: 85.820000
Training loss: 4349.983236
New learning rate: 0.01295756371248336


Epoch: 26
Validation F1: 88.460000
Validation F1: 88.210000
Validation F1: 87.150000
Validation F1: 87.180000
Validation F1: 87.430000
Validation F1: 88.400000
Training loss: 4250.421646
New learning rate: 0.012340536784558069


Epoch: 27
Validation F1: 88.460000
Validation F1: 87.730000
Validation F1: 87.290000
Validation F1: 86.920000
Validation F1: 86.860000
Validation F1: 87.530000
Training loss: 4255.399875
New learning rate: 0.011752891753401074


Epoch: 28
Validation F1: 88.460000
Validation F1: 87.160000
Validation F1: 87.300000
Validation F1: 86.900000
Validation F1: 87.690000
Validation F1: 87.560000
Training loss: 4223.371077
New learning rate: 0.011193229861202693


Epoch: 29
Validation F1: 88.460000
Validation F1: 87.690000
Validation F1: 86.260000
Validation F1: 87.510000
Validation F1: 88.330000
Validation F1: 87.900000
Training loss: 4212.239303
New learning rate: 0.010660218873194285


Epoch: 30
Validation F1: 88.460000
Validation F1: 88.240000
Validation F1: 88.380000
Validation F1: 88.310000
Validation F1: 87.530000
Validation F1: 86.940000
Training loss: 4239.851912
New learning rate: 0.010152589529752731


Epoch: 31
Validation F1: 88.460000
Validation F1: 87.070000
Validation F1: 88.330000
Validation F1: 86.900000
Validation F1: 87.800000
Validation F1: 87.740000
Training loss: 4212.808279
New learning rate: 0.009669132885478791


Epoch: 32
Validation F1: 88.460000
Validation F1: 87.720000
Validation F1: 87.480000
Validation F1: 88.320000
Validation F1: 87.520000
Validation F1: 88.070000
Training loss: 4168.728396
New learning rate: 0.009208697648275466


Epoch: 33
Validation F1: 88.460000
Validation F1: 87.990000
Validation F1: 87.710000
Validation F1: 88.230000
Validation F1: 87.050000
Validation F1: 87.490000
Training loss: 4105.172551
New learning rate: 0.00877018840540023


Epoch: 34
Validation F1: 88.460000
Validation F1: 87.470000
Validation F1: 87.470000
Validation F1: 87.950000
Validation F1: 87.960000
Validation F1: 88.460000
Training loss: 4114.863068
New learning rate: 0.008352560301621754


Epoch: 35
Validation F1: 88.460000
Validation F1: 88.080000
Validation F1: 88.410000
Validation F1: 87.470000
Validation F1: 87.740000
Validation F1: 87.560000
Training loss: 4101.653509
New learning rate: 0.007954819039219902


Epoch: 36
Validation F1: 88.460000
Validation F1: 88.140000
Validation F1: 87.650000
Validation F1: 87.550000
Validation F1: 88.350000
Validation F1: 87.990000
Training loss: 4139.514294
New learning rate: 0.007576018217064085


Epoch: 37
Validation F1: 88.460000
Validation F1: 88.400000
Validation F1: 86.310000
Validation F1: 88.130000
Validation F1: 88.210000
Validation F1: 88.320000
Training loss: 4131.598941
New learning rate: 0.0072152553392308095


Epoch: 38
Validation F1: 88.460000
Validation F1: 88.140000
Validation F1: 87.570000
Validation F1: 88.270000
Validation F1: 88.890000
Saved!
Validation F1: 87.710000
Training loss: 4117.500147


Epoch: 39
Validation F1: 88.050000
Validation F1: 88.440000
Validation F1: 88.380000
Validation F1: 87.940000
Validation F1: 87.480000
Validation F1: 88.160000
Training loss: 4012.263731


Epoch: 40
Validation F1: 88.120000
Validation F1: 88.320000
Validation F1: 88.100000
Validation F1: 87.610000
Validation F1: 88.020000
Validation F1: 86.840000
Training loss: 3913.879762


Epoch: 41
Validation F1: 87.160000
Validation F1: 87.530000
Validation F1: 87.540000
Validation F1: 86.520000
Validation F1: 87.540000
Validation F1: 88.170000
Training loss: 3917.660989


Epoch: 42
Validation F1: 88.200000
Validation F1: 89.130000
Saved!
Validation F1: 87.930000
Validation F1: 89.400000
Saved!
Validation F1: 88.410000
Validation F1: 88.740000
Training loss: 3828.908390


Epoch: 43
Validation F1: 88.480000
Validation F1: 88.230000
Validation F1: 87.820000
Validation F1: 88.120000
Validation F1: 88.640000
Validation F1: 87.050000
Training loss: 3776.651854


Epoch: 44
Validation F1: 86.830000
Validation F1: 87.440000
Validation F1: 87.580000
Validation F1: 88.510000
Validation F1: 88.180000
Validation F1: 88.070000
Training loss: 3768.667967


Epoch: 45
Validation F1: 87.730000
Validation F1: 87.980000
Validation F1: 88.580000
Validation F1: 88.270000
Validation F1: 88.440000
Validation F1: 87.410000
Training loss: 3710.235863


Epoch: 46
Validation F1: 87.520000
Validation F1: 89.350000
Validation F1: 89.650000
Saved!
Validation F1: 87.830000
Validation F1: 87.060000
Validation F1: 87.190000
Training loss: 3673.718943


Epoch: 47
Validation F1: 87.640000
Validation F1: 87.960000
Validation F1: 87.780000
Validation F1: 87.940000
Validation F1: 87.450000
Validation F1: 87.970000
Training loss: 3673.532009


Epoch: 48
Validation F1: 88.410000
Validation F1: 88.300000
Validation F1: 88.450000
Validation F1: 88.180000
Validation F1: 87.170000
Validation F1: 88.240000
Training loss: 3634.246495


Epoch: 49
Validation F1: 88.010000
Validation F1: 88.500000
Validation F1: 87.350000
Validation F1: 88.720000
Validation F1: 89.080000
Validation F1: 87.390000
Training loss: 3634.657783


Training time: 4527.0214

Test F1: 85.150000

