Namespace(autoencoder=True, batch_size=16, crf_feats=False, dev='data/lug/dev.txt', dev_feats='data/lug/dev.txt.softgazfeats.npz', embed=128, feat_func='tanh', lr=0.015, lstm_feats=False, no_decay=False, output_name='lug_model', restart=False, test='data/lug/test.txt', test_feats='data/lug/test.txt.softgazfeats.npz', testing=False, train='data/lug/train.txt', train_feats='data/lug/train.txt.softgazfeats.npz', trainer='sgd', word_hidden_size=256)

Epoch: 0
Validation F1: 0.000000
Validation F1: 0.000000
Validation F1: 0.000000
Validation F1: 0.000000
Validation F1: 0.000000
Validation F1: 0.000000
Training loss: 25231.277901


Epoch: 1
Validation F1: 0.000000
Validation F1: 0.000000
Validation F1: 0.000000
Validation F1: 0.000000
Validation F1: 6.590000
Saved!
Validation F1: 11.110000
Saved!
Training loss: 20185.708977


Epoch: 2
Validation F1: 0.680000
Validation F1: 0.000000
Validation F1: 2.020000
Validation F1: 0.000000
Validation F1: 0.690000
Validation F1: 12.100000
Saved!
Training loss: 17648.035080


Epoch: 3
Validation F1: 17.810000
Saved!
Validation F1: 0.680000
Validation F1: 25.260000
Saved!
Validation F1: 41.100000
Saved!
Validation F1: 20.780000
Validation F1: 32.740000
Training loss: 13347.645844


Epoch: 4
Validation F1: 34.070000
Validation F1: 44.210000
Saved!
Validation F1: 37.820000
Validation F1: 40.430000
Validation F1: 38.730000
Validation F1: 44.980000
Saved!
Training loss: 9489.411798


Epoch: 5
Validation F1: 36.360000
Validation F1: 37.540000
Validation F1: 52.090000
Saved!
Validation F1: 49.320000
Validation F1: 52.160000
Saved!
Validation F1: 54.920000
Saved!
Training loss: 8756.806767


Epoch: 6
Validation F1: 55.030000
Saved!
Validation F1: 47.480000
Validation F1: 45.010000
Validation F1: 52.630000
Validation F1: 54.370000
Validation F1: 53.010000
Training loss: 7909.241169


Epoch: 7
Validation F1: 41.890000
Validation F1: 52.480000
Validation F1: 52.420000
Validation F1: 55.570000
Saved!
Validation F1: 58.740000
Saved!
Validation F1: 60.680000
Saved!
Training loss: 7753.130899


Epoch: 8
Validation F1: 55.080000
Validation F1: 48.230000
Validation F1: 51.310000
Validation F1: 50.830000
Validation F1: 56.240000
Validation F1: 59.100000
Training loss: 6537.961077


Epoch: 9
Validation F1: 58.900000
Validation F1: 54.930000
Validation F1: 46.960000
Validation F1: 44.360000
Validation F1: 56.570000
Validation F1: 55.480000
Training loss: 6146.093288


Epoch: 10
Validation F1: 52.610000
Validation F1: 64.520000
Saved!
Validation F1: 62.640000
Validation F1: 59.020000
Validation F1: 46.010000
Validation F1: 65.870000
Saved!
Training loss: 5848.425654


Epoch: 11
Validation F1: 61.220000
Validation F1: 62.630000
Validation F1: 67.350000
Saved!
Validation F1: 66.550000
Validation F1: 64.420000
Validation F1: 60.030000
Training loss: 5172.949633


Epoch: 12
Validation F1: 58.290000
Validation F1: 65.510000
Validation F1: 65.030000
Validation F1: 63.330000
Validation F1: 64.560000
Validation F1: 62.630000
Training loss: 4727.550762


Epoch: 13
Validation F1: 51.260000
Validation F1: 60.060000
Validation F1: 66.120000
Validation F1: 62.270000
Validation F1: 64.420000
Validation F1: 67.190000
Training loss: 4316.527822


Epoch: 14
Validation F1: 63.790000
Validation F1: 68.550000
Saved!
Validation F1: 57.550000
Validation F1: 65.090000
Validation F1: 67.650000
Validation F1: 70.180000
Saved!
Training loss: 4256.945379


Epoch: 15
Validation F1: 67.510000
Validation F1: 68.910000
Validation F1: 68.360000
Validation F1: 66.890000
Validation F1: 65.650000
Validation F1: 61.710000
Training loss: 3772.704823


Epoch: 16
Validation F1: 63.840000
Validation F1: 61.860000
Validation F1: 66.140000
Validation F1: 64.110000
Validation F1: 58.420000
Validation F1: 67.560000
Training loss: 3562.387256


Epoch: 17
Validation F1: 67.910000
Validation F1: 69.570000
Validation F1: 68.430000
Validation F1: 70.940000
Saved!
Validation F1: 60.500000
Validation F1: 69.790000
Training loss: 3153.364911


Epoch: 18
Validation F1: 70.510000
Validation F1: 70.050000
Validation F1: 69.580000
Validation F1: 67.670000
Validation F1: 64.380000
Validation F1: 68.780000
Training loss: 3015.010078


Epoch: 19
Validation F1: 66.310000
Validation F1: 66.670000
Validation F1: 69.450000
Validation F1: 70.850000
Validation F1: 71.790000
Saved!
Validation F1: 61.590000
Training loss: 2651.434037


Epoch: 20
Validation F1: 67.360000
Validation F1: 65.990000
Validation F1: 69.680000
Validation F1: 70.470000
Validation F1: 67.320000
Validation F1: 66.780000
Training loss: 2462.629525


Epoch: 21
Validation F1: 70.410000
Validation F1: 65.470000
Validation F1: 70.150000
Validation F1: 71.630000
Validation F1: 69.130000
Validation F1: 67.400000
Training loss: 2251.480528


Epoch: 22
Validation F1: 72.000000
Saved!
Validation F1: 67.860000
Validation F1: 68.490000
Validation F1: 68.540000
Validation F1: 70.490000
Validation F1: 68.720000
Training loss: 2094.366591


Epoch: 23
Validation F1: 69.270000
Validation F1: 68.570000
Validation F1: 70.320000
Validation F1: 70.190000
Validation F1: 67.550000
Validation F1: 67.550000
Training loss: 1946.941100


Epoch: 24
Validation F1: 69.070000
Validation F1: 70.090000
Validation F1: 67.000000
Validation F1: 68.040000
Validation F1: 70.200000
Validation F1: 66.020000
Training loss: 1895.162610


Epoch: 25
Validation F1: 66.110000
Validation F1: 65.470000
Validation F1: 68.410000
Validation F1: 71.070000
Validation F1: 70.510000
Validation F1: 71.600000
Training loss: 1761.823037


Epoch: 26
Validation F1: 70.350000
Validation F1: 65.460000
Validation F1: 68.710000
Validation F1: 68.130000
Validation F1: 65.370000
Validation F1: 65.700000
Training loss: 1759.537825


Epoch: 27
Validation F1: 65.160000
Validation F1: 69.320000
Validation F1: 64.480000
Validation F1: 67.480000
Validation F1: 67.190000
Validation F1: 70.250000
Training loss: 1639.801810


Epoch: 28
Validation F1: 68.870000
Validation F1: 70.110000
Validation F1: 68.430000
Validation F1: 70.350000
Validation F1: 71.480000
Validation F1: 72.110000
Saved!
Training loss: 1646.522623


Epoch: 29
Validation F1: 69.700000
Validation F1: 72.640000
Saved!
Validation F1: 66.010000
Validation F1: 72.250000
Validation F1: 67.670000
Validation F1: 68.140000
Training loss: 1594.517418


Epoch: 30
Validation F1: 68.320000
Validation F1: 65.710000
Validation F1: 72.580000
Validation F1: 73.700000
Saved!
Validation F1: 72.600000
Validation F1: 70.310000
Training loss: 1568.338627


Epoch: 31
Validation F1: 70.180000
Validation F1: 71.750000
Validation F1: 70.890000
Validation F1: 68.730000
Validation F1: 70.960000
Validation F1: 70.390000
Training loss: 1479.614849


Epoch: 32
Validation F1: 73.880000
Saved!
Validation F1: 71.690000
Validation F1: 67.350000
Validation F1: 74.060000
Saved!
Validation F1: 72.010000
Validation F1: 69.640000
Training loss: 1428.494837


Epoch: 33
Validation F1: 70.320000
Validation F1: 68.540000
Validation F1: 71.350000
Validation F1: 70.150000
Validation F1: 71.770000
Validation F1: 70.000000
Training loss: 1460.778130


Epoch: 34
Validation F1: 68.280000
Validation F1: 69.710000
Validation F1: 70.920000
Validation F1: 72.500000
Validation F1: 70.080000
Validation F1: 73.250000
Training loss: 1465.445632


Epoch: 35
Validation F1: 71.990000
Validation F1: 68.500000
Validation F1: 74.580000
Saved!
Validation F1: 73.190000
Validation F1: 68.250000
Validation F1: 71.700000
Training loss: 1395.684266


Epoch: 36
Validation F1: 70.790000
Validation F1: 68.170000
Validation F1: 69.670000
Validation F1: 71.070000
Validation F1: 70.370000
Validation F1: 69.260000
Training loss: 1384.990420


Epoch: 37
Validation F1: 70.090000
Validation F1: 71.500000
Validation F1: 68.600000
Validation F1: 71.600000
Validation F1: 66.670000
Validation F1: 71.650000
Training loss: 1332.376791


Epoch: 38
Validation F1: 70.720000
Validation F1: 71.380000
Validation F1: 69.220000
Validation F1: 72.040000
Validation F1: 71.850000
Validation F1: 71.360000
Training loss: 1383.681915


Epoch: 39
Validation F1: 71.280000
Validation F1: 69.980000
Validation F1: 72.140000
Validation F1: 68.820000
Validation F1: 68.860000
Validation F1: 71.720000
Training loss: 1385.941514


Epoch: 40
Validation F1: 71.000000
Validation F1: 71.830000
Validation F1: 68.380000
Validation F1: 72.820000
Validation F1: 68.710000
Validation F1: 68.460000
Training loss: 1294.395570


Epoch: 41
Validation F1: 70.440000
Validation F1: 73.130000
Validation F1: 70.000000
Validation F1: 68.710000
Validation F1: 68.780000
Validation F1: 68.650000
Training loss: 1295.595509
New learning rate: 0.014285713966403688


Epoch: 42
Validation F1: 74.580000
Validation F1: 72.600000
Validation F1: 70.630000
Validation F1: 72.450000
Validation F1: 65.860000
Validation F1: 67.580000
Training loss: 1393.810816
New learning rate: 0.01360544225289708


Epoch: 43
Validation F1: 74.580000
Validation F1: 73.160000
Validation F1: 71.630000
Validation F1: 68.300000
Validation F1: 68.970000
Validation F1: 72.390000
Training loss: 1362.756335
New learning rate: 0.01295756371248336


Epoch: 44
Validation F1: 74.580000
Validation F1: 71.750000
Validation F1: 66.230000
Validation F1: 69.580000
Validation F1: 72.540000
Validation F1: 71.500000
Training loss: 1362.881762
New learning rate: 0.012340536784558069


Epoch: 45
Validation F1: 74.580000
Validation F1: 73.050000
Validation F1: 70.280000
Validation F1: 71.920000
Validation F1: 71.900000
Validation F1: 70.870000
Training loss: 1366.981363
New learning rate: 0.011752891753401074


Epoch: 46
Validation F1: 74.580000
Validation F1: 70.570000
Validation F1: 74.440000
Validation F1: 74.450000
Validation F1: 73.670000
Validation F1: 71.770000
Training loss: 1338.103390
New learning rate: 0.011193229861202693


Epoch: 47
Validation F1: 74.580000
Validation F1: 74.170000
Validation F1: 71.820000
Validation F1: 71.030000
Validation F1: 71.920000
Validation F1: 71.770000
Training loss: 1375.224855
New learning rate: 0.010660218873194285


Epoch: 48
Validation F1: 74.580000
Validation F1: 72.190000
Validation F1: 69.490000
Validation F1: 72.380000
Validation F1: 72.370000
Validation F1: 73.400000
Training loss: 1362.426973
New learning rate: 0.010152589529752731


Epoch: 49
Validation F1: 74.580000
Validation F1: 70.730000
Validation F1: 70.850000
Validation F1: 71.600000
Validation F1: 70.340000
Validation F1: 71.340000
Training loss: 1344.853234
New learning rate: 0.009669132885478791


Training time: 6764.8281

Test F1: 75.520000

