Namespace(autoencoder=True, batch_size=16, crf_feats=False, dev='news/amharic/dev.txt', dev_feats='news/amharic/dev.txt.softgazfeats.npz', embed=128, feat_func='tanh', lr=0.015, lstm_feats=False, no_decay=False, output_name='news_amharic_model', restart=False, test='news/amharic/test.txt', test_feats='news/amharic/test.txt.softgazfeats.npz', testing=False, train='news/amharic/train.txt', train_feats='news/amharic/train.txt.softgazfeats.npz', trainer='sgd', word_hidden_size=256)

Epoch: 0
Validation F1: 0.000000
Validation F1: 0.000000
Validation F1: 0.000000
Validation F1: 0.000000
Validation F1: 0.000000
Validation F1: 0.000000
Training loss: 14619.586884


Epoch: 1
Validation F1: 0.000000
Validation F1: 0.000000
Validation F1: 0.000000
Validation F1: 0.000000
Validation F1: 0.000000
Validation F1: 0.000000
Training loss: 10938.971226


Epoch: 2
Validation F1: 0.000000
Validation F1: 8.250000
Saved!
Validation F1: 10.960000
Saved!
Validation F1: 8.700000
Validation F1: 18.300000
Saved!
Validation F1: 20.060000
Saved!
Training loss: 9267.963808


Epoch: 3
Validation F1: 17.050000
Validation F1: 20.000000
Validation F1: 20.000000
Validation F1: 21.850000
Saved!
Validation F1: 26.360000
Saved!
Validation F1: 17.580000
Training loss: 7895.567734


Epoch: 4
Validation F1: 24.930000
Validation F1: 25.070000
Validation F1: 25.060000
Validation F1: 26.290000
Validation F1: 26.820000
Saved!
Validation F1: 24.470000
Training loss: 7081.439407


Epoch: 5
Validation F1: 30.120000
Saved!
Validation F1: 26.970000
Validation F1: 27.680000
Validation F1: 29.250000
Validation F1: 33.560000
Saved!
Validation F1: 27.270000
Training loss: 6347.840731


Epoch: 6
Validation F1: 35.650000
Saved!
Validation F1: 32.370000
Validation F1: 41.300000
Saved!
Validation F1: 33.500000
Validation F1: 38.380000
Validation F1: 35.160000
Training loss: 5870.356279


Epoch: 7
Validation F1: 36.000000
Validation F1: 35.770000
Validation F1: 37.530000
Validation F1: 37.320000
Validation F1: 41.180000
Validation F1: 39.300000
Training loss: 5144.372340


Epoch: 8
Validation F1: 35.150000
Validation F1: 40.580000
Validation F1: 43.530000
Saved!
Validation F1: 40.290000
Validation F1: 41.230000
Validation F1: 40.970000
Training loss: 4813.588688


Epoch: 9
Validation F1: 37.670000
Validation F1: 40.110000
Validation F1: 40.690000
Validation F1: 43.740000
Saved!
Validation F1: 45.780000
Saved!
Validation F1: 42.180000
Training loss: 4248.957661


Epoch: 10
Validation F1: 40.950000
Validation F1: 43.800000
Validation F1: 46.080000
Saved!
Validation F1: 46.680000
Saved!
Validation F1: 46.420000
Validation F1: 47.640000
Saved!
Training loss: 3733.180931


Epoch: 11
Validation F1: 41.180000
Validation F1: 51.550000
Saved!
Validation F1: 46.190000
Validation F1: 50.410000
Validation F1: 48.700000
Validation F1: 46.700000
Training loss: 3340.800633


Epoch: 12
Validation F1: 45.880000
Validation F1: 48.470000
Validation F1: 47.680000
Validation F1: 46.740000
Validation F1: 46.120000
Validation F1: 45.860000
Training loss: 3003.052485


Epoch: 13
Validation F1: 46.370000
Validation F1: 46.190000
Validation F1: 46.250000
Validation F1: 46.580000
Validation F1: 47.770000
Validation F1: 52.690000
Saved!
Training loss: 2402.111500


Epoch: 14
Validation F1: 52.120000
Validation F1: 48.230000
Validation F1: 50.210000
Validation F1: 45.860000
Validation F1: 47.330000
Validation F1: 50.620000
Training loss: 2223.416620


Epoch: 15
Validation F1: 50.810000
Validation F1: 48.020000
Validation F1: 48.550000
Validation F1: 49.480000
Validation F1: 51.690000
Validation F1: 49.670000
Training loss: 1788.383898


Epoch: 16
Validation F1: 52.500000
Validation F1: 52.260000
Validation F1: 51.250000
Validation F1: 52.340000
Validation F1: 53.700000
Saved!
Validation F1: 49.580000
Training loss: 1526.060470


Epoch: 17
Validation F1: 50.670000
Validation F1: 53.880000
Saved!
Validation F1: 52.120000
Validation F1: 52.830000
Validation F1: 50.950000
Validation F1: 53.960000
Saved!
Training loss: 1288.377257


Epoch: 18
Validation F1: 51.000000
Validation F1: 49.790000
Validation F1: 53.190000
Validation F1: 52.540000
Validation F1: 51.870000
Validation F1: 51.710000
Training loss: 1100.271443


Epoch: 19
Validation F1: 52.390000
Validation F1: 52.470000
Validation F1: 51.770000
Validation F1: 52.900000
Validation F1: 54.340000
Saved!
Validation F1: 53.030000
Training loss: 1007.894117


Epoch: 20
Validation F1: 53.570000
Validation F1: 53.180000
Validation F1: 50.980000
Validation F1: 53.300000
Validation F1: 50.680000
Validation F1: 52.190000
Training loss: 909.757645


Epoch: 21
Validation F1: 52.120000
Validation F1: 52.410000
Validation F1: 53.950000
Validation F1: 55.000000
Saved!
Validation F1: 53.590000
Validation F1: 52.540000
Training loss: 769.944925


Epoch: 22
Validation F1: 55.030000
Saved!
Validation F1: 52.250000
Validation F1: 51.210000
Validation F1: 51.690000
Validation F1: 53.670000
Validation F1: 51.870000
Training loss: 736.401771


Epoch: 23
Validation F1: 53.500000
Validation F1: 52.750000
Validation F1: 50.000000
Validation F1: 51.590000
Validation F1: 50.220000
Validation F1: 50.220000
Training loss: 695.970932


Epoch: 24
Validation F1: 50.990000
Validation F1: 51.210000
Validation F1: 52.520000
Validation F1: 52.490000
Validation F1: 53.730000
Validation F1: 49.770000
Training loss: 631.928151


Epoch: 25
Validation F1: 50.220000
Validation F1: 51.900000
Validation F1: 50.450000
Validation F1: 52.120000
Validation F1: 52.410000
Validation F1: 53.240000
Training loss: 568.285985


Epoch: 26
Validation F1: 51.350000
Validation F1: 51.570000
Validation F1: 52.940000
Validation F1: 53.190000
Validation F1: 52.040000
Validation F1: 51.080000
Training loss: 490.124032


Epoch: 27
Validation F1: 51.110000
Validation F1: 53.330000
Validation F1: 51.660000
Validation F1: 52.700000
Validation F1: 50.530000
Validation F1: 52.850000
Training loss: 471.455480


Epoch: 28
Validation F1: 52.040000
Validation F1: 50.880000
Validation F1: 52.140000
Validation F1: 52.780000
Validation F1: 50.340000
Validation F1: 52.850000
Training loss: 456.838099
New learning rate: 0.014285713966403688


Epoch: 29
Validation F1: 55.030000
Validation F1: 54.660000
Validation F1: 54.550000
Validation F1: 53.660000
Validation F1: 52.160000
Validation F1: 51.600000
Training loss: 740.050846
New learning rate: 0.01360544225289708


Epoch: 30
Validation F1: 55.030000
Validation F1: 54.900000
Validation F1: 52.610000
Validation F1: 51.590000
Validation F1: 53.930000
Validation F1: 52.440000
Training loss: 689.517641
New learning rate: 0.01295756371248336


Epoch: 31
Validation F1: 55.030000
Validation F1: 52.230000
Validation F1: 51.020000
Validation F1: 51.560000
Validation F1: 53.390000
Validation F1: 52.700000
Training loss: 700.232639
New learning rate: 0.012340536784558069


Epoch: 32
Validation F1: 55.030000
Validation F1: 51.900000
Validation F1: 53.680000
Validation F1: 50.410000
Validation F1: 52.700000
Validation F1: 53.450000
Training loss: 643.673619
New learning rate: 0.011752891753401074


Epoch: 33
Validation F1: 55.030000
Validation F1: 54.110000
Validation F1: 53.100000
Validation F1: 52.580000
Validation F1: 51.060000
Validation F1: 52.100000
Training loss: 661.381297
New learning rate: 0.011193229861202693


Epoch: 34
Validation F1: 55.030000
Validation F1: 53.760000
Validation F1: 53.700000
Validation F1: 52.030000
Validation F1: 51.430000
Validation F1: 50.220000
Training loss: 637.133466
New learning rate: 0.010660218873194285


Epoch: 35
Validation F1: 55.030000
Validation F1: 53.040000
Validation F1: 53.510000
Validation F1: 53.420000
Validation F1: 54.150000
Validation F1: 52.510000
Training loss: 659.936439
New learning rate: 0.010152589529752731


Epoch: 36
Validation F1: 55.030000
Validation F1: 52.980000
Validation F1: 50.000000
Validation F1: 52.270000
Validation F1: 51.670000
Validation F1: 54.350000
Training loss: 696.524690
New learning rate: 0.009669132885478791


Epoch: 37
Validation F1: 55.030000
Validation F1: 54.580000
Validation F1: 52.560000
Validation F1: 52.160000
Validation F1: 51.340000
Validation F1: 48.020000
Training loss: 672.782564
New learning rate: 0.009208697648275466


Epoch: 38
Validation F1: 55.030000
Validation F1: 53.250000
Validation F1: 52.240000
Validation F1: 54.700000
Validation F1: 54.590000
Validation F1: 54.870000
Training loss: 651.740606
New learning rate: 0.00877018840540023


Epoch: 39
Validation F1: 55.030000
Validation F1: 54.620000
Validation F1: 54.190000
Validation F1: 52.320000
Validation F1: 52.000000
Validation F1: 52.970000
Training loss: 611.276662
New learning rate: 0.008352560301621754


Epoch: 40
Validation F1: 55.030000
Validation F1: 53.160000
Validation F1: 53.590000
Validation F1: 52.610000
Validation F1: 53.220000
Validation F1: 51.380000
Training loss: 624.256055
New learning rate: 0.007954819039219902


Epoch: 41
Validation F1: 55.030000
Validation F1: 52.650000
Validation F1: 53.040000
Validation F1: 54.590000
Validation F1: 52.720000
Validation F1: 52.520000
Training loss: 654.444568
New learning rate: 0.007576018217064085


Epoch: 42
Validation F1: 55.030000
Validation F1: 53.510000
Validation F1: 54.630000
Validation F1: 52.000000
Validation F1: 52.810000
Validation F1: 52.770000
Training loss: 626.630962
New learning rate: 0.0072152553392308095


Epoch: 43
Validation F1: 55.030000
Validation F1: 53.810000
Validation F1: 54.230000
Validation F1: 53.950000
Validation F1: 52.950000
Validation F1: 54.510000
Training loss: 646.130104
New learning rate: 0.006871671815003667


Epoch: 44
Validation F1: 55.030000
Validation F1: 55.110000
Saved!
Validation F1: 52.770000
Validation F1: 52.930000
Validation F1: 54.300000
Validation F1: 52.230000
Training loss: 634.272168


Epoch: 45
Validation F1: 52.450000
Validation F1: 54.670000
Validation F1: 55.560000
Saved!
Validation F1: 54.100000
Validation F1: 52.520000
Validation F1: 53.420000
Training loss: 532.806769


Epoch: 46
Validation F1: 53.390000
Validation F1: 52.420000
Validation F1: 54.790000
Validation F1: 54.220000
Validation F1: 54.380000
Validation F1: 52.700000
Training loss: 525.216485


Epoch: 47
Validation F1: 53.680000
Validation F1: 52.520000
Validation F1: 52.970000
Validation F1: 51.820000
Validation F1: 53.660000
Validation F1: 54.510000
Training loss: 508.084460


Epoch: 48
Validation F1: 54.000000
Validation F1: 52.630000
Validation F1: 54.100000
Validation F1: 53.860000
Validation F1: 54.100000
Validation F1: 52.770000
Training loss: 460.360748


Epoch: 49
Validation F1: 52.380000
Validation F1: 53.660000
Validation F1: 52.780000
Validation F1: 51.570000
Validation F1: 52.350000
Validation F1: 51.970000
Training loss: 460.425716


Training time: 2543.7133

Test F1: 50.970000

