Namespace(autoencoder=True, batch_size=16, crf_feats=False, dev='news/kinyarwanda/dev.txt', dev_feats='news/kinyarwanda/dev.txt.softgazfeats.npz', embed=128, feat_func='tanh', lr=0.015, lstm_feats=False, no_decay=False, output_name='news_kinyarwanda_model', restart=False, test='news/kinyarwanda/test.txt', test_feats='news/kinyarwanda/test.txt.softgazfeats.npz', testing=False, train='news/kinyarwanda/train.txt', train_feats='news/kinyarwanda/train.txt.softgazfeats.npz', trainer='sgd', word_hidden_size=256)

Epoch: 0
Validation F1: 0.000000
Validation F1: 0.000000
Validation F1: 0.000000
Validation F1: 0.000000
Validation F1: 0.000000
Validation F1: 0.000000
Training loss: 24518.786461


Epoch: 1
Validation F1: 6.490000
Saved!
Validation F1: 7.600000
Saved!
Validation F1: 7.950000
Saved!
Validation F1: 12.160000
Saved!
Validation F1: 11.330000
Validation F1: 19.630000
Saved!
Training loss: 16320.456642


Epoch: 2
Validation F1: 28.820000
Saved!
Validation F1: 20.360000
Validation F1: 15.930000
Validation F1: 37.710000
Saved!
Validation F1: 43.820000
Saved!
Validation F1: 42.420000
Training loss: 11467.612644


Epoch: 3
Validation F1: 44.630000
Saved!
Validation F1: 42.190000
Validation F1: 43.890000
Validation F1: 39.150000
Validation F1: 51.210000
Saved!
Validation F1: 47.980000
Training loss: 8144.232693


Epoch: 4
Validation F1: 48.400000
Validation F1: 51.210000
Validation F1: 59.370000
Saved!
Validation F1: 52.670000
Validation F1: 55.160000
Validation F1: 57.390000
Training loss: 6693.079159


Epoch: 5
Validation F1: 58.310000
Validation F1: 52.420000
Validation F1: 55.320000
Validation F1: 54.350000
Validation F1: 54.210000
Validation F1: 59.130000
Training loss: 5920.856644


Epoch: 6
Validation F1: 59.670000
Saved!
Validation F1: 56.110000
Validation F1: 58.870000
Validation F1: 66.670000
Saved!
Validation F1: 62.710000
Validation F1: 60.150000
Training loss: 5224.125475


Epoch: 7
Validation F1: 62.200000
Validation F1: 61.190000
Validation F1: 64.990000
Validation F1: 64.400000
Validation F1: 63.470000
Validation F1: 67.740000
Saved!
Training loss: 4610.298599


Epoch: 8
Validation F1: 65.220000
Validation F1: 63.580000
Validation F1: 56.830000
Validation F1: 63.020000
Validation F1: 67.020000
Validation F1: 49.200000
Training loss: 4099.763022


Epoch: 9
Validation F1: 49.280000
Validation F1: 65.370000
Validation F1: 69.750000
Saved!
Validation F1: 68.490000
Validation F1: 65.230000
Validation F1: 66.870000
Training loss: 3772.869968


Epoch: 10
Validation F1: 68.770000
Validation F1: 63.760000
Validation F1: 64.820000
Validation F1: 62.200000
Validation F1: 68.660000
Validation F1: 72.050000
Saved!
Training loss: 3460.552658


Epoch: 11
Validation F1: 71.720000
Validation F1: 66.800000
Validation F1: 71.860000
Validation F1: 66.110000
Validation F1: 72.300000
Saved!
Validation F1: 69.940000
Training loss: 3200.305605


Epoch: 12
Validation F1: 70.960000
Validation F1: 72.460000
Saved!
Validation F1: 67.190000
Validation F1: 70.750000
Validation F1: 67.560000
Validation F1: 68.820000
Training loss: 2921.631186


Epoch: 13
Validation F1: 71.120000
Validation F1: 65.780000
Validation F1: 72.900000
Saved!
Validation F1: 71.200000
Validation F1: 72.940000
Saved!
Validation F1: 68.510000
Training loss: 2711.345835


Epoch: 14
Validation F1: 70.510000
Validation F1: 71.270000
Validation F1: 70.110000
Validation F1: 66.190000
Validation F1: 70.830000
Validation F1: 71.160000
Training loss: 2641.052769


Epoch: 15
Validation F1: 71.010000
Validation F1: 71.560000
Validation F1: 71.200000
Validation F1: 72.730000
Validation F1: 64.880000
Validation F1: 68.790000
Training loss: 2539.396003


Epoch: 16
Validation F1: 68.740000
Validation F1: 69.810000
Validation F1: 66.460000
Validation F1: 71.770000
Validation F1: 68.830000
Validation F1: 69.670000
Training loss: 2390.615539


Epoch: 17
Validation F1: 70.120000
Validation F1: 70.300000
Validation F1: 69.140000
Validation F1: 70.660000
Validation F1: 68.600000
Validation F1: 70.890000
Training loss: 2307.210295


Epoch: 18
Validation F1: 70.460000
Validation F1: 69.860000
Validation F1: 70.250000
Validation F1: 70.720000
Validation F1: 70.740000
Validation F1: 70.990000
Training loss: 2317.202362


Epoch: 19
Validation F1: 71.350000
Validation F1: 71.020000
Validation F1: 70.220000
Validation F1: 68.630000
Validation F1: 70.450000
Validation F1: 68.050000
Training loss: 2292.048345
New learning rate: 0.014285713966403688


Epoch: 20
Validation F1: 72.940000
Validation F1: 67.540000
Validation F1: 68.380000
Validation F1: 62.730000
Validation F1: 68.980000
Validation F1: 70.780000
Training loss: 2642.662591
New learning rate: 0.01360544225289708


Epoch: 21
Validation F1: 72.940000
Validation F1: 69.070000
Validation F1: 68.300000
Validation F1: 69.030000
Validation F1: 70.410000
Validation F1: 67.760000
Training loss: 2583.967574
New learning rate: 0.01295756371248336


Epoch: 22
Validation F1: 72.940000
Validation F1: 71.410000
Validation F1: 70.810000
Validation F1: 65.550000
Validation F1: 67.220000
Validation F1: 71.260000
Training loss: 2594.369406
New learning rate: 0.012340536784558069


Epoch: 23
Validation F1: 72.940000
Validation F1: 67.710000
Validation F1: 70.160000
Validation F1: 70.890000
Validation F1: 71.040000
Validation F1: 72.420000
Training loss: 2611.609780
New learning rate: 0.011752891753401074


Epoch: 24
Validation F1: 72.940000
Validation F1: 67.530000
Validation F1: 68.180000
Validation F1: 68.110000
Validation F1: 61.700000
Validation F1: 70.580000
Training loss: 2562.807862
New learning rate: 0.011193229861202693


Epoch: 25
Validation F1: 72.940000
Validation F1: 70.760000
Validation F1: 70.770000
Validation F1: 69.610000
Validation F1: 70.440000
Validation F1: 70.680000
Training loss: 2489.168390
New learning rate: 0.010660218873194285


Epoch: 26
Validation F1: 72.940000
Validation F1: 67.200000
Validation F1: 72.270000
Validation F1: 70.440000
Validation F1: 73.040000
Saved!
Validation F1: 68.530000
Training loss: 2582.080719


Epoch: 27
Validation F1: 67.760000
Validation F1: 72.830000
Validation F1: 68.830000
Validation F1: 69.560000
Validation F1: 69.350000
Validation F1: 71.960000
Training loss: 2369.483400


Epoch: 28
Validation F1: 71.430000
Validation F1: 71.070000
Validation F1: 72.150000
Validation F1: 68.180000
Validation F1: 68.000000
Validation F1: 71.820000
Training loss: 2304.311944


Epoch: 29
Validation F1: 71.840000
Validation F1: 69.110000
Validation F1: 68.390000
Validation F1: 68.970000
Validation F1: 72.490000
Validation F1: 70.340000
Training loss: 2193.892650


Epoch: 30
Validation F1: 70.410000
Validation F1: 65.140000
Validation F1: 67.650000
Validation F1: 68.530000
Validation F1: 70.360000
Validation F1: 70.850000
Training loss: 2177.993401


Epoch: 31
Validation F1: 70.520000
Validation F1: 70.540000
Validation F1: 69.960000
Validation F1: 69.090000
Validation F1: 68.090000
Validation F1: 69.360000
Training loss: 2144.528860


Epoch: 32
Validation F1: 68.900000
Validation F1: 69.210000
Validation F1: 70.600000
Validation F1: 67.030000
Validation F1: 67.140000
Validation F1: 69.120000
Training loss: 2149.806963
New learning rate: 0.010152589529752731


Epoch: 33
Validation F1: 73.040000
Validation F1: 71.140000
Validation F1: 65.140000
Validation F1: 65.480000
Validation F1: 66.340000
Validation F1: 71.680000
Training loss: 2428.291714
New learning rate: 0.009669132885478791


Epoch: 34
Validation F1: 73.040000
Validation F1: 73.630000
Saved!
Validation F1: 67.000000
Validation F1: 71.410000
Validation F1: 69.000000
Validation F1: 66.800000
Training loss: 2389.774081


Epoch: 35
Validation F1: 64.320000
Validation F1: 70.130000
Validation F1: 71.030000
Validation F1: 70.620000
Validation F1: 71.570000
Validation F1: 68.670000
Training loss: 2354.688019


Epoch: 36
Validation F1: 68.970000
Validation F1: 64.050000
Validation F1: 71.860000
Validation F1: 71.210000
Validation F1: 69.470000
Validation F1: 70.730000
Training loss: 2300.734462


Epoch: 37
Validation F1: 70.600000
Validation F1: 71.660000
Validation F1: 68.680000
Validation F1: 67.070000
Validation F1: 67.510000
Validation F1: 70.680000
Training loss: 2197.958825


Epoch: 38
Validation F1: 69.770000
Validation F1: 69.870000
Validation F1: 67.240000
Validation F1: 67.380000
Validation F1: 68.690000
Validation F1: 69.340000
Training loss: 2145.746325


Epoch: 39
Validation F1: 68.670000
Validation F1: 67.900000
Validation F1: 69.710000
Validation F1: 66.990000
Validation F1: 68.970000
Validation F1: 68.490000
Training loss: 2107.401793


Epoch: 40
Validation F1: 69.170000
Validation F1: 70.890000
Validation F1: 70.590000
Validation F1: 70.720000
Validation F1: 70.360000
Validation F1: 68.390000
Training loss: 2054.958057
New learning rate: 0.009208697648275466


Epoch: 41
Validation F1: 73.630000
Validation F1: 69.000000
Validation F1: 68.910000
Validation F1: 70.240000
Validation F1: 70.600000
Validation F1: 69.640000
Training loss: 2367.582499
New learning rate: 0.00877018840540023


Epoch: 42
Validation F1: 73.630000
Validation F1: 64.500000
Validation F1: 71.250000
Validation F1: 70.920000
Validation F1: 67.840000
Validation F1: 70.160000
Training loss: 2409.646507
New learning rate: 0.008352560301621754


Epoch: 43
Validation F1: 73.630000
Validation F1: 68.420000
Validation F1: 70.400000
Validation F1: 67.000000
Validation F1: 69.770000
Validation F1: 70.880000
Training loss: 2398.236208
New learning rate: 0.007954819039219902


Epoch: 44
Validation F1: 73.630000
Validation F1: 70.490000
Validation F1: 70.600000
Validation F1: 72.140000
Validation F1: 71.120000
Validation F1: 72.860000
Training loss: 2354.794672
New learning rate: 0.007576018217064085


Epoch: 45
Validation F1: 73.630000
Validation F1: 68.690000
Validation F1: 71.740000
Validation F1: 71.860000
Validation F1: 70.350000
Validation F1: 71.430000
Training loss: 2428.126485
New learning rate: 0.0072152553392308095


Epoch: 46
Validation F1: 73.630000
Validation F1: 69.870000
Validation F1: 70.230000
Validation F1: 70.360000
Validation F1: 69.780000
Validation F1: 71.440000
Training loss: 2353.793436
New learning rate: 0.006871671815003667


Epoch: 47
Validation F1: 73.630000
Validation F1: 69.790000
Validation F1: 63.960000
Validation F1: 71.530000
Validation F1: 71.170000
Validation F1: 71.600000
Training loss: 2382.855498
New learning rate: 0.006544449410977818


Epoch: 48
Validation F1: 73.630000
Validation F1: 69.150000
Validation F1: 70.600000
Validation F1: 71.150000
Validation F1: 69.710000
Validation F1: 68.160000
Training loss: 2332.195262
New learning rate: 0.006232808920599165


Epoch: 49
Validation F1: 73.630000
Validation F1: 64.130000
Validation F1: 71.600000
Validation F1: 64.710000
Validation F1: 72.330000
Validation F1: 70.160000
Training loss: 2343.819812
New learning rate: 0.0059360083902166


Training time: 7130.7366

Test F1: 63.140000

