Namespace(autoencoder=True, batch_size=16, crf_feats=False, dev='news/luo/dev.txt', dev_feats='news/luo/dev.txt.softgazfeats.npz', embed=128, feat_func='tanh', lr=0.015, lstm_feats=False, no_decay=False, output_name='news_luo_model', restart=False, test='news/luo/test.txt', test_feats='news/luo/test.txt.softgazfeats.npz', testing=False, train='news/luo/train.txt', train_feats='news/luo/train.txt.softgazfeats.npz', trainer='sgd', word_hidden_size=256)

Epoch: 0
Validation F1: 1.150000
Saved!
Validation F1: 0.000000
Validation F1: 0.000000
Validation F1: 0.000000
Validation F1: 0.000000
Validation F1: 0.000000
Training loss: 12938.832878


Epoch: 1
Validation F1: 0.000000
Validation F1: 0.000000
Validation F1: 0.000000
Validation F1: 0.000000
Validation F1: 0.000000
Validation F1: 0.000000
Training loss: 8915.655098


Epoch: 2
Validation F1: 0.000000
Validation F1: 0.000000
Validation F1: 0.000000
Validation F1: 0.000000
Validation F1: 0.000000
Validation F1: 0.000000
Training loss: 9025.891411


Epoch: 3
Validation F1: 0.000000
Validation F1: 3.350000
Saved!
Validation F1: 0.000000
Validation F1: 0.000000
Validation F1: 0.000000
Validation F1: 0.000000
Training loss: 7629.653999


Epoch: 4
Validation F1: 0.000000
Validation F1: 6.780000
Saved!
Validation F1: 4.440000
Validation F1: 0.000000
Validation F1: 5.780000
Validation F1: 4.490000
Training loss: 7561.833939


Epoch: 5
Validation F1: 4.570000
Validation F1: 6.740000
Validation F1: 6.220000
Validation F1: 5.940000
Validation F1: 10.640000
Saved!
Validation F1: 10.810000
Saved!
Training loss: 5424.600225


Epoch: 6
Validation F1: 14.360000
Saved!
Validation F1: 5.680000
Validation F1: 18.330000
Saved!
Validation F1: 27.500000
Saved!
Validation F1: 19.390000
Validation F1: 23.740000
Training loss: 5986.476759


Epoch: 7
Validation F1: 22.860000
Validation F1: 32.500000
Saved!
Validation F1: 16.730000
Validation F1: 37.690000
Saved!
Validation F1: 34.570000
Validation F1: 33.580000
Training loss: 4478.537645


Epoch: 8
Validation F1: 33.330000
Validation F1: 35.920000
Validation F1: 40.000000
Saved!
Validation F1: 46.890000
Saved!
Validation F1: 42.650000
Validation F1: 45.110000
Training loss: 3765.209205


Epoch: 9
Validation F1: 43.680000
Validation F1: 35.880000
Validation F1: 47.410000
Saved!
Validation F1: 45.020000
Validation F1: 41.040000
Validation F1: 44.040000
Training loss: 3639.410347


Epoch: 10
Validation F1: 43.220000
Validation F1: 48.080000
Saved!
Validation F1: 43.850000
Validation F1: 51.450000
Saved!
Validation F1: 51.990000
Saved!
Validation F1: 48.280000
Training loss: 3353.454292


Epoch: 11
Validation F1: 46.270000
Validation F1: 43.680000
Validation F1: 50.710000
Validation F1: 53.180000
Saved!
Validation F1: 55.430000
Saved!
Validation F1: 46.840000
Training loss: 3085.703449


Epoch: 12
Validation F1: 47.010000
Validation F1: 52.710000
Validation F1: 50.970000
Validation F1: 51.130000
Validation F1: 54.480000
Validation F1: 53.530000
Training loss: 2917.537720


Epoch: 13
Validation F1: 54.680000
Validation F1: 52.940000
Validation F1: 56.830000
Saved!
Validation F1: 50.580000
Validation F1: 55.220000
Validation F1: 57.840000
Saved!
Training loss: 2632.629320


Epoch: 14
Validation F1: 57.140000
Validation F1: 50.940000
Validation F1: 52.590000
Validation F1: 57.250000
Validation F1: 57.970000
Saved!
Validation F1: 52.240000
Training loss: 2561.075503


Epoch: 15
Validation F1: 43.850000
Validation F1: 56.830000
Validation F1: 49.080000
Validation F1: 57.250000
Validation F1: 54.300000
Validation F1: 50.000000
Training loss: 2397.129544


Epoch: 16
Validation F1: 48.250000
Validation F1: 60.870000
Saved!
Validation F1: 52.630000
Validation F1: 56.300000
Validation F1: 58.330000
Validation F1: 60.220000
Training loss: 2263.520178


Epoch: 17
Validation F1: 57.560000
Validation F1: 53.680000
Validation F1: 59.560000
Validation F1: 60.450000
Validation F1: 60.810000
Validation F1: 57.970000
Training loss: 2192.961542


Epoch: 18
Validation F1: 57.970000
Validation F1: 59.210000
Validation F1: 59.210000
Validation F1: 61.090000
Saved!
Validation F1: 56.640000
Validation F1: 60.360000
Training loss: 1958.667418


Epoch: 19
Validation F1: 62.370000
Saved!
Validation F1: 60.070000
Validation F1: 56.300000
Validation F1: 60.520000
Validation F1: 60.810000
Validation F1: 59.640000
Training loss: 1912.090026


Epoch: 20
Validation F1: 60.430000
Validation F1: 59.040000
Validation F1: 57.450000
Validation F1: 59.500000
Validation F1: 61.950000
Validation F1: 62.770000
Saved!
Training loss: 1863.079630


Epoch: 21
Validation F1: 61.820000
Validation F1: 58.570000
Validation F1: 63.350000
Saved!
Validation F1: 63.920000
Saved!
Validation F1: 60.870000
Validation F1: 56.860000
Training loss: 1649.069198


Epoch: 22
Validation F1: 59.800000
Validation F1: 57.760000
Validation F1: 63.160000
Validation F1: 64.490000
Saved!
Validation F1: 64.490000
Validation F1: 63.640000
Training loss: 1656.562668


Epoch: 23
Validation F1: 62.500000
Validation F1: 60.220000
Validation F1: 57.640000
Validation F1: 62.090000
Validation F1: 63.540000
Validation F1: 63.830000
Training loss: 1519.839514


Epoch: 24
Validation F1: 64.770000
Saved!
Validation F1: 63.350000
Validation F1: 62.320000
Validation F1: 61.540000
Validation F1: 61.760000
Validation F1: 68.690000
Saved!
Training loss: 1352.789264


Epoch: 25
Validation F1: 68.240000
Validation F1: 61.820000
Validation F1: 63.770000
Validation F1: 61.870000
Validation F1: 65.710000
Validation F1: 63.310000
Training loss: 1278.010527


Epoch: 26
Validation F1: 63.310000
Validation F1: 61.150000
Validation F1: 66.190000
Validation F1: 57.250000
Validation F1: 63.160000
Validation F1: 63.040000
Training loss: 1275.587698


Epoch: 27
Validation F1: 62.320000
Validation F1: 64.580000
Validation F1: 65.970000
Validation F1: 65.480000
Validation F1: 66.430000
Validation F1: 60.350000
Training loss: 1168.696907


Epoch: 28
Validation F1: 60.070000
Validation F1: 61.590000
Validation F1: 62.900000
Validation F1: 63.310000
Validation F1: 65.260000
Validation F1: 65.260000
Training loss: 1126.016356


Epoch: 29
Validation F1: 64.790000
Validation F1: 63.540000
Validation F1: 60.780000
Validation F1: 62.090000
Validation F1: 62.020000
Validation F1: 64.600000
Training loss: 1112.873842


Epoch: 30
Validation F1: 65.290000
Validation F1: 60.840000
Validation F1: 60.560000
Validation F1: 60.960000
Validation F1: 62.410000
Validation F1: 67.600000
Training loss: 1058.133973
New learning rate: 0.014285713966403688


Epoch: 31
Validation F1: 68.690000
Validation F1: 61.760000
Validation F1: 62.860000
Validation F1: 65.230000
Validation F1: 61.920000
Validation F1: 63.200000
Training loss: 1404.804406
New learning rate: 0.01360544225289708


Epoch: 32
Validation F1: 68.690000
Validation F1: 62.500000
Validation F1: 65.070000
Validation F1: 64.490000
Validation F1: 65.000000
Validation F1: 64.540000
Training loss: 1316.114626
New learning rate: 0.01295756371248336


Epoch: 33
Validation F1: 68.690000
Validation F1: 62.450000
Validation F1: 65.510000
Validation F1: 64.490000
Validation F1: 59.420000
Validation F1: 67.860000
Training loss: 1437.777191
New learning rate: 0.012340536784558069


Epoch: 34
Validation F1: 68.690000
Validation F1: 65.690000
Validation F1: 64.260000
Validation F1: 60.560000
Validation F1: 64.980000
Validation F1: 64.340000
Training loss: 1321.240378
New learning rate: 0.011752891753401074


Epoch: 35
Validation F1: 68.690000
Validation F1: 63.970000
Validation F1: 63.740000
Validation F1: 65.700000
Validation F1: 66.180000
Validation F1: 66.200000
Training loss: 1316.996699
New learning rate: 0.011193229861202693


Epoch: 36
Validation F1: 68.690000
Validation F1: 59.120000
Validation F1: 62.320000
Validation F1: 62.040000
Validation F1: 62.320000
Validation F1: 67.600000
Training loss: 1313.794137
New learning rate: 0.010660218873194285


Epoch: 37
Validation F1: 68.690000
Validation F1: 63.740000
Validation F1: 63.740000
Validation F1: 66.670000
Validation F1: 64.060000
Validation F1: 61.590000
Training loss: 1268.661227
New learning rate: 0.010152589529752731


Epoch: 38
Validation F1: 68.690000
Validation F1: 63.500000
Validation F1: 65.230000
Validation F1: 62.820000
Validation F1: 67.600000
Validation F1: 65.710000
Training loss: 1277.672666
New learning rate: 0.009669132885478791


Epoch: 39
Validation F1: 68.690000
Validation F1: 61.370000
Validation F1: 62.320000
Validation F1: 66.190000
Validation F1: 62.370000
Validation F1: 61.650000
Training loss: 1258.687027
New learning rate: 0.009208697648275466


Epoch: 40
Validation F1: 68.690000
Validation F1: 63.540000
Validation F1: 61.760000
Validation F1: 67.140000
Validation F1: 65.230000
Validation F1: 66.910000
Training loss: 1281.326327
New learning rate: 0.00877018840540023


Epoch: 41
Validation F1: 68.690000
Validation F1: 64.490000
Validation F1: 60.810000
Validation F1: 63.740000
Validation F1: 64.110000
Validation F1: 65.250000
Training loss: 1386.899689
New learning rate: 0.008352560301621754


Epoch: 42
Validation F1: 68.690000
Validation F1: 62.770000
Validation F1: 63.270000
Validation F1: 61.270000
Validation F1: 61.820000
Validation F1: 61.870000
Training loss: 1232.069701
New learning rate: 0.007954819039219902


Epoch: 43
Validation F1: 68.690000
Validation F1: 64.520000
Validation F1: 61.760000
Validation F1: 60.650000
Validation F1: 63.350000
Validation F1: 66.430000
Training loss: 1334.053894
New learning rate: 0.007576018217064085


Epoch: 44
Validation F1: 68.690000
Validation F1: 60.810000
Validation F1: 64.940000
Validation F1: 65.710000
Validation F1: 65.200000
Validation F1: 64.210000
Training loss: 1250.416225
New learning rate: 0.0072152553392308095


Epoch: 45
Validation F1: 68.690000
Validation F1: 65.450000
Validation F1: 59.420000
Validation F1: 62.190000
Validation F1: 63.800000
Validation F1: 65.710000
Training loss: 1316.628672
New learning rate: 0.006871671815003667


Epoch: 46
Validation F1: 68.690000
Validation F1: 65.200000
Validation F1: 62.450000
Validation F1: 66.670000
Validation F1: 63.800000
Validation F1: 64.980000
Training loss: 1329.336812
New learning rate: 0.006544449410977818


Epoch: 47
Validation F1: 68.690000
Validation F1: 64.960000
Validation F1: 65.930000
Validation F1: 63.080000
Validation F1: 63.350000
Validation F1: 64.030000
Training loss: 1354.387904
New learning rate: 0.006232808920599165


Epoch: 48
Validation F1: 68.690000
Validation F1: 63.770000
Validation F1: 65.200000
Validation F1: 60.810000
Validation F1: 63.380000
Validation F1: 64.980000
Training loss: 1295.232899
New learning rate: 0.0059360083902166


Epoch: 49
Validation F1: 68.690000
Validation F1: 63.040000
Validation F1: 63.270000
Validation F1: 62.370000
Validation F1: 63.310000
Validation F1: 63.080000
Training loss: 1258.000945
New learning rate: 0.0056533413451342355


Training time: 1535.7473

Test F1: 66.370000

