Namespace(autoencoder=True, batch_size=16, crf_feats=False, dev='news/igbo/dev.txt', dev_feats='news/igbo/dev.txt.softgazfeats.npz', embed=128, feat_func='tanh', lr=0.015, lstm_feats=False, no_decay=False, output_name='news_igbo_model', restart=False, test='news/igbo/test.txt', test_feats='news/igbo/test.txt.softgazfeats.npz', testing=False, train='news/igbo/train.txt', train_feats='news/igbo/train.txt.softgazfeats.npz', trainer='sgd', word_hidden_size=256)

Epoch: 0
Validation F1: 2.480000
Saved!
Validation F1: 0.000000
Validation F1: 0.000000
Validation F1: 0.000000
Validation F1: 0.000000
Validation F1: 8.380000
Saved!
Training loss: 20036.670994


Epoch: 1
Validation F1: 9.960000
Saved!
Validation F1: 20.700000
Saved!
Validation F1: 47.810000
Saved!
Validation F1: 52.450000
Saved!
Validation F1: 43.490000
Validation F1: 40.580000
Training loss: 9682.655918


Epoch: 2
Validation F1: 56.010000
Saved!
Validation F1: 51.200000
Validation F1: 64.130000
Saved!
Validation F1: 59.550000
Validation F1: 67.750000
Saved!
Validation F1: 65.040000
Training loss: 7093.192663


Epoch: 3
Validation F1: 53.440000
Validation F1: 69.830000
Saved!
Validation F1: 63.770000
Validation F1: 68.430000
Validation F1: 68.190000
Validation F1: 70.740000
Saved!
Training loss: 5831.917782


Epoch: 4
Validation F1: 73.280000
Saved!
Validation F1: 72.940000
Validation F1: 69.630000
Validation F1: 72.150000
Validation F1: 68.250000
Validation F1: 75.820000
Saved!
Training loss: 5179.463000


Epoch: 5
Validation F1: 74.390000
Validation F1: 72.340000
Validation F1: 79.110000
Saved!
Validation F1: 77.060000
Validation F1: 76.720000
Validation F1: 79.260000
Saved!
Training loss: 4487.189270


Epoch: 6
Validation F1: 75.360000
Validation F1: 78.510000
Validation F1: 78.990000
Validation F1: 79.530000
Saved!
Validation F1: 79.370000
Validation F1: 79.670000
Saved!
Training loss: 4000.766132


Epoch: 7
Validation F1: 81.040000
Saved!
Validation F1: 81.910000
Saved!
Validation F1: 81.490000
Validation F1: 80.120000
Validation F1: 80.460000
Validation F1: 82.170000
Saved!
Training loss: 3581.283186


Epoch: 8
Validation F1: 83.380000
Saved!
Validation F1: 81.960000
Validation F1: 84.960000
Saved!
Validation F1: 81.730000
Validation F1: 81.470000
Validation F1: 84.050000
Training loss: 3172.590605


Epoch: 9
Validation F1: 80.850000
Validation F1: 79.720000
Validation F1: 82.580000
Validation F1: 85.370000
Saved!
Validation F1: 86.580000
Saved!
Validation F1: 82.630000
Training loss: 2964.337184


Epoch: 10
Validation F1: 86.150000
Validation F1: 85.830000
Validation F1: 85.950000
Validation F1: 84.820000
Validation F1: 85.390000
Validation F1: 87.420000
Saved!
Training loss: 2552.138258


Epoch: 11
Validation F1: 87.350000
Validation F1: 86.060000
Validation F1: 86.410000
Validation F1: 86.470000
Validation F1: 86.640000
Validation F1: 86.110000
Training loss: 2410.227571


Epoch: 12
Validation F1: 85.540000
Validation F1: 87.860000
Saved!
Validation F1: 85.090000
Validation F1: 86.520000
Validation F1: 86.260000
Validation F1: 86.920000
Training loss: 2162.764048


Epoch: 13
Validation F1: 86.790000
Validation F1: 85.660000
Validation F1: 84.760000
Validation F1: 85.850000
Validation F1: 85.630000
Validation F1: 87.290000
Training loss: 1997.199543


Epoch: 14
Validation F1: 86.250000
Validation F1: 87.810000
Validation F1: 85.690000
Validation F1: 87.660000
Validation F1: 85.310000
Validation F1: 87.040000
Training loss: 1880.953790


Epoch: 15
Validation F1: 87.230000
Validation F1: 86.740000
Validation F1: 85.540000
Validation F1: 86.050000
Validation F1: 87.120000
Validation F1: 84.130000
Training loss: 1806.091371


Epoch: 16
Validation F1: 82.320000
Validation F1: 84.890000
Validation F1: 85.420000
Validation F1: 84.590000
Validation F1: 85.050000
Validation F1: 84.630000
Training loss: 1736.352807


Epoch: 17
Validation F1: 84.850000
Validation F1: 85.190000
Validation F1: 86.030000
Validation F1: 85.370000
Validation F1: 86.690000
Validation F1: 85.340000
Training loss: 1739.938396


Epoch: 18
Validation F1: 84.270000
Validation F1: 85.010000
Validation F1: 86.070000
Validation F1: 84.510000
Validation F1: 85.270000
Validation F1: 86.000000
Training loss: 1625.537949
New learning rate: 0.014285713966403688


Epoch: 19
Validation F1: 87.860000
Validation F1: 82.440000
Validation F1: 87.810000
Validation F1: 85.600000
Validation F1: 83.280000
Validation F1: 80.640000
Training loss: 2172.145293
New learning rate: 0.01360544225289708


Epoch: 20
Validation F1: 87.860000
Validation F1: 85.600000
Validation F1: 87.070000
Validation F1: 85.110000
Validation F1: 85.550000
Validation F1: 86.630000
Training loss: 2096.498691
New learning rate: 0.01295756371248336


Epoch: 21
Validation F1: 87.860000
Validation F1: 87.290000
Validation F1: 87.960000
Saved!
Validation F1: 87.880000
Validation F1: 85.100000
Validation F1: 85.830000
Training loss: 2126.737831


Epoch: 22
Validation F1: 85.970000
Validation F1: 86.550000
Validation F1: 86.270000
Validation F1: 85.450000
Validation F1: 86.390000
Validation F1: 84.830000
Training loss: 1933.800247


Epoch: 23
Validation F1: 84.410000
Validation F1: 84.320000
Validation F1: 86.230000
Validation F1: 85.660000
Validation F1: 85.830000
Validation F1: 85.420000
Training loss: 1834.371636


Epoch: 24
Validation F1: 84.500000
Validation F1: 85.430000
Validation F1: 84.390000
Validation F1: 84.870000
Validation F1: 83.920000
Validation F1: 86.100000
Training loss: 1746.481413


Epoch: 25
Validation F1: 86.260000
Validation F1: 86.320000
Validation F1: 87.050000
Validation F1: 87.190000
Validation F1: 86.260000
Validation F1: 83.020000
Training loss: 1685.086504


Epoch: 26
Validation F1: 82.160000
Validation F1: 85.630000
Validation F1: 87.690000
Validation F1: 85.630000
Validation F1: 85.660000
Validation F1: 85.770000
Training loss: 1631.937062


Epoch: 27
Validation F1: 83.250000
Validation F1: 86.430000
Validation F1: 84.330000
Validation F1: 85.920000
Validation F1: 86.120000
Validation F1: 86.250000
Training loss: 1631.609349
New learning rate: 0.012340536784558069


Epoch: 28
Validation F1: 87.960000
Validation F1: 84.490000
Validation F1: 85.890000
Validation F1: 87.120000
Validation F1: 86.830000
Validation F1: 87.040000
Training loss: 2067.339958
New learning rate: 0.011752891753401074


Epoch: 29
Validation F1: 87.960000
Validation F1: 85.180000
Validation F1: 86.160000
Validation F1: 86.660000
Validation F1: 87.680000
Validation F1: 85.710000
Training loss: 2029.395620
New learning rate: 0.011193229861202693


Epoch: 30
Validation F1: 87.960000
Validation F1: 86.270000
Validation F1: 85.800000
Validation F1: 83.090000
Validation F1: 86.170000
Validation F1: 86.970000
Training loss: 2009.028557
New learning rate: 0.010660218873194285


Epoch: 31
Validation F1: 87.960000
Validation F1: 84.840000
Validation F1: 84.750000
Validation F1: 84.560000
Validation F1: 86.760000
Validation F1: 85.570000
Training loss: 1957.401240
New learning rate: 0.010152589529752731


Epoch: 32
Validation F1: 87.960000
Validation F1: 87.110000
Validation F1: 84.660000
Validation F1: 86.000000
Validation F1: 87.200000
Validation F1: 87.390000
Training loss: 1960.371088
New learning rate: 0.009669132885478791


Epoch: 33
Validation F1: 87.960000
Validation F1: 86.350000
Validation F1: 86.060000
Validation F1: 87.010000
Validation F1: 85.950000
Validation F1: 85.110000
Training loss: 1985.812603
New learning rate: 0.009208697648275466


Epoch: 34
Validation F1: 87.960000
Validation F1: 85.800000
Validation F1: 87.750000
Validation F1: 85.220000
Validation F1: 87.060000
Validation F1: 87.000000
Training loss: 1972.457771
New learning rate: 0.00877018840540023


Epoch: 35
Validation F1: 87.960000
Validation F1: 85.300000
Validation F1: 86.860000
Validation F1: 85.740000
Validation F1: 87.110000
Validation F1: 87.690000
Training loss: 1994.466595
New learning rate: 0.008352560301621754


Epoch: 36
Validation F1: 87.960000
Validation F1: 86.140000
Validation F1: 86.530000
Validation F1: 87.700000
Validation F1: 86.030000
Validation F1: 86.590000
Training loss: 1952.286752
New learning rate: 0.007954819039219902


Epoch: 37
Validation F1: 87.960000
Validation F1: 83.810000
Validation F1: 86.420000
Validation F1: 85.600000
Validation F1: 86.150000
Validation F1: 86.940000
Training loss: 1931.942873
New learning rate: 0.007576018217064085


Epoch: 38
Validation F1: 87.960000
Validation F1: 87.340000
Validation F1: 87.230000
Validation F1: 87.260000
Validation F1: 88.240000
Saved!
Validation F1: 87.750000
Training loss: 1944.763311


Epoch: 39
Validation F1: 87.780000
Validation F1: 87.340000
Validation F1: 87.250000
Validation F1: 85.860000
Validation F1: 88.340000
Saved!
Validation F1: 88.100000
Training loss: 1814.723714


Epoch: 40
Validation F1: 87.270000
Validation F1: 84.820000
Validation F1: 87.150000
Validation F1: 86.220000
Validation F1: 87.410000
Validation F1: 87.000000
Training loss: 1697.564757


Epoch: 41
Validation F1: 86.740000
Validation F1: 87.950000
Validation F1: 86.170000
Validation F1: 85.350000
Validation F1: 86.850000
Validation F1: 85.450000
Training loss: 1639.256751


Epoch: 42
Validation F1: 85.630000
Validation F1: 87.710000
Validation F1: 86.300000
Validation F1: 86.610000
Validation F1: 87.330000
Validation F1: 86.190000
Training loss: 1622.086248


Epoch: 43
Validation F1: 86.350000
Validation F1: 86.470000
Validation F1: 85.710000
Validation F1: 87.470000
Validation F1: 86.590000
Validation F1: 87.450000
Training loss: 1599.688389


Epoch: 44
Validation F1: 87.540000
Validation F1: 86.590000
Validation F1: 86.060000
Validation F1: 85.570000
Validation F1: 85.160000
Validation F1: 86.390000
Training loss: 1566.483789


Epoch: 45
Validation F1: 86.480000
Validation F1: 84.440000
Validation F1: 84.460000
Validation F1: 86.890000
Validation F1: 86.310000
Validation F1: 86.220000
Training loss: 1547.534209
New learning rate: 0.0072152553392308095


Epoch: 46
Validation F1: 88.340000
Validation F1: 87.810000
Validation F1: 87.250000
Validation F1: 87.150000
Validation F1: 84.250000
Validation F1: 83.960000
Training loss: 1734.619476
New learning rate: 0.006871671815003667


Epoch: 47
Validation F1: 88.340000
Validation F1: 86.980000
Validation F1: 87.940000
Validation F1: 87.720000
Validation F1: 87.370000
Validation F1: 85.740000
Training loss: 1714.475682
New learning rate: 0.006544449410977818


Epoch: 48
Validation F1: 88.340000
Validation F1: 87.070000
Validation F1: 86.670000
Validation F1: 87.360000
Validation F1: 83.780000
Validation F1: 86.750000
Training loss: 1720.775376
New learning rate: 0.006232808920599165


Epoch: 49
Validation F1: 88.340000
Validation F1: 87.320000
Validation F1: 87.580000
Validation F1: 86.970000
Validation F1: 87.180000
Validation F1: 87.180000
Training loss: 1714.610655
New learning rate: 0.0059360083902166


Training time: 4291.1852

Test F1: 81.970000

