Namespace(autoencoder=True, batch_size=16, crf_feats=False, dev='data/swa/dev.txt', dev_feats='data/swa/dev.txt.softgazfeats.npz', embed=128, feat_func='tanh', lr=0.015, lstm_feats=False, no_decay=False, output_name='swa_model', restart=False, test='data/swa/test.txt', test_feats='data/swa/test.txt.softgazfeats.npz', testing=False, train='data/swa/train.txt', train_feats='data/swa/train.txt.softgazfeats.npz', trainer='sgd', word_hidden_size=256)

Epoch: 0
Validation F1: 1.260000
Saved!
Validation F1: 0.000000
Validation F1: 0.000000
Validation F1: 0.000000
Validation F1: 0.590000
Validation F1: 0.520000
Training loss: 37365.741570


Epoch: 1
Validation F1: 0.590000
Validation F1: 2.520000
Saved!
Validation F1: 19.720000
Saved!
Validation F1: 17.170000
Validation F1: 19.870000
Saved!
Validation F1: 27.970000
Saved!
Training loss: 25712.165039


Epoch: 2
Validation F1: 35.940000
Saved!
Validation F1: 40.190000
Saved!
Validation F1: 41.400000
Saved!
Validation F1: 40.180000
Validation F1: 46.090000
Saved!
Validation F1: 30.990000
Training loss: 18239.778297


Epoch: 3
Validation F1: 32.180000
Validation F1: 51.050000
Saved!
Validation F1: 41.100000
Validation F1: 51.000000
Validation F1: 56.960000
Saved!
Validation F1: 59.250000
Saved!
Training loss: 14562.101154


Epoch: 4
Validation F1: 57.930000
Validation F1: 57.740000
Validation F1: 62.620000
Saved!
Validation F1: 63.030000
Saved!
Validation F1: 64.840000
Saved!
Validation F1: 66.200000
Saved!
Training loss: 12294.355671


Epoch: 5
Validation F1: 69.690000
Saved!
Validation F1: 70.390000
Saved!
Validation F1: 69.290000
Validation F1: 67.620000
Validation F1: 70.840000
Saved!
Validation F1: 71.090000
Saved!
Training loss: 10618.391354


Epoch: 6
Validation F1: 67.260000
Validation F1: 70.430000
Validation F1: 78.510000
Saved!
Validation F1: 69.610000
Validation F1: 73.270000
Validation F1: 73.300000
Training loss: 9601.104883


Epoch: 7
Validation F1: 74.730000
Validation F1: 80.390000
Saved!
Validation F1: 79.070000
Validation F1: 79.380000
Validation F1: 76.590000
Validation F1: 79.760000
Training loss: 8619.920805


Epoch: 8
Validation F1: 80.460000
Saved!
Validation F1: 78.590000
Validation F1: 79.780000
Validation F1: 80.120000
Validation F1: 79.160000
Validation F1: 78.350000
Training loss: 7966.852245


Epoch: 9
Validation F1: 76.720000
Validation F1: 77.990000
Validation F1: 78.150000
Validation F1: 81.030000
Saved!
Validation F1: 79.170000
Validation F1: 80.680000
Training loss: 7269.594349


Epoch: 10
Validation F1: 79.450000
Validation F1: 79.740000
Validation F1: 77.370000
Validation F1: 80.620000
Validation F1: 81.410000
Saved!
Validation F1: 78.400000
Training loss: 6675.716581


Epoch: 11
Validation F1: 80.670000
Validation F1: 81.460000
Saved!
Validation F1: 80.770000
Validation F1: 80.390000
Validation F1: 83.460000
Saved!
Validation F1: 81.600000
Training loss: 6495.899662


Epoch: 12
Validation F1: 82.380000
Validation F1: 82.710000
Validation F1: 81.800000
Validation F1: 81.040000
Validation F1: 76.280000
Validation F1: 81.190000
Training loss: 6205.663361


Epoch: 13
Validation F1: 81.610000
Validation F1: 79.760000
Validation F1: 82.410000
Validation F1: 81.800000
Validation F1: 83.310000
Validation F1: 82.370000
Training loss: 5719.473564


Epoch: 14
Validation F1: 82.830000
Validation F1: 83.350000
Validation F1: 80.480000
Validation F1: 80.390000
Validation F1: 78.520000
Validation F1: 82.640000
Training loss: 5591.088777


Epoch: 15
Validation F1: 83.270000
Validation F1: 82.210000
Validation F1: 81.400000
Validation F1: 83.060000
Validation F1: 77.160000
Validation F1: 81.420000
Training loss: 5303.885716


Epoch: 16
Validation F1: 81.540000
Validation F1: 82.770000
Validation F1: 82.510000
Validation F1: 84.040000
Saved!
Validation F1: 82.750000
Validation F1: 76.580000
Training loss: 5222.323131


Epoch: 17
Validation F1: 79.670000
Validation F1: 82.740000
Validation F1: 80.380000
Validation F1: 80.800000
Validation F1: 79.360000
Validation F1: 81.130000
Training loss: 4996.024983


Epoch: 18
Validation F1: 82.570000
Validation F1: 82.440000
Validation F1: 80.940000
Validation F1: 82.620000
Validation F1: 81.930000
Validation F1: 82.840000
Training loss: 4807.339497


Epoch: 19
Validation F1: 83.020000
Validation F1: 82.300000
Validation F1: 82.010000
Validation F1: 76.990000
Validation F1: 82.790000
Validation F1: 77.740000
Training loss: 4841.458247


Epoch: 20
Validation F1: 77.690000
Validation F1: 80.770000
Validation F1: 82.320000
Validation F1: 81.910000
Validation F1: 81.780000
Validation F1: 80.940000
Training loss: 4696.439793


Epoch: 21
Validation F1: 81.920000
Validation F1: 80.770000
Validation F1: 81.070000
Validation F1: 81.160000
Validation F1: 79.040000
Validation F1: 82.490000
Training loss: 4558.614069


Epoch: 22
Validation F1: 83.090000
Validation F1: 82.830000
Validation F1: 82.480000
Validation F1: 79.640000
Validation F1: 80.870000
Validation F1: 80.730000
Training loss: 4545.518568
New learning rate: 0.014285713966403688


Epoch: 23
Validation F1: 84.040000
Validation F1: 80.060000
Validation F1: 77.710000
Validation F1: 80.800000
Validation F1: 83.490000
Validation F1: 81.400000
Training loss: 5065.142918
New learning rate: 0.01360544225289708


Epoch: 24
Validation F1: 84.040000
Validation F1: 81.350000
Validation F1: 83.530000
Validation F1: 80.990000
Validation F1: 81.240000
Validation F1: 82.840000
Training loss: 4982.989987
New learning rate: 0.01295756371248336


Epoch: 25
Validation F1: 84.040000
Validation F1: 82.890000
Validation F1: 81.780000
Validation F1: 82.460000
Validation F1: 82.650000
Validation F1: 81.860000
Training loss: 4871.836954
New learning rate: 0.012340536784558069


Epoch: 26
Validation F1: 84.040000
Validation F1: 82.180000
Validation F1: 81.660000
Validation F1: 82.740000
Validation F1: 81.310000
Validation F1: 80.180000
Training loss: 4840.684803
New learning rate: 0.011752891753401074


Epoch: 27
Validation F1: 84.040000
Validation F1: 83.310000
Validation F1: 82.930000
Validation F1: 80.520000
Validation F1: 81.760000
Validation F1: 81.640000
Training loss: 4828.359878
New learning rate: 0.011193229861202693


Epoch: 28
Validation F1: 84.040000
Validation F1: 81.560000
Validation F1: 82.170000
Validation F1: 80.860000
Validation F1: 81.930000
Validation F1: 83.100000
Training loss: 4946.461809
New learning rate: 0.010660218873194285


Epoch: 29
Validation F1: 84.040000
Validation F1: 81.600000
Validation F1: 80.420000
Validation F1: 81.290000
Validation F1: 82.790000
Validation F1: 83.800000
Training loss: 4879.700071
New learning rate: 0.010152589529752731


Epoch: 30
Validation F1: 84.040000
Validation F1: 83.800000
Validation F1: 77.660000
Validation F1: 80.330000
Validation F1: 81.980000
Validation F1: 81.250000
Training loss: 4883.114027
New learning rate: 0.009669132885478791


Epoch: 31
Validation F1: 84.040000
Validation F1: 82.280000
Validation F1: 82.340000
Validation F1: 83.270000
Validation F1: 83.130000
Validation F1: 80.590000
Training loss: 4779.594293
New learning rate: 0.009208697648275466


Epoch: 32
Validation F1: 84.040000
Validation F1: 81.670000
Validation F1: 82.930000
Validation F1: 81.640000
Validation F1: 82.140000
Validation F1: 82.240000
Training loss: 4847.804445
New learning rate: 0.00877018840540023


Epoch: 33
Validation F1: 84.040000
Validation F1: 83.640000
Validation F1: 81.400000
Validation F1: 82.340000
Validation F1: 82.430000
Validation F1: 83.410000
Training loss: 4783.163369
New learning rate: 0.008352560301621754


Epoch: 34
Validation F1: 84.040000
Validation F1: 80.760000
Validation F1: 83.240000
Validation F1: 82.150000
Validation F1: 82.510000
Validation F1: 83.510000
Training loss: 4819.678888
New learning rate: 0.007954819039219902


Epoch: 35
Validation F1: 84.040000
Validation F1: 82.800000
Validation F1: 83.410000
Validation F1: 82.590000
Validation F1: 81.090000
Validation F1: 84.630000
Saved!
Training loss: 4816.829824


Epoch: 36
Validation F1: 84.390000
Validation F1: 82.160000
Validation F1: 81.370000
Validation F1: 78.920000
Validation F1: 81.020000
Validation F1: 80.540000
Training loss: 4638.631257


Epoch: 37
Validation F1: 81.930000
Validation F1: 83.180000
Validation F1: 83.080000
Validation F1: 80.510000
Validation F1: 81.580000
Validation F1: 83.730000
Training loss: 4542.499702


Epoch: 38
Validation F1: 82.980000
Validation F1: 82.990000
Validation F1: 82.570000
Validation F1: 82.880000
Validation F1: 82.900000
Validation F1: 81.210000
Training loss: 4429.896674


Epoch: 39
Validation F1: 82.110000
Validation F1: 81.360000
Validation F1: 82.220000
Validation F1: 81.680000
Validation F1: 81.030000
Validation F1: 81.110000
Training loss: 4402.946365


Epoch: 40
Validation F1: 81.870000
Validation F1: 82.430000
Validation F1: 80.800000
Validation F1: 83.670000
Validation F1: 81.740000
Validation F1: 82.000000
Training loss: 4287.718155


Epoch: 41
Validation F1: 80.420000
Validation F1: 80.710000
Validation F1: 82.330000
Validation F1: 83.560000
Validation F1: 81.200000
Validation F1: 79.460000
Training loss: 4266.073982
New learning rate: 0.007576018217064085


Epoch: 42
Validation F1: 84.630000
Validation F1: 84.950000
Saved!
Validation F1: 84.090000
Validation F1: 82.820000
Validation F1: 81.850000
Validation F1: 81.370000
Training loss: 4662.464075


Epoch: 43
Validation F1: 80.790000
Validation F1: 80.570000
Validation F1: 83.370000
Validation F1: 82.650000
Validation F1: 81.910000
Validation F1: 81.090000
Training loss: 4510.532673


Epoch: 44
Validation F1: 81.060000
Validation F1: 82.210000
Validation F1: 81.260000
Validation F1: 81.500000
Validation F1: 82.070000
Validation F1: 79.970000
Training loss: 4459.486322


Epoch: 45
Validation F1: 80.270000
Validation F1: 78.990000
Validation F1: 82.090000
Validation F1: 80.280000
Validation F1: 81.490000
Validation F1: 82.370000
Training loss: 4449.758970


Epoch: 46
Validation F1: 82.090000
Validation F1: 80.760000
Validation F1: 82.770000
Validation F1: 80.660000
Validation F1: 83.830000
Validation F1: 81.800000
Training loss: 4245.323788


Epoch: 47
Validation F1: 81.670000
Validation F1: 82.170000
Validation F1: 82.370000
Validation F1: 81.020000
Validation F1: 83.180000
Validation F1: 81.310000
Training loss: 4210.666654


Epoch: 48
Validation F1: 82.160000
Validation F1: 80.150000
Validation F1: 81.540000
Validation F1: 80.430000
Validation F1: 81.140000
Validation F1: 80.700000
Training loss: 4232.654040
New learning rate: 0.0072152553392308095


Epoch: 49
Validation F1: 84.950000
Validation F1: 83.510000
Validation F1: 83.380000
Validation F1: 81.180000
Validation F1: 82.650000
Validation F1: 81.690000
Training loss: 4636.212643
New learning rate: 0.006871671815003667


Training time: 5506.5438

Test F1: 79.020000

