Namespace(autoencoder=True, batch_size=16, crf_feats=True, dev='news/swahili/dev.txt', dev_feats='news/swahili/dev.txt.softgazfeats.npz', embed=128, feat_func='tanh', lr=0.015, lstm_feats=True, no_decay=False, output_name='news_swahili_model_bi', restart=False, test='news/swahili/test.txt', test_feats='news/swahili/test.txt.softgazfeats.npz', testing=False, train='news/swahili/train.txt', train_feats='news/swahili/train.txt.softgazfeats.npz', trainer='sgd', word_hidden_size=256)

Epoch: 0
Validation F1: 0.570000
Saved!
Validation F1: 0.000000
Validation F1: 25.650000
Saved!
Validation F1: 2.290000
Validation F1: 2.630000
Validation F1: 45.270000
Saved!
Training loss: 34789.459465


Epoch: 1
Validation F1: 34.960000
Validation F1: 2.840000
Validation F1: 8.790000
Validation F1: 12.370000
Validation F1: 45.930000
Saved!
Validation F1: 11.420000
Training loss: 30497.259720


Epoch: 2
Validation F1: 16.270000
Validation F1: 1.690000
Validation F1: 47.050000
Saved!
Validation F1: 0.660000
Validation F1: 47.720000
Saved!
Validation F1: 20.990000
Training loss: 22900.119778


Epoch: 3
Validation F1: 11.270000
Validation F1: 9.100000
Validation F1: 47.690000
Validation F1: 50.580000
Saved!
Validation F1: 23.070000
Validation F1: 29.730000
Training loss: 20545.830505


Epoch: 4
Validation F1: 54.400000
Saved!
Validation F1: 16.590000
Validation F1: 32.300000
Validation F1: 42.680000
Validation F1: 32.040000
Validation F1: 58.290000
Saved!
Training loss: 18708.072624


Epoch: 5
Validation F1: 41.930000
Validation F1: 57.060000
Validation F1: 46.190000
Validation F1: 57.460000
Validation F1: 58.720000
Saved!
Validation F1: 55.480000
Training loss: 15361.231888


Epoch: 6
Validation F1: 62.870000
Saved!
Validation F1: 61.910000
Validation F1: 62.550000
Validation F1: 70.680000
Saved!
Validation F1: 66.470000
Validation F1: 68.780000
Training loss: 9621.492010


Epoch: 7
Validation F1: 59.380000
Validation F1: 58.190000
Validation F1: 52.580000
Validation F1: 71.510000
Saved!
Validation F1: 75.690000
Saved!
Validation F1: 63.080000
Training loss: 9682.252363


Epoch: 8
Validation F1: 66.090000
Validation F1: 58.100000
Validation F1: 76.160000
Saved!
Validation F1: 72.740000
Validation F1: 67.900000
Validation F1: 69.510000
Training loss: 7558.049814


Epoch: 9
Validation F1: 77.870000
Saved!
Validation F1: 60.350000
Validation F1: 66.930000
Validation F1: 74.770000
Validation F1: 77.080000
Validation F1: 76.900000
Training loss: 7333.507761


Epoch: 10
Validation F1: 71.730000
Validation F1: 47.200000
Validation F1: 73.210000
Validation F1: 79.270000
Saved!
Validation F1: 77.830000
Validation F1: 72.710000
Training loss: 6868.560514


Epoch: 11
Validation F1: 75.090000
Validation F1: 65.030000
Validation F1: 73.020000
Validation F1: 80.070000
Saved!
Validation F1: 78.910000
Validation F1: 77.450000
Training loss: 6039.505645


Epoch: 12
Validation F1: 78.520000
Validation F1: 77.210000
Validation F1: 78.820000
Validation F1: 79.820000
Validation F1: 80.680000
Saved!
Validation F1: 74.170000
Training loss: 5271.173100


Epoch: 13
Validation F1: 82.100000
Saved!
Validation F1: 73.840000
Validation F1: 81.530000
Validation F1: 79.660000
Validation F1: 82.470000
Saved!
Validation F1: 77.710000
Training loss: 5279.461252


Epoch: 14
Validation F1: 78.660000
Validation F1: 72.910000
Validation F1: 79.650000
Validation F1: 76.510000
Validation F1: 78.770000
Validation F1: 81.730000
Training loss: 4167.016329


Epoch: 15
Validation F1: 48.760000
Validation F1: 81.700000
Validation F1: 75.480000
Validation F1: 81.760000
Validation F1: 83.760000
Saved!
Validation F1: 81.970000
Training loss: 5241.912805


Epoch: 16
Validation F1: 81.120000
Validation F1: 82.140000
Validation F1: 78.600000
Validation F1: 80.150000
Validation F1: 65.650000
Validation F1: 84.490000
Saved!
Training loss: 3374.597174


Epoch: 17
Validation F1: 78.980000
Validation F1: 79.620000
Validation F1: 82.900000
Validation F1: 83.490000
Validation F1: 81.750000
Validation F1: 78.500000
Training loss: 3312.360900


Epoch: 18
Validation F1: 83.280000
Validation F1: 66.080000
Validation F1: 70.990000
Validation F1: 80.000000
Validation F1: 77.250000
Validation F1: 83.910000
Training loss: 3328.380664


Epoch: 19
Validation F1: 83.410000
Validation F1: 83.570000
Validation F1: 84.220000
Validation F1: 84.540000
Saved!
Validation F1: 80.500000
Validation F1: 78.920000
Training loss: 2724.866321


Epoch: 20
Validation F1: 82.340000
Validation F1: 83.840000
Validation F1: 81.790000
Validation F1: 81.470000
Validation F1: 83.260000
Validation F1: 77.690000
Training loss: 2495.229842


Epoch: 21
Validation F1: 82.050000
Validation F1: 79.310000
Validation F1: 83.290000
Validation F1: 84.700000
Saved!
Validation F1: 81.980000
Validation F1: 85.320000
Saved!
Training loss: 2510.929290


Epoch: 22
Validation F1: 84.540000
Validation F1: 83.190000
Validation F1: 83.660000
Validation F1: 73.510000
Validation F1: 83.870000
Validation F1: 85.330000
Saved!
Training loss: 2409.604218


Epoch: 23
Validation F1: 85.320000
Validation F1: 84.620000
Validation F1: 84.550000
Validation F1: 84.930000
Validation F1: 82.950000
Validation F1: 81.940000
Training loss: 2220.417282


Epoch: 24
Validation F1: 83.290000
Validation F1: 82.820000
Validation F1: 81.710000
Validation F1: 79.970000
Validation F1: 84.640000
Validation F1: 85.090000
Training loss: 2263.863759


Epoch: 25
Validation F1: 85.280000
Validation F1: 83.830000
Validation F1: 83.930000
Validation F1: 85.340000
Saved!
Validation F1: 80.360000
Validation F1: 83.440000
Training loss: 1496.396446


Epoch: 26
Validation F1: 82.430000
Validation F1: 80.790000
Validation F1: 75.980000
Validation F1: 80.410000
Validation F1: 84.590000
Validation F1: 81.170000
Training loss: 1496.232829


Epoch: 27
Validation F1: 83.510000
Validation F1: 84.040000
Validation F1: 83.660000
Validation F1: 82.310000
Validation F1: 84.460000
Validation F1: 81.290000
Training loss: 1675.043325


Epoch: 28
Validation F1: 85.690000
Saved!
Validation F1: 85.160000
Validation F1: 83.170000
Validation F1: 81.650000
Validation F1: 80.880000
Validation F1: 83.700000
Training loss: 1677.366915


Epoch: 29
Validation F1: 84.630000
Validation F1: 78.350000
Validation F1: 80.400000
Validation F1: 79.680000
Validation F1: 85.760000
Saved!
Validation F1: 83.680000
Training loss: 1426.232502


Epoch: 30
Validation F1: 84.860000
Validation F1: 84.250000
Validation F1: 79.650000
Validation F1: 81.990000
Validation F1: 83.540000
Validation F1: 82.630000
Training loss: 1188.566413


Epoch: 31
Validation F1: 82.350000
Validation F1: 79.470000
Validation F1: 82.890000
Validation F1: 79.310000
Validation F1: 83.810000
Validation F1: 83.500000
Training loss: 1240.960664


Epoch: 32
Validation F1: 78.000000
Validation F1: 82.980000
Validation F1: 81.130000
Validation F1: 82.690000
Validation F1: 79.100000
Validation F1: 83.280000
Training loss: 1379.834055


Epoch: 33
Validation F1: 82.420000
Validation F1: 83.080000
Validation F1: 83.250000
Validation F1: 84.270000
Validation F1: 84.570000
Validation F1: 80.740000
Training loss: 1103.727307


Epoch: 34
Validation F1: 79.770000
Validation F1: 82.180000
Validation F1: 83.470000
Validation F1: 78.780000
Validation F1: 83.900000
Validation F1: 83.940000
Training loss: 1138.880446


Epoch: 35
Validation F1: 83.280000
Validation F1: 85.340000
Validation F1: 82.890000
Validation F1: 79.160000
Validation F1: 84.350000
Validation F1: 85.350000
Training loss: 927.189988
New learning rate: 0.014285713966403688


Epoch: 36
Validation F1: 85.760000
Validation F1: 85.130000
Validation F1: 83.120000
Validation F1: 86.200000
Saved!
Validation F1: 82.160000
Validation F1: 84.130000
Training loss: 1255.561711


Epoch: 37
Validation F1: 82.530000
Validation F1: 82.640000
Validation F1: 83.400000
Validation F1: 85.050000
Validation F1: 82.480000
Validation F1: 83.160000
Training loss: 1063.791789


Epoch: 38
Validation F1: 81.620000
Validation F1: 84.490000
Validation F1: 73.860000
Validation F1: 82.950000
Validation F1: 84.170000
Validation F1: 81.380000
Training loss: 1313.140878


Epoch: 39
Validation F1: 81.070000
Validation F1: 84.860000
Validation F1: 82.360000
Validation F1: 83.810000
Validation F1: 84.750000
Validation F1: 82.910000
Training loss: 1213.439558


Epoch: 40
Validation F1: 84.680000
Validation F1: 80.580000
Validation F1: 84.350000
Validation F1: 83.770000
Validation F1: 83.950000
Validation F1: 81.040000
Training loss: 937.164711


Epoch: 41
Validation F1: 76.620000
Validation F1: 82.320000
Validation F1: 83.350000
Validation F1: 81.380000
Validation F1: 82.410000
Validation F1: 83.880000
Training loss: 1148.789169


Epoch: 42
Validation F1: 83.070000
Validation F1: 84.080000
Validation F1: 83.970000
Validation F1: 81.800000
Validation F1: 85.030000
Validation F1: 82.700000
Training loss: 886.750541
New learning rate: 0.01360544225289708


Epoch: 43
Validation F1: 86.200000
Validation F1: 84.250000
Validation F1: 85.760000
Validation F1: 82.100000
Validation F1: 84.620000
Validation F1: 84.610000
Training loss: 1329.741251
New learning rate: 0.01295756371248336


Epoch: 44
Validation F1: 86.200000
Validation F1: 80.250000
Validation F1: 86.310000
Saved!
Validation F1: 85.120000
Validation F1: 84.490000
Validation F1: 83.400000
Training loss: 1236.807456


Epoch: 45
Validation F1: 78.590000
Validation F1: 86.080000
Validation F1: 85.890000
Validation F1: 83.500000
Validation F1: 83.250000
Validation F1: 82.790000
Training loss: 1257.450527


Epoch: 46
Validation F1: 83.300000
Validation F1: 83.420000
Validation F1: 81.440000
Validation F1: 81.470000
Validation F1: 81.650000
Validation F1: 85.570000
Training loss: 1034.704538


Epoch: 47
Validation F1: 84.170000
Validation F1: 79.590000
Validation F1: 80.140000
Validation F1: 85.710000
Validation F1: 73.590000
Validation F1: 84.670000
Training loss: 1321.985417


Epoch: 48
Validation F1: 85.240000
Validation F1: 85.710000
Validation F1: 82.240000
Validation F1: 82.800000
Validation F1: 79.120000
Validation F1: 84.450000
Training loss: 1209.761681


Epoch: 49
Validation F1: 84.440000
Validation F1: 85.470000
Validation F1: 84.240000
Validation F1: 84.690000
Validation F1: 82.430000
Validation F1: 82.810000
Training loss: 820.407042


Training time: 4778.4302

Test F1: 79.670000

