Namespace(autoencoder=True, batch_size=16, crf_feats=True, dev='news/kinyarwanda/dev.txt', dev_feats='news/kinyarwanda/dev.txt.softgazfeats.npz', embed=128, feat_func='tanh', lr=0.015, lstm_feats=True, no_decay=False, output_name='news_kinyarwanda_model_bi', restart=False, test='news/kinyarwanda/test.txt', test_feats='news/kinyarwanda/test.txt.softgazfeats.npz', testing=False, train='news/kinyarwanda/train.txt', train_feats='news/kinyarwanda/train.txt.softgazfeats.npz', trainer='sgd', word_hidden_size=256)

Epoch: 0
Validation F1: 1.730000
Saved!
Validation F1: 0.000000
Validation F1: 19.880000
Saved!
Validation F1: 0.000000
Validation F1: 19.880000
Validation F1: 24.230000
Saved!
Training loss: 34015.992882


Epoch: 1
Validation F1: 0.000000
Validation F1: 19.740000
Validation F1: 1.030000
Validation F1: 19.880000
Validation F1: 19.880000
Validation F1: 19.880000
Training loss: 20702.015987


Epoch: 2
Validation F1: 0.000000
Validation F1: 15.960000
Validation F1: 19.880000
Validation F1: 20.000000
Validation F1: 19.710000
Validation F1: 5.710000
Training loss: 19437.149548


Epoch: 3
Validation F1: 10.740000
Validation F1: 28.150000
Saved!
Validation F1: 22.600000
Validation F1: 12.430000
Validation F1: 32.400000
Saved!
Validation F1: 40.240000
Saved!
Training loss: 14759.031319


Epoch: 4
Validation F1: 14.850000
Validation F1: 38.340000
Validation F1: 36.060000
Validation F1: 37.700000
Validation F1: 44.920000
Saved!
Validation F1: 40.590000
Training loss: 11822.219024


Epoch: 5
Validation F1: 39.100000
Validation F1: 41.980000
Validation F1: 44.000000
Validation F1: 51.710000
Saved!
Validation F1: 42.800000
Validation F1: 40.530000
Training loss: 9174.218409


Epoch: 6
Validation F1: 39.750000
Validation F1: 45.860000
Validation F1: 53.960000
Saved!
Validation F1: 52.130000
Validation F1: 43.210000
Validation F1: 51.620000
Training loss: 7790.789927


Epoch: 7
Validation F1: 46.940000
Validation F1: 55.020000
Saved!
Validation F1: 46.120000
Validation F1: 18.820000
Validation F1: 45.260000
Validation F1: 48.740000
Training loss: 7753.508171


Epoch: 8
Validation F1: 49.550000
Validation F1: 51.090000
Validation F1: 50.500000
Validation F1: 54.340000
Validation F1: 55.250000
Saved!
Validation F1: 56.620000
Saved!
Training loss: 6677.874065


Epoch: 9
Validation F1: 47.080000
Validation F1: 51.010000
Validation F1: 54.470000
Validation F1: 60.040000
Saved!
Validation F1: 48.070000
Validation F1: 57.690000
Training loss: 6183.364764


Epoch: 10
Validation F1: 44.800000
Validation F1: 49.340000
Validation F1: 57.220000
Validation F1: 60.020000
Validation F1: 51.140000
Validation F1: 55.800000
Training loss: 5819.835550


Epoch: 11
Validation F1: 50.590000
Validation F1: 60.810000
Saved!
Validation F1: 63.860000
Saved!
Validation F1: 59.790000
Validation F1: 49.940000
Validation F1: 59.560000
Training loss: 4872.966606


Epoch: 12
Validation F1: 54.070000
Validation F1: 56.730000
Validation F1: 60.600000
Validation F1: 59.980000
Validation F1: 62.500000
Validation F1: 60.870000
Training loss: 4258.007176


Epoch: 13
Validation F1: 59.750000
Validation F1: 61.180000
Validation F1: 62.150000
Validation F1: 62.240000
Validation F1: 63.720000
Validation F1: 64.880000
Saved!
Training loss: 3197.965664


Epoch: 14
Validation F1: 65.660000
Saved!
Validation F1: 58.890000
Validation F1: 63.870000
Validation F1: 65.830000
Saved!
Validation F1: 65.310000
Validation F1: 58.440000
Training loss: 2954.164277


Epoch: 15
Validation F1: 61.560000
Validation F1: 65.630000
Validation F1: 65.070000
Validation F1: 66.670000
Saved!
Validation F1: 66.040000
Validation F1: 65.560000
Training loss: 2687.889148


Epoch: 16
Validation F1: 67.250000
Saved!
Validation F1: 61.630000
Validation F1: 65.310000
Validation F1: 57.030000
Validation F1: 61.970000
Validation F1: 62.730000
Training loss: 2689.502368


Epoch: 17
Validation F1: 62.780000
Validation F1: 58.240000
Validation F1: 64.090000
Validation F1: 66.740000
Validation F1: 66.730000
Validation F1: 65.850000
Training loss: 1989.599793


Epoch: 18
Validation F1: 65.770000
Validation F1: 66.280000
Validation F1: 65.290000
Validation F1: 64.580000
Validation F1: 66.530000
Validation F1: 67.450000
Saved!
Training loss: 1922.709601


Epoch: 19
Validation F1: 66.210000
Validation F1: 66.870000
Validation F1: 68.430000
Saved!
Validation F1: 64.260000
Validation F1: 64.390000
Validation F1: 63.580000
Training loss: 1660.186224


Epoch: 20
Validation F1: 66.940000
Validation F1: 68.150000
Validation F1: 66.530000
Validation F1: 61.280000
Validation F1: 67.590000
Validation F1: 66.810000
Training loss: 1482.320195


Epoch: 21
Validation F1: 68.260000
Validation F1: 67.650000
Validation F1: 65.380000
Validation F1: 66.080000
Validation F1: 56.510000
Validation F1: 63.560000
Training loss: 1488.859068


Epoch: 22
Validation F1: 60.400000
Validation F1: 65.600000
Validation F1: 62.470000
Validation F1: 63.010000
Validation F1: 64.760000
Validation F1: 67.560000
Training loss: 1313.259504


Epoch: 23
Validation F1: 65.970000
Validation F1: 68.040000
Validation F1: 64.180000
Validation F1: 64.910000
Validation F1: 67.970000
Validation F1: 67.080000
Training loss: 1122.368127


Epoch: 24
Validation F1: 67.760000
Validation F1: 66.190000
Validation F1: 68.800000
Saved!
Validation F1: 64.130000
Validation F1: 68.530000
Validation F1: 66.740000
Training loss: 1085.448987


Epoch: 25
Validation F1: 66.670000
Validation F1: 65.050000
Validation F1: 65.650000
Validation F1: 68.210000
Validation F1: 63.370000
Validation F1: 67.350000
Training loss: 871.727700


Epoch: 26
Validation F1: 67.970000
Validation F1: 67.700000
Validation F1: 63.030000
Validation F1: 64.680000
Validation F1: 66.670000
Validation F1: 67.150000
Training loss: 991.981194


Epoch: 27
Validation F1: 67.980000
Validation F1: 64.080000
Validation F1: 65.960000
Validation F1: 68.270000
Validation F1: 65.680000
Validation F1: 63.330000
Training loss: 777.675108


Epoch: 28
Validation F1: 65.280000
Validation F1: 61.810000
Validation F1: 68.000000
Validation F1: 60.680000
Validation F1: 66.600000
Validation F1: 65.780000
Training loss: 759.794363


Epoch: 29
Validation F1: 67.130000
Validation F1: 65.390000
Validation F1: 67.300000
Validation F1: 66.530000
Validation F1: 64.090000
Validation F1: 65.780000
Training loss: 888.795932


Epoch: 30
Validation F1: 66.670000
Validation F1: 65.490000
Validation F1: 66.940000
Validation F1: 65.310000
Validation F1: 66.390000
Validation F1: 67.910000
Training loss: 737.831349
New learning rate: 0.014285713966403688


Epoch: 31
Validation F1: 68.800000
Validation F1: 69.440000
Saved!
Validation F1: 67.250000
Validation F1: 69.310000
Validation F1: 66.440000
Validation F1: 67.060000
Training loss: 997.612731


Epoch: 32
Validation F1: 65.290000
Validation F1: 65.760000
Validation F1: 67.000000
Validation F1: 67.440000
Validation F1: 65.410000
Validation F1: 68.720000
Training loss: 841.542301


Epoch: 33
Validation F1: 69.350000
Validation F1: 67.920000
Validation F1: 68.770000
Validation F1: 69.630000
Saved!
Validation F1: 67.900000
Validation F1: 67.190000
Training loss: 756.311639


Epoch: 34
Validation F1: 67.190000
Validation F1: 68.130000
Validation F1: 68.510000
Validation F1: 68.850000
Validation F1: 67.550000
Validation F1: 68.020000
Training loss: 874.295903


Epoch: 35
Validation F1: 70.030000
Saved!
Validation F1: 64.450000
Validation F1: 71.460000
Saved!
Validation F1: 71.550000
Saved!
Validation F1: 67.720000
Validation F1: 66.260000
Training loss: 622.512359


Epoch: 36
Validation F1: 69.920000
Validation F1: 66.180000
Validation F1: 70.460000
Validation F1: 68.320000
Validation F1: 69.100000
Validation F1: 67.350000
Training loss: 666.230651


Epoch: 37
Validation F1: 66.270000
Validation F1: 67.980000
Validation F1: 66.810000
Validation F1: 67.860000
Validation F1: 65.260000
Validation F1: 67.230000
Training loss: 632.863288


Epoch: 38
Validation F1: 66.810000
Validation F1: 65.450000
Validation F1: 71.360000
Validation F1: 68.370000
Validation F1: 66.530000
Validation F1: 65.560000
Training loss: 594.144755


Epoch: 39
Validation F1: 62.390000
Validation F1: 63.790000
Validation F1: 67.100000
Validation F1: 68.400000
Validation F1: 67.470000
Validation F1: 68.290000
Training loss: 553.294038


Epoch: 40
Validation F1: 66.320000
Validation F1: 66.810000
Validation F1: 67.360000
Validation F1: 67.610000
Validation F1: 65.080000
Validation F1: 68.500000
Training loss: 490.480856


Epoch: 41
Validation F1: 67.630000
Validation F1: 67.650000
Validation F1: 67.380000
Validation F1: 66.030000
Validation F1: 69.630000
Validation F1: 68.010000
Training loss: 425.589645
New learning rate: 0.01360544225289708


Epoch: 42
Validation F1: 71.550000
Validation F1: 66.060000
Validation F1: 72.600000
Saved!
Validation F1: 69.890000
Validation F1: 65.670000
Validation F1: 68.470000
Training loss: 749.602983


Epoch: 43
Validation F1: 68.430000
Validation F1: 68.660000
Validation F1: 67.030000
Validation F1: 68.030000
Validation F1: 68.220000
Validation F1: 68.420000
Training loss: 570.864227


Epoch: 44
Validation F1: 67.670000
Validation F1: 68.210000
Validation F1: 68.410000
Validation F1: 62.660000
Validation F1: 67.830000
Validation F1: 68.040000
Training loss: 531.124513


Epoch: 45
Validation F1: 65.840000
Validation F1: 63.670000
Validation F1: 69.150000
Validation F1: 68.310000
Validation F1: 67.710000
Validation F1: 69.220000
Training loss: 425.552121


Epoch: 46
Validation F1: 67.790000
Validation F1: 68.930000
Validation F1: 68.180000
Validation F1: 66.530000
Validation F1: 62.170000
Validation F1: 69.830000
Training loss: 466.571016


Epoch: 47
Validation F1: 69.480000
Validation F1: 69.330000
Validation F1: 61.000000
Validation F1: 60.810000
Validation F1: 65.730000
Validation F1: 64.000000
Training loss: 447.144833


Epoch: 48
Validation F1: 61.840000
Validation F1: 68.640000
Validation F1: 68.480000
Validation F1: 65.560000
Validation F1: 66.230000
Validation F1: 65.880000
Training loss: 398.190817
New learning rate: 0.01295756371248336


Epoch: 49
Validation F1: 72.600000
Validation F1: 68.450000
Validation F1: 68.260000
Validation F1: 67.690000
Validation F1: 60.080000
Validation F1: 70.010000
Training loss: 653.034976
New learning rate: 0.012340536784558069


Training time: 4541.7680

Test F1: 66.170000

