Namespace(autoencoder=True, batch_size=16, crf_feats=True, dev='news/hausa/dev.txt', dev_feats='news/hausa/dev.txt.softgazfeats.npz', embed=128, feat_func='tanh', lr=0.015, lstm_feats=True, no_decay=False, output_name='news_hausa_model_bi', restart=False, test='news/hausa/test.txt', test_feats='news/hausa/test.txt.softgazfeats.npz', testing=False, train='news/hausa/train.txt', train_feats='news/hausa/train.txt.softgazfeats.npz', trainer='sgd', word_hidden_size=256)

Epoch: 0
Validation F1: 3.330000
Saved!
Validation F1: 0.000000
Validation F1: 0.700000
Validation F1: 11.410000
Saved!
Validation F1: 16.540000
Saved!
Validation F1: 22.820000
Saved!
Training loss: 41016.764938


Epoch: 1
Validation F1: 40.770000
Saved!
Validation F1: 5.410000
Validation F1: 41.090000
Saved!
Validation F1: 34.810000
Validation F1: 11.950000
Validation F1: 5.700000
Training loss: 24968.246208


Epoch: 2
Validation F1: 45.480000
Saved!
Validation F1: 52.130000
Saved!
Validation F1: 27.930000
Validation F1: 3.450000
Validation F1: 50.690000
Validation F1: 55.340000
Saved!
Training loss: 21542.095905


Epoch: 3
Validation F1: 45.430000
Validation F1: 52.290000
Validation F1: 48.620000
Validation F1: 59.550000
Saved!
Validation F1: 56.600000
Validation F1: 52.030000
Training loss: 11612.975380


Epoch: 4
Validation F1: 27.300000
Validation F1: 61.310000
Saved!
Validation F1: 56.640000
Validation F1: 63.660000
Saved!
Validation F1: 53.870000
Validation F1: 61.960000
Training loss: 9147.257757


Epoch: 5
Validation F1: 63.230000
Validation F1: 61.250000
Validation F1: 57.710000
Validation F1: 68.350000
Saved!
Validation F1: 59.610000
Validation F1: 58.260000
Training loss: 9461.471474


Epoch: 6
Validation F1: 64.330000
Validation F1: 57.010000
Validation F1: 65.200000
Validation F1: 64.790000
Validation F1: 58.960000
Validation F1: 69.020000
Saved!
Training loss: 8128.117029


Epoch: 7
Validation F1: 74.720000
Saved!
Validation F1: 70.280000
Validation F1: 66.610000
Validation F1: 62.960000
Validation F1: 74.170000
Validation F1: 65.100000
Training loss: 6373.383688


Epoch: 8
Validation F1: 77.240000
Saved!
Validation F1: 70.430000
Validation F1: 75.380000
Validation F1: 73.100000
Validation F1: 64.940000
Validation F1: 69.800000
Training loss: 6581.459522


Epoch: 9
Validation F1: 75.090000
Validation F1: 76.430000
Validation F1: 70.500000
Validation F1: 74.860000
Validation F1: 72.320000
Validation F1: 81.240000
Saved!
Training loss: 6796.963364


Epoch: 10
Validation F1: 78.220000
Validation F1: 76.650000
Validation F1: 66.380000
Validation F1: 78.140000
Validation F1: 82.680000
Saved!
Validation F1: 74.700000
Training loss: 5851.252670


Epoch: 11
Validation F1: 80.420000
Validation F1: 77.870000
Validation F1: 79.390000
Validation F1: 81.440000
Validation F1: 83.480000
Saved!
Validation F1: 82.250000
Training loss: 5142.514162


Epoch: 12
Validation F1: 84.390000
Saved!
Validation F1: 80.000000
Validation F1: 81.720000
Validation F1: 80.950000
Validation F1: 84.080000
Validation F1: 85.560000
Saved!
Training loss: 4248.414695


Epoch: 13
Validation F1: 86.570000
Saved!
Validation F1: 79.550000
Validation F1: 85.390000
Validation F1: 88.890000
Saved!
Validation F1: 84.340000
Validation F1: 85.770000
Training loss: 4110.638056


Epoch: 14
Validation F1: 84.060000
Validation F1: 87.000000
Validation F1: 88.650000
Validation F1: 83.580000
Validation F1: 87.440000
Validation F1: 86.060000
Training loss: 3892.135977


Epoch: 15
Validation F1: 75.630000
Validation F1: 86.790000
Validation F1: 85.160000
Validation F1: 85.890000
Validation F1: 81.930000
Validation F1: 87.530000
Training loss: 3762.876622


Epoch: 16
Validation F1: 89.340000
Saved!
Validation F1: 88.560000
Validation F1: 87.020000
Validation F1: 88.130000
Validation F1: 88.550000
Validation F1: 88.160000
Training loss: 3011.620797


Epoch: 17
Validation F1: 87.610000
Validation F1: 87.960000
Validation F1: 88.850000
Validation F1: 86.760000
Validation F1: 83.990000
Validation F1: 86.300000
Training loss: 3061.461927


Epoch: 18
Validation F1: 89.540000
Saved!
Validation F1: 90.680000
Saved!
Validation F1: 86.930000
Validation F1: 89.300000
Validation F1: 89.780000
Validation F1: 83.050000
Training loss: 2844.105051


Epoch: 19
Validation F1: 86.470000
Validation F1: 88.510000
Validation F1: 89.010000
Validation F1: 89.460000
Validation F1: 88.140000
Validation F1: 84.140000
Training loss: 2135.901234


Epoch: 20
Validation F1: 88.470000
Validation F1: 86.380000
Validation F1: 87.760000
Validation F1: 89.010000
Validation F1: 87.890000
Validation F1: 86.610000
Training loss: 1806.913390


Epoch: 21
Validation F1: 87.210000
Validation F1: 86.870000
Validation F1: 88.530000
Validation F1: 86.660000
Validation F1: 86.350000
Validation F1: 87.150000
Training loss: 1577.978442


Epoch: 22
Validation F1: 89.250000
Validation F1: 83.030000
Validation F1: 87.130000
Validation F1: 88.250000
Validation F1: 86.930000
Validation F1: 89.250000
Training loss: 1507.237013


Epoch: 23
Validation F1: 87.670000
Validation F1: 88.540000
Validation F1: 88.190000
Validation F1: 89.270000
Validation F1: 84.980000
Validation F1: 87.190000
Training loss: 1651.350493


Epoch: 24
Validation F1: 87.960000
Validation F1: 87.740000
Validation F1: 87.110000
Validation F1: 88.190000
Validation F1: 87.890000
Validation F1: 88.670000
Training loss: 1326.176282
New learning rate: 0.014285713966403688


Epoch: 25
Validation F1: 90.680000
Validation F1: 89.340000
Validation F1: 89.400000
Validation F1: 87.430000
Validation F1: 86.340000
Validation F1: 87.210000
Training loss: 2215.937344
New learning rate: 0.01360544225289708


Epoch: 26
Validation F1: 90.680000
Validation F1: 89.730000
Validation F1: 88.990000
Validation F1: 90.530000
Validation F1: 86.950000
Validation F1: 88.190000
Training loss: 2051.952790
New learning rate: 0.01295756371248336


Epoch: 27
Validation F1: 90.680000
Validation F1: 86.950000
Validation F1: 87.770000
Validation F1: 90.640000
Validation F1: 88.990000
Validation F1: 88.570000
Training loss: 2372.324994
New learning rate: 0.012340536784558069


Epoch: 28
Validation F1: 90.680000
Validation F1: 89.950000
Validation F1: 85.310000
Validation F1: 90.960000
Saved!
Validation F1: 88.770000
Validation F1: 88.060000
Training loss: 2204.898302


Epoch: 29
Validation F1: 88.130000
Validation F1: 87.970000
Validation F1: 88.400000
Validation F1: 88.930000
Validation F1: 90.110000
Validation F1: 88.230000
Training loss: 1991.362303


Epoch: 30
Validation F1: 89.240000
Validation F1: 89.370000
Validation F1: 88.830000
Validation F1: 89.860000
Validation F1: 89.260000
Validation F1: 86.950000
Training loss: 1714.944382


Epoch: 31
Validation F1: 86.560000
Validation F1: 86.440000
Validation F1: 87.050000
Validation F1: 90.180000
Validation F1: 86.500000
Validation F1: 87.580000
Training loss: 1431.979086


Epoch: 32
Validation F1: 88.090000
Validation F1: 88.270000
Validation F1: 88.710000
Validation F1: 87.260000
Validation F1: 85.610000
Validation F1: 85.790000
Training loss: 1269.060609


Epoch: 33
Validation F1: 89.350000
Validation F1: 88.400000
Validation F1: 88.300000
Validation F1: 87.840000
Validation F1: 87.680000
Validation F1: 88.950000
Training loss: 1663.791272


Epoch: 34
Validation F1: 88.280000
Validation F1: 87.760000
Validation F1: 86.870000
Validation F1: 88.000000
Validation F1: 88.750000
Validation F1: 88.990000
Training loss: 986.145577
New learning rate: 0.011752891753401074


Epoch: 35
Validation F1: 90.960000
Validation F1: 87.970000
Validation F1: 88.550000
Validation F1: 83.260000
Validation F1: 86.790000
Validation F1: 88.610000
Training loss: 1910.719311
New learning rate: 0.011193229861202693


Epoch: 36
Validation F1: 90.960000
Validation F1: 87.000000
Validation F1: 88.610000
Validation F1: 88.300000
Validation F1: 85.110000
Validation F1: 89.650000
Training loss: 1785.273597
New learning rate: 0.010660218873194285


Epoch: 37
Validation F1: 90.960000
Validation F1: 90.760000
Validation F1: 87.190000
Validation F1: 88.970000
Validation F1: 90.600000
Validation F1: 85.160000
Training loss: 2112.651285
New learning rate: 0.010152589529752731


Epoch: 38
Validation F1: 90.960000
Validation F1: 87.180000
Validation F1: 87.430000
Validation F1: 88.080000
Validation F1: 88.790000
Validation F1: 86.800000
Training loss: 1900.013885
New learning rate: 0.009669132885478791


Epoch: 39
Validation F1: 90.960000
Validation F1: 90.010000
Validation F1: 88.690000
Validation F1: 88.110000
Validation F1: 86.150000
Validation F1: 86.340000
Training loss: 1782.619350
New learning rate: 0.009208697648275466


Epoch: 40
Validation F1: 90.960000
Validation F1: 89.590000
Validation F1: 88.230000
Validation F1: 87.510000
Validation F1: 84.530000
Validation F1: 88.790000
Training loss: 2129.119970
New learning rate: 0.00877018840540023


Epoch: 41
Validation F1: 90.960000
Validation F1: 89.010000
Validation F1: 90.530000
Validation F1: 89.700000
Validation F1: 88.150000
Validation F1: 90.600000
Training loss: 1810.150730
New learning rate: 0.008352560301621754


Epoch: 42
Validation F1: 90.960000
Validation F1: 88.170000
Validation F1: 90.090000
Validation F1: 88.120000
Validation F1: 88.230000
Validation F1: 85.870000
Training loss: 1986.201209
New learning rate: 0.007954819039219902


Epoch: 43
Validation F1: 90.960000
Validation F1: 88.810000
Validation F1: 90.440000
Validation F1: 91.170000
Saved!
Validation F1: 89.440000
Validation F1: 88.200000
Training loss: 1745.984007


Epoch: 44
Validation F1: 90.850000
Validation F1: 89.950000
Validation F1: 90.490000
Validation F1: 88.000000
Validation F1: 86.640000
Validation F1: 86.200000
Training loss: 1504.760125


Epoch: 45
Validation F1: 88.590000
Validation F1: 89.380000
Validation F1: 89.070000
Validation F1: 88.040000
Validation F1: 84.560000
Validation F1: 88.890000
Training loss: 1379.795902


Epoch: 46
Validation F1: 90.290000
Validation F1: 90.070000
Validation F1: 88.180000
Validation F1: 87.660000
Validation F1: 89.510000
Validation F1: 83.950000
Training loss: 1404.027162


Epoch: 47
Validation F1: 89.580000
Validation F1: 87.690000
Validation F1: 88.580000
Validation F1: 88.870000
Validation F1: 89.480000
Validation F1: 89.640000
Training loss: 1147.012780


Epoch: 48
Validation F1: 87.980000
Validation F1: 89.810000
Validation F1: 89.850000
Validation F1: 89.490000
Validation F1: 85.460000
Validation F1: 89.290000
Training loss: 1099.818599


Epoch: 49
Validation F1: 89.420000
Validation F1: 89.280000
Validation F1: 88.770000
Validation F1: 90.040000
Validation F1: 87.710000
Validation F1: 89.950000
Training loss: 1056.896369
New learning rate: 0.007576018217064085


Training time: 4716.1494

Test F1: 85.540000

