Namespace(autoencoder=True, batch_size=16, crf_feats=True, dev='news/Naija_pidgin/dev.txt', dev_feats='news/Naija_pidgin/dev.txt.softgazfeats.npz', embed=128, feat_func='tanh', lr=0.015, lstm_feats=True, no_decay=False, output_name='news_Naija_pidgin_model_bi', restart=False, test='news/Naija_pidgin/test.txt', test_feats='news/Naija_pidgin/test.txt.softgazfeats.npz', testing=False, train='news/Naija_pidgin/train.txt', train_feats='news/Naija_pidgin/train.txt.softgazfeats.npz', trainer='sgd', word_hidden_size=256)

Epoch: 0
Validation F1: 2.190000
Saved!
Validation F1: 0.000000
Validation F1: 0.340000
Validation F1: 7.560000
Saved!
Validation F1: 10.870000
Saved!
Validation F1: 22.500000
Saved!
Training loss: 37619.291771


Epoch: 1
Validation F1: 8.870000
Validation F1: 32.720000
Saved!
Validation F1: 16.420000
Validation F1: 23.460000
Validation F1: 10.870000
Validation F1: 35.380000
Saved!
Training loss: 25433.412483


Epoch: 2
Validation F1: 40.930000
Saved!
Validation F1: 27.070000
Validation F1: 38.940000
Validation F1: 34.780000
Validation F1: 36.190000
Validation F1: 41.260000
Saved!
Training loss: 21783.690582


Epoch: 3
Validation F1: 40.230000
Validation F1: 41.270000
Saved!
Validation F1: 24.280000
Validation F1: 45.720000
Saved!
Validation F1: 29.990000
Validation F1: 47.070000
Saved!
Training loss: 15609.494720


Epoch: 4
Validation F1: 47.150000
Saved!
Validation F1: 35.750000
Validation F1: 35.550000
Validation F1: 44.230000
Validation F1: 46.800000
Validation F1: 49.950000
Saved!
Training loss: 11202.151715


Epoch: 5
Validation F1: 45.470000
Validation F1: 22.420000
Validation F1: 53.420000
Saved!
Validation F1: 42.650000
Validation F1: 47.230000
Validation F1: 44.110000
Training loss: 11641.219315


Epoch: 6
Validation F1: 45.780000
Validation F1: 55.210000
Saved!
Validation F1: 46.150000
Validation F1: 51.920000
Validation F1: 50.240000
Validation F1: 56.660000
Saved!
Training loss: 9054.766056


Epoch: 7
Validation F1: 50.330000
Validation F1: 40.970000
Validation F1: 46.250000
Validation F1: 53.600000
Validation F1: 53.710000
Validation F1: 54.930000
Training loss: 9663.247383


Epoch: 8
Validation F1: 55.100000
Validation F1: 47.420000
Validation F1: 39.360000
Validation F1: 55.670000
Validation F1: 55.680000
Validation F1: 60.550000
Saved!
Training loss: 9329.470686


Epoch: 9
Validation F1: 62.150000
Saved!
Validation F1: 37.850000
Validation F1: 60.590000
Validation F1: 54.970000
Validation F1: 43.410000
Validation F1: 49.260000
Training loss: 8217.915371


Epoch: 10
Validation F1: 50.850000
Validation F1: 50.180000
Validation F1: 58.350000
Validation F1: 59.120000
Validation F1: 60.490000
Validation F1: 55.310000
Training loss: 7804.626418


Epoch: 11
Validation F1: 47.150000
Validation F1: 64.200000
Saved!
Validation F1: 50.130000
Validation F1: 65.790000
Saved!
Validation F1: 48.200000
Validation F1: 55.050000
Training loss: 5887.357436


Epoch: 12
Validation F1: 61.770000
Validation F1: 60.930000
Validation F1: 65.240000
Validation F1: 64.950000
Validation F1: 68.280000
Saved!
Validation F1: 65.290000
Training loss: 5911.844725


Epoch: 13
Validation F1: 61.820000
Validation F1: 52.760000
Validation F1: 65.140000
Validation F1: 57.650000
Validation F1: 64.570000
Validation F1: 67.180000
Training loss: 5406.095091


Epoch: 14
Validation F1: 64.500000
Validation F1: 64.420000
Validation F1: 62.980000
Validation F1: 71.030000
Saved!
Validation F1: 72.710000
Saved!
Validation F1: 65.330000
Training loss: 4511.775191


Epoch: 15
Validation F1: 69.000000
Validation F1: 67.020000
Validation F1: 70.390000
Validation F1: 69.110000
Validation F1: 65.260000
Validation F1: 70.380000
Training loss: 4653.603212


Epoch: 16
Validation F1: 70.940000
Validation F1: 61.750000
Validation F1: 73.020000
Saved!
Validation F1: 74.210000
Saved!
Validation F1: 67.020000
Validation F1: 60.840000
Training loss: 3477.308372


Epoch: 17
Validation F1: 72.920000
Validation F1: 69.270000
Validation F1: 68.660000
Validation F1: 73.470000
Validation F1: 67.130000
Validation F1: 70.300000
Training loss: 3189.774931


Epoch: 18
Validation F1: 73.020000
Validation F1: 66.380000
Validation F1: 75.520000
Saved!
Validation F1: 73.500000
Validation F1: 71.600000
Validation F1: 67.380000
Training loss: 3039.702552


Epoch: 19
Validation F1: 68.470000
Validation F1: 75.120000
Validation F1: 72.190000
Validation F1: 72.980000
Validation F1: 71.460000
Validation F1: 71.660000
Training loss: 2612.048680


Epoch: 20
Validation F1: 72.530000
Validation F1: 76.630000
Saved!
Validation F1: 73.770000
Validation F1: 73.240000
Validation F1: 69.860000
Validation F1: 70.010000
Training loss: 2174.115396


Epoch: 21
Validation F1: 69.170000
Validation F1: 61.470000
Validation F1: 76.940000
Saved!
Validation F1: 74.710000
Validation F1: 72.590000
Validation F1: 73.110000
Training loss: 1929.720662


Epoch: 22
Validation F1: 70.730000
Validation F1: 74.530000
Validation F1: 78.610000
Saved!
Validation F1: 61.860000
Validation F1: 76.450000
Validation F1: 74.020000
Training loss: 1831.374850


Epoch: 23
Validation F1: 77.080000
Validation F1: 70.600000
Validation F1: 73.540000
Validation F1: 75.760000
Validation F1: 71.950000
Validation F1: 76.630000
Training loss: 1447.252156


Epoch: 24
Validation F1: 75.670000
Validation F1: 76.450000
Validation F1: 69.270000
Validation F1: 71.410000
Validation F1: 73.350000
Validation F1: 72.890000
Training loss: 1447.647176


Epoch: 25
Validation F1: 74.510000
Validation F1: 74.570000
Validation F1: 77.660000
Validation F1: 76.810000
Validation F1: 72.070000
Validation F1: 75.360000
Training loss: 1368.893539


Epoch: 26
Validation F1: 74.390000
Validation F1: 73.870000
Validation F1: 78.640000
Saved!
Validation F1: 74.510000
Validation F1: 71.200000
Validation F1: 79.700000
Saved!
Training loss: 1278.220026


Epoch: 27
Validation F1: 80.570000
Saved!
Validation F1: 70.520000
Validation F1: 71.770000
Validation F1: 64.790000
Validation F1: 78.960000
Validation F1: 73.640000
Training loss: 1260.694116


Epoch: 28
Validation F1: 76.130000
Validation F1: 78.010000
Validation F1: 72.760000
Validation F1: 79.150000
Validation F1: 78.350000
Validation F1: 75.270000
Training loss: 1018.140755


Epoch: 29
Validation F1: 77.880000
Validation F1: 74.220000
Validation F1: 77.060000
Validation F1: 76.970000
Validation F1: 74.670000
Validation F1: 76.830000
Training loss: 1040.394635


Epoch: 30
Validation F1: 77.670000
Validation F1: 77.850000
Validation F1: 78.320000
Validation F1: 74.710000
Validation F1: 75.490000
Validation F1: 77.610000
Training loss: 892.590148


Epoch: 31
Validation F1: 77.540000
Validation F1: 73.420000
Validation F1: 79.840000
Validation F1: 78.270000
Validation F1: 77.170000
Validation F1: 81.120000
Saved!
Training loss: 820.864506


Epoch: 32
Validation F1: 78.640000
Validation F1: 80.000000
Validation F1: 76.000000
Validation F1: 76.810000
Validation F1: 82.070000
Saved!
Validation F1: 78.530000
Training loss: 735.216402


Epoch: 33
Validation F1: 78.340000
Validation F1: 78.570000
Validation F1: 84.460000
Saved!
Validation F1: 82.280000
Validation F1: 80.450000
Validation F1: 81.780000
Training loss: 726.921828


Epoch: 34
Validation F1: 78.350000
Validation F1: 79.960000
Validation F1: 81.790000
Validation F1: 77.160000
Validation F1: 79.390000
Validation F1: 81.920000
Training loss: 656.615901


Epoch: 35
Validation F1: 82.330000
Validation F1: 72.420000
Validation F1: 80.670000
Validation F1: 82.600000
Validation F1: 83.040000
Validation F1: 82.460000
Training loss: 844.370411


Epoch: 36
Validation F1: 82.460000
Validation F1: 81.620000
Validation F1: 77.290000
Validation F1: 80.640000
Validation F1: 80.600000
Validation F1: 80.290000
Training loss: 533.633983


Epoch: 37
Validation F1: 80.450000
Validation F1: 80.440000
Validation F1: 82.630000
Validation F1: 82.570000
Validation F1: 73.420000
Validation F1: 82.750000
Training loss: 498.039054


Epoch: 38
Validation F1: 83.160000
Validation F1: 79.050000
Validation F1: 82.020000
Validation F1: 77.760000
Validation F1: 78.790000
Validation F1: 82.190000
Training loss: 463.065480


Epoch: 39
Validation F1: 81.430000
Validation F1: 81.570000
Validation F1: 83.380000
Validation F1: 82.460000
Validation F1: 82.510000
Validation F1: 82.790000
Training loss: 293.240606
New learning rate: 0.014285713966403688


Epoch: 40
Validation F1: 84.460000
Validation F1: 77.660000
Validation F1: 76.080000
Validation F1: 80.500000
Validation F1: 78.250000
Validation F1: 79.830000
Training loss: 757.008226
New learning rate: 0.01360544225289708


Epoch: 41
Validation F1: 84.460000
Validation F1: 81.980000
Validation F1: 83.030000
Validation F1: 72.170000
Validation F1: 80.200000
Validation F1: 80.350000
Training loss: 731.581271
New learning rate: 0.01295756371248336


Epoch: 42
Validation F1: 84.460000
Validation F1: 79.880000
Validation F1: 77.940000
Validation F1: 81.340000
Validation F1: 78.560000
Validation F1: 79.670000
Training loss: 670.103559
New learning rate: 0.012340536784558069


Epoch: 43
Validation F1: 84.460000
Validation F1: 82.090000
Validation F1: 83.460000
Validation F1: 76.300000
Validation F1: 81.890000
Validation F1: 76.700000
Training loss: 565.053044
New learning rate: 0.011752891753401074


Epoch: 44
Validation F1: 84.460000
Validation F1: 80.780000
Validation F1: 78.980000
Validation F1: 82.470000
Validation F1: 81.580000
Validation F1: 77.960000
Training loss: 465.642367
New learning rate: 0.011193229861202693


Epoch: 45
Validation F1: 84.460000
Validation F1: 81.620000
Validation F1: 82.910000
Validation F1: 76.980000
Validation F1: 81.900000
Validation F1: 81.240000
Training loss: 546.859355
New learning rate: 0.010660218873194285


Epoch: 46
Validation F1: 84.460000
Validation F1: 81.000000
Validation F1: 76.860000
Validation F1: 82.310000
Validation F1: 77.140000
Validation F1: 80.210000
Training loss: 504.795272
New learning rate: 0.010152589529752731


Epoch: 47
Validation F1: 84.460000
Validation F1: 81.930000
Validation F1: 80.350000
Validation F1: 79.300000
Validation F1: 80.270000
Validation F1: 80.660000
Training loss: 513.102657
New learning rate: 0.009669132885478791


Epoch: 48
Validation F1: 84.460000
Validation F1: 83.020000
Validation F1: 72.440000
Validation F1: 80.960000
Validation F1: 81.680000
Validation F1: 76.170000
Training loss: 499.967042
New learning rate: 0.009208697648275466


Epoch: 49
Validation F1: 84.460000
Validation F1: 79.720000
Validation F1: 83.760000
Validation F1: 79.920000
Validation F1: 83.100000
Validation F1: 82.250000
Training loss: 476.259712
New learning rate: 0.00877018840540023


Training time: 5479.6614

Test F1: 67.290000

