Namespace(autoencoder=True, batch_size=16, crf_feats=False, dev='data/amharic/dev.txt', dev_feats='data/amharic/dev.txt.softgazfeats.npz', embed=128, feat_func='tanh', lr=0.015, lstm_feats=False, no_decay=False, output_name='amharic_model', restart=False, test='data/amharic/test.txt', test_feats='data/amharic/test.txt.softgazfeats.npz', testing=False, train='data/amharic/train.txt', train_feats='data/amharic/train.txt.softgazfeats.npz', trainer='sgd', word_hidden_size=256)

Epoch: 0
Validation F1: 3.850000
Saved!
Validation F1: 0.000000
Validation F1: 0.000000
Validation F1: 0.000000
Validation F1: 0.000000
Validation F1: 0.000000
Training loss: 18271.389641


Epoch: 1
Validation F1: 0.000000
Validation F1: 0.000000
Validation F1: 0.000000
Validation F1: 0.000000
Validation F1: 0.000000
Validation F1: 0.000000
Training loss: 13740.016159


Epoch: 2
Validation F1: 0.000000
Validation F1: 0.000000
Validation F1: 0.000000
Validation F1: 0.000000
Validation F1: 4.720000
Saved!
Validation F1: 10.260000
Saved!
Training loss: 12782.820190


Epoch: 3
Validation F1: 6.980000
Validation F1: 6.980000
Validation F1: 13.040000
Saved!
Validation F1: 16.920000
Saved!
Validation F1: 15.470000
Validation F1: 17.540000
Saved!
Training loss: 11141.578514


Epoch: 4
Validation F1: 17.990000
Saved!
Validation F1: 20.000000
Saved!
Validation F1: 22.680000
Saved!
Validation F1: 23.980000
Saved!
Validation F1: 19.890000
Validation F1: 26.640000
Saved!
Training loss: 9732.289196


Epoch: 5
Validation F1: 17.660000
Validation F1: 26.530000
Validation F1: 24.710000
Validation F1: 25.790000
Validation F1: 29.500000
Saved!
Validation F1: 28.570000
Training loss: 8876.060989


Epoch: 6
Validation F1: 31.320000
Saved!
Validation F1: 31.480000
Saved!
Validation F1: 33.120000
Saved!
Validation F1: 31.970000
Validation F1: 31.910000
Validation F1: 33.790000
Saved!
Training loss: 8248.310522


Epoch: 7
Validation F1: 32.150000
Validation F1: 34.050000
Saved!
Validation F1: 35.780000
Saved!
Validation F1: 36.940000
Saved!
Validation F1: 37.860000
Saved!
Validation F1: 37.280000
Training loss: 7022.927576


Epoch: 8
Validation F1: 40.670000
Saved!
Validation F1: 39.740000
Validation F1: 42.240000
Saved!
Validation F1: 43.200000
Saved!
Validation F1: 40.330000
Validation F1: 39.500000
Training loss: 6538.562624


Epoch: 9
Validation F1: 40.210000
Validation F1: 43.990000
Saved!
Validation F1: 43.960000
Validation F1: 45.790000
Saved!
Validation F1: 44.520000
Validation F1: 47.530000
Saved!
Training loss: 5739.888670


Epoch: 10
Validation F1: 44.230000
Validation F1: 46.460000
Validation F1: 48.040000
Saved!
Validation F1: 46.240000
Validation F1: 49.190000
Saved!
Validation F1: 45.120000
Training loss: 5163.214827


Epoch: 11
Validation F1: 44.750000
Validation F1: 48.680000
Validation F1: 50.170000
Saved!
Validation F1: 44.480000
Validation F1: 50.380000
Saved!
Validation F1: 44.530000
Training loss: 4556.219087


Epoch: 12
Validation F1: 51.490000
Saved!
Validation F1: 50.510000
Validation F1: 49.550000
Validation F1: 50.880000
Validation F1: 51.350000
Validation F1: 52.500000
Saved!
Training loss: 3977.188820


Epoch: 13
Validation F1: 52.390000
Validation F1: 51.000000
Validation F1: 51.230000
Validation F1: 49.430000
Validation F1: 52.600000
Saved!
Validation F1: 53.140000
Saved!
Training loss: 3523.921417


Epoch: 14
Validation F1: 51.040000
Validation F1: 53.010000
Validation F1: 54.730000
Saved!
Validation F1: 53.770000
Validation F1: 51.300000
Validation F1: 54.300000
Training loss: 3167.392970


Epoch: 15
Validation F1: 50.320000
Validation F1: 56.070000
Saved!
Validation F1: 51.220000
Validation F1: 48.600000
Validation F1: 51.990000
Validation F1: 50.760000
Training loss: 2572.296515


Epoch: 16
Validation F1: 49.830000
Validation F1: 53.010000
Validation F1: 52.320000
Validation F1: 50.530000
Validation F1: 53.970000
Validation F1: 52.820000
Training loss: 2249.296320


Epoch: 17
Validation F1: 52.040000
Validation F1: 50.410000
Validation F1: 52.280000
Validation F1: 52.810000
Validation F1: 54.100000
Validation F1: 53.090000
Training loss: 1966.248942


Epoch: 18
Validation F1: 53.290000
Validation F1: 52.830000
Validation F1: 52.450000
Validation F1: 53.790000
Validation F1: 54.610000
Validation F1: 54.010000
Training loss: 1617.372272


Epoch: 19
Validation F1: 53.920000
Validation F1: 51.840000
Validation F1: 53.660000
Validation F1: 54.120000
Validation F1: 53.750000
Validation F1: 52.450000
Training loss: 1559.901161


Epoch: 20
Validation F1: 53.540000
Validation F1: 52.980000
Validation F1: 54.450000
Validation F1: 53.640000
Validation F1: 56.250000
Saved!
Validation F1: 53.280000
Training loss: 1257.059631


Epoch: 21
Validation F1: 50.890000
Validation F1: 52.800000
Validation F1: 56.480000
Saved!
Validation F1: 55.030000
Validation F1: 58.060000
Saved!
Validation F1: 54.760000
Training loss: 1192.775373


Epoch: 22
Validation F1: 55.660000
Validation F1: 54.580000
Validation F1: 55.940000
Validation F1: 54.880000
Validation F1: 53.720000
Validation F1: 54.510000
Training loss: 1127.454764


Epoch: 23
Validation F1: 55.770000
Validation F1: 53.780000
Validation F1: 55.730000
Validation F1: 53.080000
Validation F1: 55.670000
Validation F1: 55.650000
Training loss: 932.583947


Epoch: 24
Validation F1: 55.650000
Validation F1: 52.220000
Validation F1: 55.030000
Validation F1: 55.600000
Validation F1: 55.210000
Validation F1: 53.620000
Training loss: 860.955425


Epoch: 25
Validation F1: 53.890000
Validation F1: 55.800000
Validation F1: 53.280000
Validation F1: 55.370000
Validation F1: 53.890000
Validation F1: 56.780000
Training loss: 843.851287


Epoch: 26
Validation F1: 56.140000
Validation F1: 55.970000
Validation F1: 56.070000
Validation F1: 53.410000
Validation F1: 55.050000
Validation F1: 54.070000
Training loss: 761.810492


Epoch: 27
Validation F1: 55.410000
Validation F1: 56.630000
Validation F1: 55.050000
Validation F1: 54.480000
Validation F1: 55.310000
Validation F1: 56.670000
Training loss: 636.567155
New learning rate: 0.014285713966403688


Epoch: 28
Validation F1: 58.060000
Validation F1: 56.370000
Validation F1: 52.970000
Validation F1: 52.540000
Validation F1: 55.580000
Validation F1: 55.220000
Training loss: 1119.270812
New learning rate: 0.01360544225289708


Epoch: 29
Validation F1: 58.060000
Validation F1: 56.010000
Validation F1: 54.830000
Validation F1: 54.740000
Validation F1: 52.980000
Validation F1: 53.780000
Training loss: 1052.770696
New learning rate: 0.01295756371248336


Epoch: 30
Validation F1: 58.060000
Validation F1: 55.660000
Validation F1: 53.550000
Validation F1: 54.710000
Validation F1: 54.550000
Validation F1: 51.830000
Training loss: 1066.305698
New learning rate: 0.012340536784558069


Epoch: 31
Validation F1: 58.060000
Validation F1: 54.960000
Validation F1: 53.510000
Validation F1: 54.180000
Validation F1: 53.900000
Validation F1: 56.120000
Training loss: 1032.352299
New learning rate: 0.011752891753401074


Epoch: 32
Validation F1: 58.060000
Validation F1: 56.220000
Validation F1: 56.210000
Validation F1: 55.830000
Validation F1: 55.010000
Validation F1: 53.830000
Training loss: 1060.969406
New learning rate: 0.011193229861202693


Epoch: 33
Validation F1: 58.060000
Validation F1: 54.200000
Validation F1: 55.050000
Validation F1: 53.380000
Validation F1: 52.080000
Validation F1: 54.390000
Training loss: 1015.741858
New learning rate: 0.010660218873194285


Epoch: 34
Validation F1: 58.060000
Validation F1: 56.780000
Validation F1: 57.780000
Validation F1: 55.930000
Validation F1: 53.120000
Validation F1: 54.980000
Training loss: 976.557713
New learning rate: 0.010152589529752731


Epoch: 35
Validation F1: 58.060000
Validation F1: 54.900000
Validation F1: 55.030000
Validation F1: 55.160000
Validation F1: 55.300000
Validation F1: 54.210000
Training loss: 1060.720587
New learning rate: 0.009669132885478791


Epoch: 36
Validation F1: 58.060000
Validation F1: 55.440000
Validation F1: 57.670000
Validation F1: 54.770000
Validation F1: 55.480000
Validation F1: 54.260000
Training loss: 1020.027658
New learning rate: 0.009208697648275466


Epoch: 37
Validation F1: 58.060000
Validation F1: 56.460000
Validation F1: 55.610000
Validation F1: 56.160000
Validation F1: 53.590000
Validation F1: 55.070000
Training loss: 956.423174
New learning rate: 0.00877018840540023


Epoch: 38
Validation F1: 58.060000
Validation F1: 54.880000
Validation F1: 55.590000
Validation F1: 55.500000
Validation F1: 53.140000
Validation F1: 55.590000
Training loss: 1004.787996
New learning rate: 0.008352560301621754


Epoch: 39
Validation F1: 58.060000
Validation F1: 56.640000
Validation F1: 55.770000
Validation F1: 56.460000
Validation F1: 53.450000
Validation F1: 53.430000
Training loss: 950.035612
New learning rate: 0.007954819039219902


Epoch: 40
Validation F1: 58.060000
Validation F1: 55.380000
Validation F1: 56.200000
Validation F1: 54.740000
Validation F1: 57.700000
Validation F1: 56.540000
Training loss: 993.120350
New learning rate: 0.007576018217064085


Epoch: 41
Validation F1: 58.060000
Validation F1: 56.520000
Validation F1: 57.040000
Validation F1: 56.150000
Validation F1: 55.370000
Validation F1: 56.100000
Training loss: 915.367121
New learning rate: 0.0072152553392308095


Epoch: 42
Validation F1: 58.060000
Validation F1: 57.390000
Validation F1: 57.850000
Validation F1: 55.820000
Validation F1: 54.900000
Validation F1: 55.520000
Training loss: 943.365503
New learning rate: 0.006871671815003667


Epoch: 43
Validation F1: 58.060000
Validation F1: 55.970000
Validation F1: 55.110000
Validation F1: 57.290000
Validation F1: 54.200000
Validation F1: 55.300000
Training loss: 968.938409
New learning rate: 0.006544449410977818


Epoch: 44
Validation F1: 58.060000
Validation F1: 55.990000
Validation F1: 55.160000
Validation F1: 55.700000
Validation F1: 54.410000
Validation F1: 53.620000
Training loss: 990.705535
New learning rate: 0.006232808920599165


Epoch: 45
Validation F1: 58.060000
Validation F1: 56.640000
Validation F1: 55.180000
Validation F1: 53.150000
Validation F1: 55.820000
Validation F1: 54.520000
Training loss: 945.713167
New learning rate: 0.0059360083902166


Epoch: 46
Validation F1: 58.060000
Validation F1: 55.400000
Validation F1: 56.200000
Validation F1: 55.690000
Validation F1: 55.360000
Validation F1: 53.070000
Training loss: 918.757388
New learning rate: 0.0056533413451342355


Epoch: 47
Validation F1: 58.060000
Validation F1: 56.850000
Validation F1: 55.870000
Validation F1: 54.040000
Validation F1: 54.580000
Validation F1: 56.070000
Training loss: 929.869859
New learning rate: 0.005384134572176706


Epoch: 48
Validation F1: 58.060000
Validation F1: 56.940000
Validation F1: 55.300000
Validation F1: 55.400000
Validation F1: 56.310000
Validation F1: 58.300000
Saved!
Training loss: 982.940052


Epoch: 49
Validation F1: 57.190000
Validation F1: 57.290000
Validation F1: 56.850000
Validation F1: 55.760000
Validation F1: 53.270000
Validation F1: 53.570000
Training loss: 796.909964


Training time: 2071.4821

Test F1: 52.570000

