Namespace(autoencoder=True, batch_size=16, crf_feats=False, dev='data/hausa/dev.txt', dev_feats='data/hausa/dev.txt.softgazfeats.npz', embed=128, feat_func='tanh', lr=0.015, lstm_feats=False, no_decay=False, output_name='hausa_model', restart=False, test='data/hausa/test.txt', test_feats='data/hausa/test.txt.softgazfeats.npz', testing=False, train='data/hausa/train.txt', train_feats='data/hausa/train.txt.softgazfeats.npz', trainer='sgd', word_hidden_size=256)

Epoch: 0
Validation F1: 0.000000
Validation F1: 0.000000
Validation F1: 0.000000
Validation F1: 0.000000
Validation F1: 12.670000
Saved!
Validation F1: 0.220000
Training loss: 38441.158157


Epoch: 1
Validation F1: 9.430000
Validation F1: 0.000000
Validation F1: 8.240000
Validation F1: 19.750000
Saved!
Validation F1: 31.180000
Saved!
Validation F1: 36.410000
Saved!
Training loss: 25957.861855


Epoch: 2
Validation F1: 24.530000
Validation F1: 37.530000
Saved!
Validation F1: 41.140000
Saved!
Validation F1: 45.980000
Saved!
Validation F1: 45.570000
Validation F1: 51.740000
Saved!
Training loss: 19287.460091


Epoch: 3
Validation F1: 51.260000
Validation F1: 47.860000
Validation F1: 49.650000
Validation F1: 55.510000
Saved!
Validation F1: 54.460000
Validation F1: 60.230000
Saved!
Training loss: 13974.734924


Epoch: 4
Validation F1: 53.200000
Validation F1: 58.790000
Validation F1: 63.240000
Saved!
Validation F1: 66.620000
Saved!
Validation F1: 70.020000
Saved!
Validation F1: 61.030000
Training loss: 11481.771584


Epoch: 5
Validation F1: 61.860000
Validation F1: 72.450000
Saved!
Validation F1: 73.290000
Saved!
Validation F1: 71.850000
Validation F1: 73.840000
Saved!
Validation F1: 76.680000
Saved!
Training loss: 10568.000080


Epoch: 6
Validation F1: 75.850000
Validation F1: 73.760000
Validation F1: 75.360000
Validation F1: 77.340000
Saved!
Validation F1: 78.950000
Saved!
Validation F1: 78.970000
Saved!
Training loss: 9014.881954


Epoch: 7
Validation F1: 80.520000
Saved!
Validation F1: 80.730000
Saved!
Validation F1: 81.870000
Saved!
Validation F1: 80.650000
Validation F1: 80.730000
Validation F1: 81.780000
Training loss: 8078.920511


Epoch: 8
Validation F1: 84.660000
Saved!
Validation F1: 80.680000
Validation F1: 82.710000
Validation F1: 81.740000
Validation F1: 83.170000
Validation F1: 83.090000
Training loss: 7485.067738


Epoch: 9
Validation F1: 84.240000
Validation F1: 84.460000
Validation F1: 85.260000
Saved!
Validation F1: 84.950000
Validation F1: 85.170000
Validation F1: 84.630000
Training loss: 6744.814896


Epoch: 10
Validation F1: 85.610000
Saved!
Validation F1: 84.500000
Validation F1: 87.070000
Saved!
Validation F1: 86.920000
Validation F1: 84.700000
Validation F1: 83.470000
Training loss: 6354.856359


Epoch: 11
Validation F1: 83.270000
Validation F1: 83.950000
Validation F1: 82.730000
Validation F1: 86.900000
Validation F1: 84.590000
Validation F1: 85.080000
Training loss: 5931.805342


Epoch: 12
Validation F1: 86.720000
Validation F1: 87.200000
Saved!
Validation F1: 85.870000
Validation F1: 85.630000
Validation F1: 86.750000
Validation F1: 87.180000
Training loss: 5398.240360


Epoch: 13
Validation F1: 86.060000
Validation F1: 86.210000
Validation F1: 86.740000
Validation F1: 85.040000
Validation F1: 85.900000
Validation F1: 87.030000
Training loss: 5162.408432


Epoch: 14
Validation F1: 86.210000
Validation F1: 84.730000
Validation F1: 86.830000
Validation F1: 85.200000
Validation F1: 84.800000
Validation F1: 85.580000
Training loss: 4961.785029


Epoch: 15
Validation F1: 87.050000
Validation F1: 86.150000
Validation F1: 86.360000
Validation F1: 87.320000
Saved!
Validation F1: 86.650000
Validation F1: 88.650000
Saved!
Training loss: 4685.108744


Epoch: 16
Validation F1: 87.350000
Validation F1: 87.280000
Validation F1: 83.170000
Validation F1: 86.920000
Validation F1: 87.290000
Validation F1: 85.470000
Training loss: 4420.483425


Epoch: 17
Validation F1: 85.710000
Validation F1: 87.380000
Validation F1: 87.420000
Validation F1: 86.760000
Validation F1: 86.970000
Validation F1: 85.250000
Training loss: 4420.356678


Epoch: 18
Validation F1: 85.930000
Validation F1: 86.730000
Validation F1: 85.570000
Validation F1: 87.340000
Validation F1: 84.740000
Validation F1: 85.980000
Training loss: 4195.852758


Epoch: 19
Validation F1: 85.250000
Validation F1: 86.750000
Validation F1: 86.340000
Validation F1: 88.040000
Validation F1: 84.650000
Validation F1: 87.860000
Training loss: 4135.439617


Epoch: 20
Validation F1: 87.090000
Validation F1: 86.330000
Validation F1: 87.610000
Validation F1: 87.190000
Validation F1: 87.970000
Validation F1: 88.240000
Training loss: 4064.585154


Epoch: 21
Validation F1: 88.570000
Validation F1: 88.100000
Validation F1: 88.680000
Saved!
Validation F1: 88.100000
Validation F1: 87.280000
Validation F1: 87.540000
Training loss: 4025.583519


Epoch: 22
Validation F1: 87.500000
Validation F1: 86.570000
Validation F1: 86.260000
Validation F1: 86.660000
Validation F1: 86.780000
Validation F1: 87.280000
Training loss: 3973.878782


Epoch: 23
Validation F1: 87.570000
Validation F1: 86.230000
Validation F1: 87.140000
Validation F1: 85.650000
Validation F1: 85.250000
Validation F1: 87.720000
Training loss: 3988.077722


Epoch: 24
Validation F1: 87.680000
Validation F1: 87.530000
Validation F1: 88.450000
Validation F1: 88.480000
Validation F1: 87.800000
Validation F1: 87.790000
Training loss: 3931.707966


Epoch: 25
Validation F1: 88.770000
Saved!
Validation F1: 88.590000
Validation F1: 85.800000
Validation F1: 87.190000
Validation F1: 87.600000
Validation F1: 87.350000
Training loss: 3807.735939


Epoch: 26
Validation F1: 87.280000
Validation F1: 88.090000
Validation F1: 87.920000
Validation F1: 87.000000
Validation F1: 85.820000
Validation F1: 88.390000
Training loss: 3811.458365


Epoch: 27
Validation F1: 88.200000
Validation F1: 86.720000
Validation F1: 88.260000
Validation F1: 87.480000
Validation F1: 87.730000
Validation F1: 85.960000
Training loss: 3749.606989


Epoch: 28
Validation F1: 87.040000
Validation F1: 87.560000
Validation F1: 87.600000
Validation F1: 86.690000
Validation F1: 88.410000
Validation F1: 87.460000
Training loss: 3735.402280


Epoch: 29
Validation F1: 87.680000
Validation F1: 87.020000
Validation F1: 88.100000
Validation F1: 87.600000
Validation F1: 87.310000
Validation F1: 87.880000
Training loss: 3670.935350


Epoch: 30
Validation F1: 87.480000
Validation F1: 86.100000
Validation F1: 85.070000
Validation F1: 87.090000
Validation F1: 88.250000
Validation F1: 87.690000
Training loss: 3716.363224


Epoch: 31
Validation F1: 86.800000
Validation F1: 87.430000
Validation F1: 88.500000
Validation F1: 85.050000
Validation F1: 86.860000
Validation F1: 87.400000
Training loss: 3629.541973
New learning rate: 0.014285713966403688


Epoch: 32
Validation F1: 88.770000
Validation F1: 88.340000
Validation F1: 87.920000
Validation F1: 87.610000
Validation F1: 87.650000
Validation F1: 88.260000
Training loss: 3860.072780
New learning rate: 0.01360544225289708


Epoch: 33
Validation F1: 88.770000
Validation F1: 88.540000
Validation F1: 87.480000
Validation F1: 87.550000
Validation F1: 88.530000
Validation F1: 88.690000
Training loss: 3783.593971
New learning rate: 0.01295756371248336


Epoch: 34
Validation F1: 88.770000
Validation F1: 88.480000
Validation F1: 88.870000
Saved!
Validation F1: 87.890000
Validation F1: 88.350000
Validation F1: 88.200000
Training loss: 3760.057560


Epoch: 35
Validation F1: 88.520000
Validation F1: 86.880000
Validation F1: 88.240000
Validation F1: 86.550000
Validation F1: 86.670000
Validation F1: 88.280000
Training loss: 3796.281137


Epoch: 36
Validation F1: 87.650000
Validation F1: 88.890000
Saved!
Validation F1: 87.570000
Validation F1: 86.960000
Validation F1: 87.960000
Validation F1: 86.430000
Training loss: 3727.283155


Epoch: 37
Validation F1: 87.060000
Validation F1: 86.350000
Validation F1: 86.430000
Validation F1: 87.140000
Validation F1: 87.590000
Validation F1: 88.790000
Training loss: 3684.723552


Epoch: 38
Validation F1: 88.360000
Validation F1: 88.820000
Validation F1: 89.070000
Saved!
Validation F1: 86.340000
Validation F1: 88.120000
Validation F1: 88.010000
Training loss: 3652.122527


Epoch: 39
Validation F1: 88.410000
Validation F1: 88.280000
Validation F1: 87.900000
Validation F1: 88.740000
Validation F1: 88.270000
Validation F1: 87.400000
Training loss: 3600.387169


Epoch: 40
Validation F1: 88.450000
Validation F1: 89.090000
Saved!
Validation F1: 88.940000
Validation F1: 87.470000
Validation F1: 85.650000
Validation F1: 87.000000
Training loss: 3587.134192


Epoch: 41
Validation F1: 87.390000
Validation F1: 88.040000
Validation F1: 87.610000
Validation F1: 87.310000
Validation F1: 86.960000
Validation F1: 88.100000
Training loss: 3544.068049


Epoch: 42
Validation F1: 88.180000
Validation F1: 86.840000
Validation F1: 87.950000
Validation F1: 87.480000
Validation F1: 87.390000
Validation F1: 86.990000
Training loss: 3533.890157


Epoch: 43
Validation F1: 85.390000
Validation F1: 87.340000
Validation F1: 88.300000
Validation F1: 86.460000
Validation F1: 87.670000
Validation F1: 87.610000
Training loss: 3568.137819


Epoch: 44
Validation F1: 88.400000
Validation F1: 86.710000
Validation F1: 87.200000
Validation F1: 87.710000
Validation F1: 86.060000
Validation F1: 87.890000
Training loss: 3531.873805


Epoch: 45
Validation F1: 87.060000
Validation F1: 86.720000
Validation F1: 86.000000
Validation F1: 87.010000
Validation F1: 87.850000
Validation F1: 87.230000
Training loss: 3488.810881


Epoch: 46
Validation F1: 87.240000
Validation F1: 87.740000
Validation F1: 87.920000
Validation F1: 86.040000
Validation F1: 88.550000
Validation F1: 86.620000
Training loss: 3477.558456
New learning rate: 0.012340536784558069


Epoch: 47
Validation F1: 89.090000
Validation F1: 88.050000
Validation F1: 86.260000
Validation F1: 85.520000
Validation F1: 88.100000
Validation F1: 87.550000
Training loss: 3578.886518
New learning rate: 0.011752891753401074


Epoch: 48
Validation F1: 89.090000
Validation F1: 88.580000
Validation F1: 86.370000
Validation F1: 87.160000
Validation F1: 88.110000
Validation F1: 88.420000
Training loss: 3581.692798
New learning rate: 0.011193229861202693


Epoch: 49
Validation F1: 89.090000
Validation F1: 87.100000
Validation F1: 86.830000
Validation F1: 87.980000
Validation F1: 88.130000
Validation F1: 88.570000
Training loss: 3557.048036
New learning rate: 0.010660218873194285


Training time: 4661.4710

Test F1: 84.030000

