Namespace(autoencoder=True, batch_size=16, crf_feats=False, dev='data/igbo/dev.txt', dev_feats='data/igbo/dev.txt.softgazfeats.npz', embed=128, feat_func='tanh', lr=0.015, lstm_feats=False, no_decay=False, output_name='igbo_model', restart=False, test='data/igbo/test.txt', test_feats='data/igbo/test.txt.softgazfeats.npz', testing=False, train='data/igbo/train.txt', train_feats='data/igbo/train.txt.softgazfeats.npz', trainer='sgd', word_hidden_size=256)

Epoch: 0
Validation F1: 3.310000
Saved!
Validation F1: 0.000000
Validation F1: 0.000000
Validation F1: 0.000000
Validation F1: 0.000000
Validation F1: 0.000000
Training loss: 26880.070518


Epoch: 1
Validation F1: 18.360000
Saved!
Validation F1: 6.160000
Validation F1: 9.270000
Validation F1: 33.150000
Saved!
Validation F1: 35.750000
Saved!
Validation F1: 40.550000
Saved!
Training loss: 15058.512085


Epoch: 2
Validation F1: 50.590000
Saved!
Validation F1: 38.280000
Validation F1: 41.970000
Validation F1: 41.010000
Validation F1: 53.280000
Saved!
Validation F1: 53.270000
Training loss: 10805.062681


Epoch: 3
Validation F1: 50.600000
Validation F1: 57.000000
Saved!
Validation F1: 56.530000
Validation F1: 57.640000
Saved!
Validation F1: 62.160000
Saved!
Validation F1: 63.020000
Saved!
Training loss: 8260.024748


Epoch: 4
Validation F1: 64.700000
Saved!
Validation F1: 67.730000
Saved!
Validation F1: 66.970000
Validation F1: 68.120000
Saved!
Validation F1: 68.220000
Saved!
Validation F1: 60.020000
Training loss: 7031.895927


Epoch: 5
Validation F1: 68.400000
Saved!
Validation F1: 70.580000
Saved!
Validation F1: 71.200000
Saved!
Validation F1: 70.830000
Validation F1: 72.850000
Saved!
Validation F1: 71.840000
Training loss: 6233.190165


Epoch: 6
Validation F1: 74.330000
Saved!
Validation F1: 74.280000
Validation F1: 71.520000
Validation F1: 72.700000
Validation F1: 75.500000
Saved!
Validation F1: 76.340000
Saved!
Training loss: 5386.460223


Epoch: 7
Validation F1: 75.800000
Validation F1: 77.060000
Saved!
Validation F1: 74.100000
Validation F1: 77.370000
Saved!
Validation F1: 78.580000
Saved!
Validation F1: 77.800000
Training loss: 4712.532963


Epoch: 8
Validation F1: 78.290000
Validation F1: 81.350000
Saved!
Validation F1: 80.530000
Validation F1: 75.140000
Validation F1: 81.360000
Saved!
Validation F1: 78.540000
Training loss: 4439.544737


Epoch: 9
Validation F1: 79.390000
Validation F1: 79.390000
Validation F1: 82.560000
Saved!
Validation F1: 80.870000
Validation F1: 80.860000
Validation F1: 82.530000
Training loss: 4087.637586


Epoch: 10
Validation F1: 77.840000
Validation F1: 83.620000
Saved!
Validation F1: 82.710000
Validation F1: 77.230000
Validation F1: 82.170000
Validation F1: 82.880000
Training loss: 3548.204903


Epoch: 11
Validation F1: 84.300000
Saved!
Validation F1: 83.830000
Validation F1: 83.360000
Validation F1: 83.130000
Validation F1: 82.550000
Validation F1: 83.390000
Training loss: 3178.301124


Epoch: 12
Validation F1: 83.320000
Validation F1: 82.040000
Validation F1: 82.460000
Validation F1: 83.290000
Validation F1: 83.020000
Validation F1: 83.630000
Training loss: 2932.542593


Epoch: 13
Validation F1: 82.070000
Validation F1: 82.140000
Validation F1: 79.750000
Validation F1: 83.390000
Validation F1: 83.590000
Validation F1: 84.350000
Saved!
Training loss: 2679.662666


Epoch: 14
Validation F1: 85.110000
Saved!
Validation F1: 84.990000
Validation F1: 83.170000
Validation F1: 84.200000
Validation F1: 84.620000
Validation F1: 83.550000
Training loss: 2435.500563


Epoch: 15
Validation F1: 82.660000
Validation F1: 84.340000
Validation F1: 83.700000
Validation F1: 83.930000
Validation F1: 83.540000
Validation F1: 83.400000
Training loss: 2332.757076


Epoch: 16
Validation F1: 82.820000
Validation F1: 84.320000
Validation F1: 84.810000
Validation F1: 83.540000
Validation F1: 85.710000
Saved!
Validation F1: 84.050000
Training loss: 2254.584505


Epoch: 17
Validation F1: 84.460000
Validation F1: 83.590000
Validation F1: 83.070000
Validation F1: 84.060000
Validation F1: 84.710000
Validation F1: 83.620000
Training loss: 2022.567754


Epoch: 18
Validation F1: 83.390000
Validation F1: 82.910000
Validation F1: 82.590000
Validation F1: 82.190000
Validation F1: 82.520000
Validation F1: 84.500000
Training loss: 2044.935588


Epoch: 19
Validation F1: 84.970000
Validation F1: 82.960000
Validation F1: 81.980000
Validation F1: 84.760000
Validation F1: 83.620000
Validation F1: 84.280000
Training loss: 1916.237621


Epoch: 20
Validation F1: 84.140000
Validation F1: 85.810000
Saved!
Validation F1: 84.750000
Validation F1: 81.510000
Validation F1: 84.700000
Validation F1: 83.700000
Training loss: 1848.832614


Epoch: 21
Validation F1: 85.470000
Validation F1: 84.100000
Validation F1: 83.660000
Validation F1: 84.030000
Validation F1: 83.890000
Validation F1: 83.420000
Training loss: 1901.616295


Epoch: 22
Validation F1: 83.350000
Validation F1: 84.860000
Validation F1: 82.380000
Validation F1: 82.820000
Validation F1: 82.500000
Validation F1: 83.390000
Training loss: 1789.512510


Epoch: 23
Validation F1: 83.600000
Validation F1: 82.610000
Validation F1: 83.940000
Validation F1: 83.360000
Validation F1: 83.940000
Validation F1: 80.710000
Training loss: 1755.253337


Epoch: 24
Validation F1: 83.420000
Validation F1: 84.380000
Validation F1: 83.980000
Validation F1: 81.610000
Validation F1: 82.670000
Validation F1: 84.710000
Training loss: 1719.031361


Epoch: 25
Validation F1: 83.730000
Validation F1: 84.260000
Validation F1: 84.070000
Validation F1: 83.970000
Validation F1: 84.360000
Validation F1: 86.030000
Saved!
Training loss: 1688.053264


Epoch: 26
Validation F1: 86.660000
Saved!
Validation F1: 83.640000
Validation F1: 85.200000
Validation F1: 86.230000
Validation F1: 85.910000
Validation F1: 84.730000
Training loss: 1633.071600


Epoch: 27
Validation F1: 83.560000
Validation F1: 84.320000
Validation F1: 84.510000
Validation F1: 83.490000
Validation F1: 83.010000
Validation F1: 82.880000
Training loss: 1625.575902


Epoch: 28
Validation F1: 82.640000
Validation F1: 83.520000
Validation F1: 82.920000
Validation F1: 83.290000
Validation F1: 84.160000
Validation F1: 84.650000
Training loss: 1622.344449


Epoch: 29
Validation F1: 84.560000
Validation F1: 85.350000
Validation F1: 84.410000
Validation F1: 83.360000
Validation F1: 82.120000
Validation F1: 82.890000
Training loss: 1602.870410


Epoch: 30
Validation F1: 83.910000
Validation F1: 84.040000
Validation F1: 81.860000
Validation F1: 84.230000
Validation F1: 81.870000
Validation F1: 82.760000
Training loss: 1583.067059


Epoch: 31
Validation F1: 82.300000
Validation F1: 83.400000
Validation F1: 83.040000
Validation F1: 82.830000
Validation F1: 82.990000
Validation F1: 83.660000
Training loss: 1598.132553


Epoch: 32
Validation F1: 83.060000
Validation F1: 83.250000
Validation F1: 84.460000
Validation F1: 83.510000
Validation F1: 82.770000
Validation F1: 82.760000
Training loss: 1506.360968
New learning rate: 0.014285713966403688


Epoch: 33
Validation F1: 86.660000
Validation F1: 85.250000
Validation F1: 85.970000
Validation F1: 85.620000
Validation F1: 86.200000
Validation F1: 84.420000
Training loss: 1667.776028
New learning rate: 0.01360544225289708


Epoch: 34
Validation F1: 86.660000
Validation F1: 83.650000
Validation F1: 84.870000
Validation F1: 84.130000
Validation F1: 83.850000
Validation F1: 83.590000
Training loss: 1642.430338
New learning rate: 0.01295756371248336


Epoch: 35
Validation F1: 86.660000
Validation F1: 85.640000
Validation F1: 83.460000
Validation F1: 84.940000
Validation F1: 83.010000
Validation F1: 83.570000
Training loss: 1650.722780
New learning rate: 0.012340536784558069


Epoch: 36
Validation F1: 86.660000
Validation F1: 85.470000
Validation F1: 84.320000
Validation F1: 84.050000
Validation F1: 83.790000
Validation F1: 83.700000
Training loss: 1554.776845
New learning rate: 0.011752891753401074


Epoch: 37
Validation F1: 86.660000
Validation F1: 85.500000
Validation F1: 84.540000
Validation F1: 84.770000
Validation F1: 83.400000
Validation F1: 84.950000
Training loss: 1596.973314
New learning rate: 0.011193229861202693


Epoch: 38
Validation F1: 86.660000
Validation F1: 84.320000
Validation F1: 84.580000
Validation F1: 83.430000
Validation F1: 85.100000
Validation F1: 84.950000
Training loss: 1599.929920
New learning rate: 0.010660218873194285


Epoch: 39
Validation F1: 86.660000
Validation F1: 86.520000
Validation F1: 84.590000
Validation F1: 84.960000
Validation F1: 83.520000
Validation F1: 84.710000
Training loss: 1606.605731
New learning rate: 0.010152589529752731


Epoch: 40
Validation F1: 86.660000
Validation F1: 85.470000
Validation F1: 84.030000
Validation F1: 86.500000
Validation F1: 84.300000
Validation F1: 85.690000
Training loss: 1602.254790
New learning rate: 0.009669132885478791


Epoch: 41
Validation F1: 86.660000
Validation F1: 85.840000
Validation F1: 85.010000
Validation F1: 84.430000
Validation F1: 84.520000
Validation F1: 84.780000
Training loss: 1554.606489
New learning rate: 0.009208697648275466


Epoch: 42
Validation F1: 86.660000
Validation F1: 85.760000
Validation F1: 84.170000
Validation F1: 84.850000
Validation F1: 83.620000
Validation F1: 83.520000
Training loss: 1590.638867
New learning rate: 0.00877018840540023


Epoch: 43
Validation F1: 86.660000
Validation F1: 85.370000
Validation F1: 86.080000
Validation F1: 85.290000
Validation F1: 85.200000
Validation F1: 84.430000
Training loss: 1574.225244
New learning rate: 0.008352560301621754


Epoch: 44
Validation F1: 86.660000
Validation F1: 86.210000
Validation F1: 84.860000
Validation F1: 86.090000
Validation F1: 84.950000
Validation F1: 85.250000
Training loss: 1590.697681
New learning rate: 0.007954819039219902


Epoch: 45
Validation F1: 86.660000
Validation F1: 85.400000
Validation F1: 84.310000
Validation F1: 85.020000
Validation F1: 85.100000
Validation F1: 84.620000
Training loss: 1565.031040
New learning rate: 0.007576018217064085


Epoch: 46
Validation F1: 86.660000
Validation F1: 85.590000
Validation F1: 86.460000
Validation F1: 85.230000
Validation F1: 85.340000
Validation F1: 85.210000
Training loss: 1540.212928
New learning rate: 0.0072152553392308095


Epoch: 47
Validation F1: 86.660000
Validation F1: 86.180000
Validation F1: 85.160000
Validation F1: 84.800000
Validation F1: 85.640000
Validation F1: 84.650000
Training loss: 1558.544403
New learning rate: 0.006871671815003667


Epoch: 48
Validation F1: 86.660000
Validation F1: 85.760000
Validation F1: 85.670000
Validation F1: 85.420000
Validation F1: 84.500000
Validation F1: 85.000000
Training loss: 1548.641988
New learning rate: 0.006544449410977818


Epoch: 49
Validation F1: 86.660000
Validation F1: 86.490000
Validation F1: 86.010000
Validation F1: 83.970000
Validation F1: 86.140000
Validation F1: 86.620000
Training loss: 1534.296547
New learning rate: 0.006232808920599165


Training time: 3663.2857

Test F1: 79.240000

