Namespace(autoencoder=True, batch_size=16, crf_feats=False, dev='data/kinyarwanda/dev.txt', dev_feats='data/kinyarwanda/dev.txt.softgazfeats.npz', embed=128, feat_func='tanh', lr=0.015, lstm_feats=False, no_decay=False, output_name='kinyarwanda_model', restart=False, test='data/kinyarwanda/test.txt', test_feats='data/kinyarwanda/test.txt.softgazfeats.npz', testing=False, train='data/kinyarwanda/train.txt', train_feats='data/kinyarwanda/train.txt.softgazfeats.npz', trainer='sgd', word_hidden_size=256)

Epoch: 0
Validation F1: 1.520000
Saved!
Validation F1: 0.000000
Validation F1: 0.000000
Validation F1: 0.000000
Validation F1: 0.000000
Validation F1: 0.000000
Training loss: 29264.491764


Epoch: 1
Validation F1: 0.970000
Validation F1: 4.380000
Saved!
Validation F1: 3.020000
Validation F1: 6.140000
Saved!
Validation F1: 6.240000
Saved!
Validation F1: 10.330000
Saved!
Training loss: 22067.798630


Epoch: 2
Validation F1: 9.870000
Validation F1: 17.980000
Saved!
Validation F1: 25.030000
Saved!
Validation F1: 22.220000
Validation F1: 34.890000
Saved!
Validation F1: 42.090000
Saved!
Training loss: 14244.461239


Epoch: 3
Validation F1: 41.820000
Validation F1: 32.350000
Validation F1: 39.350000
Validation F1: 47.020000
Saved!
Validation F1: 43.800000
Validation F1: 48.010000
Saved!
Training loss: 10812.730606


Epoch: 4
Validation F1: 49.850000
Saved!
Validation F1: 48.370000
Validation F1: 50.220000
Saved!
Validation F1: 49.840000
Validation F1: 46.240000
Validation F1: 52.450000
Saved!
Training loss: 8712.553223


Epoch: 5
Validation F1: 49.600000
Validation F1: 52.050000
Validation F1: 50.120000
Validation F1: 49.400000
Validation F1: 55.420000
Saved!
Validation F1: 56.560000
Saved!
Training loss: 7284.608772


Epoch: 6
Validation F1: 54.670000
Validation F1: 54.970000
Validation F1: 57.920000
Saved!
Validation F1: 56.370000
Validation F1: 61.130000
Saved!
Validation F1: 59.670000
Training loss: 6553.246450


Epoch: 7
Validation F1: 58.240000
Validation F1: 60.120000
Validation F1: 61.510000
Saved!
Validation F1: 58.380000
Validation F1: 61.320000
Validation F1: 61.170000
Training loss: 5883.189029


Epoch: 8
Validation F1: 61.620000
Saved!
Validation F1: 60.880000
Validation F1: 63.380000
Saved!
Validation F1: 65.220000
Saved!
Validation F1: 64.850000
Validation F1: 56.150000
Training loss: 5270.952673


Epoch: 9
Validation F1: 59.870000
Validation F1: 62.180000
Validation F1: 56.870000
Validation F1: 66.500000
Saved!
Validation F1: 62.920000
Validation F1: 68.300000
Saved!
Training loss: 4844.839478


Epoch: 10
Validation F1: 67.740000
Validation F1: 67.160000
Validation F1: 62.820000
Validation F1: 60.250000
Validation F1: 63.690000
Validation F1: 66.500000
Training loss: 4317.539152


Epoch: 11
Validation F1: 68.520000
Saved!
Validation F1: 59.590000
Validation F1: 64.620000
Validation F1: 65.660000
Validation F1: 72.670000
Saved!
Validation F1: 65.210000
Training loss: 4105.644978


Epoch: 12
Validation F1: 64.260000
Validation F1: 61.260000
Validation F1: 57.700000
Validation F1: 53.820000
Validation F1: 68.870000
Validation F1: 67.110000
Training loss: 3702.196707


Epoch: 13
Validation F1: 67.000000
Validation F1: 71.790000
Validation F1: 69.900000
Validation F1: 67.960000
Validation F1: 67.370000
Validation F1: 68.470000
Training loss: 3431.290980


Epoch: 14
Validation F1: 69.300000
Validation F1: 66.370000
Validation F1: 70.740000
Validation F1: 66.170000
Validation F1: 68.460000
Validation F1: 64.570000
Training loss: 3183.781704


Epoch: 15
Validation F1: 68.170000
Validation F1: 62.700000
Validation F1: 70.730000
Validation F1: 60.660000
Validation F1: 69.740000
Validation F1: 60.880000
Training loss: 3035.837437


Epoch: 16
Validation F1: 62.420000
Validation F1: 66.000000
Validation F1: 71.020000
Validation F1: 69.470000
Validation F1: 62.840000
Validation F1: 65.380000
Training loss: 2990.543973


Epoch: 17
Validation F1: 63.790000
Validation F1: 65.220000
Validation F1: 68.420000
Validation F1: 70.650000
Validation F1: 63.740000
Validation F1: 67.100000
Training loss: 2727.074943
New learning rate: 0.014285713966403688


Epoch: 18
Validation F1: 72.670000
Validation F1: 64.430000
Validation F1: 68.400000
Validation F1: 67.300000
Validation F1: 66.990000
Validation F1: 62.460000
Training loss: 3748.627337
New learning rate: 0.01360544225289708


Epoch: 19
Validation F1: 72.670000
Validation F1: 66.060000
Validation F1: 65.460000
Validation F1: 66.960000
Validation F1: 67.750000
Validation F1: 66.670000
Training loss: 3682.279372
New learning rate: 0.01295756371248336


Epoch: 20
Validation F1: 72.670000
Validation F1: 68.560000
Validation F1: 64.340000
Validation F1: 67.260000
Validation F1: 68.410000
Validation F1: 66.890000
Training loss: 3557.837565
New learning rate: 0.012340536784558069


Epoch: 21
Validation F1: 72.670000
Validation F1: 60.020000
Validation F1: 67.050000
Validation F1: 67.810000
Validation F1: 62.240000
Validation F1: 68.550000
Training loss: 3710.268495
New learning rate: 0.011752891753401074


Epoch: 22
Validation F1: 72.670000
Validation F1: 66.180000
Validation F1: 69.000000
Validation F1: 62.550000
Validation F1: 69.970000
Validation F1: 63.300000
Training loss: 3604.610590
New learning rate: 0.011193229861202693


Epoch: 23
Validation F1: 72.670000
Validation F1: 61.060000
Validation F1: 65.310000
Validation F1: 63.700000
Validation F1: 60.310000
Validation F1: 68.090000
Training loss: 3618.508575
New learning rate: 0.010660218873194285


Epoch: 24
Validation F1: 72.670000
Validation F1: 67.590000
Validation F1: 62.380000
Validation F1: 67.420000
Validation F1: 69.710000
Validation F1: 66.170000
Training loss: 3614.749265
New learning rate: 0.010152589529752731


Epoch: 25
Validation F1: 72.670000
Validation F1: 70.050000
Validation F1: 63.720000
Validation F1: 67.930000
Validation F1: 62.710000
Validation F1: 69.200000
Training loss: 3667.643587
New learning rate: 0.009669132885478791


Epoch: 26
Validation F1: 72.670000
Validation F1: 65.010000
Validation F1: 68.280000
Validation F1: 70.120000
Validation F1: 63.900000
Validation F1: 67.350000
Training loss: 3583.006208
New learning rate: 0.009208697648275466


Epoch: 27
Validation F1: 72.670000
Validation F1: 64.370000
Validation F1: 69.130000
Validation F1: 66.780000
Validation F1: 69.110000
Validation F1: 68.100000
Training loss: 3537.310528
New learning rate: 0.00877018840540023


Epoch: 28
Validation F1: 72.670000
Validation F1: 67.570000
Validation F1: 70.160000
Validation F1: 70.610000
Validation F1: 69.890000
Validation F1: 69.350000
Training loss: 3515.604119
New learning rate: 0.008352560301621754


Epoch: 29
Validation F1: 72.670000
Validation F1: 66.780000
Validation F1: 66.880000
Validation F1: 67.520000
Validation F1: 61.070000
Validation F1: 69.770000
Training loss: 3558.363417
New learning rate: 0.007954819039219902


Epoch: 30
Validation F1: 72.670000
Validation F1: 70.190000
Validation F1: 67.400000
Validation F1: 64.010000
Validation F1: 68.000000
Validation F1: 67.220000
Training loss: 3503.495893
New learning rate: 0.007576018217064085


Epoch: 31
Validation F1: 72.670000
Validation F1: 65.230000
Validation F1: 61.090000
Validation F1: 64.370000
Validation F1: 70.470000
Validation F1: 70.910000
Training loss: 3511.332047
New learning rate: 0.0072152553392308095


Epoch: 32
Validation F1: 72.670000
Validation F1: 65.880000
Validation F1: 66.780000
Validation F1: 66.030000
Validation F1: 70.020000
Validation F1: 68.950000
Training loss: 3460.067157
New learning rate: 0.006871671815003667


Epoch: 33
Validation F1: 72.670000
Validation F1: 66.990000
Validation F1: 58.180000
Validation F1: 69.650000
Validation F1: 67.590000
Validation F1: 68.250000
Training loss: 3445.248802
New learning rate: 0.006544449410977818


Epoch: 34
Validation F1: 72.670000
Validation F1: 70.370000
Validation F1: 69.920000
Validation F1: 63.860000
Validation F1: 69.390000
Validation F1: 69.730000
Training loss: 3444.077079
New learning rate: 0.006232808920599165


Epoch: 35
Validation F1: 72.670000
Validation F1: 67.910000
Validation F1: 65.290000
Validation F1: 67.850000
Validation F1: 68.210000
Validation F1: 69.020000
Training loss: 3432.141528
New learning rate: 0.0059360083902166


Epoch: 36
Validation F1: 72.670000
Validation F1: 68.760000
Validation F1: 60.720000
Validation F1: 67.580000
Validation F1: 69.020000
Validation F1: 65.280000
Training loss: 3425.475110
New learning rate: 0.0056533413451342355


Epoch: 37
Validation F1: 72.670000
Validation F1: 65.790000
Validation F1: 64.850000
Validation F1: 71.490000
Validation F1: 71.810000
Validation F1: 69.410000
Training loss: 3366.021998
New learning rate: 0.005384134572176706


Epoch: 38
Validation F1: 72.670000
Validation F1: 70.600000
Validation F1: 65.000000
Validation F1: 69.080000
Validation F1: 66.270000
Validation F1: 66.670000
Training loss: 3482.275276
New learning rate: 0.005127747232715288


Epoch: 39
Validation F1: 72.670000
Validation F1: 67.900000
Validation F1: 67.700000
Validation F1: 69.170000
Validation F1: 64.770000
Validation F1: 69.780000
Training loss: 3459.303384
New learning rate: 0.0048835686452332


Epoch: 40
Validation F1: 72.670000
Validation F1: 68.290000
Validation F1: 64.440000
Validation F1: 65.720000
Validation F1: 66.270000
Validation F1: 67.380000
Training loss: 3438.300056
New learning rate: 0.004651017841838655


Epoch: 41
Validation F1: 72.670000
Validation F1: 67.550000
Validation F1: 63.700000
Validation F1: 67.230000
Validation F1: 68.560000
Validation F1: 67.250000
Training loss: 3420.564821
New learning rate: 0.004429540907343228


Epoch: 42
Validation F1: 72.670000
Validation F1: 67.260000
Validation F1: 69.230000
Validation F1: 68.480000
Validation F1: 65.270000
Validation F1: 66.560000
Training loss: 3348.496385
Training patience reached.

Training time: 3403.6662

Test F1: 61.000000

