Namespace(autoencoder=True, batch_size=16, crf_feats=False, dev='data/luganda/dev.txt', dev_feats='data/luganda/dev.txt.softgazfeats.npz', embed=128, feat_func='tanh', lr=0.015, lstm_feats=False, no_decay=False, output_name='luganda_model', restart=False, test='data/luganda/test.txt', test_feats='data/luganda/test.txt.softgazfeats.npz', testing=False, train='data/luganda/train.txt', train_feats='data/luganda/train.txt.softgazfeats.npz', trainer='sgd', word_hidden_size=256)

Epoch: 0
Validation F1: 0.700000
Saved!
Validation F1: 0.000000
Validation F1: 0.000000
Validation F1: 0.000000
Validation F1: 0.000000
Validation F1: 0.000000
Training loss: 25471.922935


Epoch: 1
Validation F1: 0.000000
Validation F1: 0.000000
Validation F1: 0.000000
Validation F1: 1.330000
Saved!
Validation F1: 12.900000
Saved!
Validation F1: 0.000000
Training loss: 19696.314301


Epoch: 2
Validation F1: 0.000000
Validation F1: 0.000000
Validation F1: 0.000000
Validation F1: 12.920000
Saved!
Validation F1: 1.360000
Validation F1: 7.640000
Training loss: 17038.727203


Epoch: 3
Validation F1: 35.490000
Saved!
Validation F1: 34.990000
Validation F1: 23.820000
Validation F1: 37.310000
Saved!
Validation F1: 25.150000
Validation F1: 36.580000
Training loss: 12042.438438


Epoch: 4
Validation F1: 30.140000
Validation F1: 42.910000
Saved!
Validation F1: 38.540000
Validation F1: 31.490000
Validation F1: 33.450000
Validation F1: 42.060000
Training loss: 10661.277317


Epoch: 5
Validation F1: 42.890000
Validation F1: 41.930000
Validation F1: 43.400000
Saved!
Validation F1: 30.480000
Validation F1: 33.990000
Validation F1: 45.480000
Saved!
Training loss: 9247.838303


Epoch: 6
Validation F1: 39.470000
Validation F1: 51.800000
Saved!
Validation F1: 43.970000
Validation F1: 44.930000
Validation F1: 43.180000
Validation F1: 48.720000
Training loss: 8226.484200


Epoch: 7
Validation F1: 35.760000
Validation F1: 45.680000
Validation F1: 52.790000
Saved!
Validation F1: 51.790000
Validation F1: 49.030000
Validation F1: 51.550000
Training loss: 7726.634739


Epoch: 8
Validation F1: 52.940000
Saved!
Validation F1: 53.640000
Saved!
Validation F1: 44.410000
Validation F1: 61.900000
Saved!
Validation F1: 56.900000
Validation F1: 56.130000
Training loss: 6936.506958


Epoch: 9
Validation F1: 54.020000
Validation F1: 62.770000
Saved!
Validation F1: 56.120000
Validation F1: 64.900000
Saved!
Validation F1: 55.890000
Validation F1: 47.650000
Training loss: 6067.485067


Epoch: 10
Validation F1: 53.850000
Validation F1: 61.690000
Validation F1: 65.990000
Saved!
Validation F1: 60.180000
Validation F1: 65.430000
Validation F1: 58.970000
Training loss: 5845.219923


Epoch: 11
Validation F1: 59.180000
Validation F1: 54.970000
Validation F1: 63.370000
Validation F1: 59.710000
Validation F1: 57.190000
Validation F1: 58.860000
Training loss: 5290.648430


Epoch: 12
Validation F1: 57.740000
Validation F1: 59.030000
Validation F1: 47.840000
Validation F1: 59.420000
Validation F1: 51.320000
Validation F1: 59.250000
Training loss: 4965.776085


Epoch: 13
Validation F1: 61.900000
Validation F1: 61.410000
Validation F1: 57.690000
Validation F1: 61.740000
Validation F1: 59.040000
Validation F1: 55.150000
Training loss: 4445.228907


Epoch: 14
Validation F1: 54.820000
Validation F1: 60.090000
Validation F1: 62.380000
Validation F1: 66.450000
Saved!
Validation F1: 64.910000
Validation F1: 65.550000
Training loss: 4099.695729


Epoch: 15
Validation F1: 69.880000
Saved!
Validation F1: 65.200000
Validation F1: 61.690000
Validation F1: 68.570000
Validation F1: 69.440000
Validation F1: 65.210000
Training loss: 3823.556007


Epoch: 16
Validation F1: 67.490000
Validation F1: 64.190000
Validation F1: 64.890000
Validation F1: 67.680000
Validation F1: 59.310000
Validation F1: 59.400000
Training loss: 3683.404934


Epoch: 17
Validation F1: 59.210000
Validation F1: 71.360000
Saved!
Validation F1: 67.210000
Validation F1: 69.890000
Validation F1: 66.910000
Validation F1: 62.440000
Training loss: 3408.494225


Epoch: 18
Validation F1: 59.160000
Validation F1: 59.480000
Validation F1: 68.840000
Validation F1: 57.380000
Validation F1: 62.270000
Validation F1: 68.570000
Training loss: 3003.142033


Epoch: 19
Validation F1: 65.160000
Validation F1: 63.580000
Validation F1: 63.910000
Validation F1: 65.790000
Validation F1: 67.670000
Validation F1: 66.310000
Training loss: 2758.782302


Epoch: 20
Validation F1: 70.120000
Validation F1: 62.980000
Validation F1: 63.420000
Validation F1: 71.270000
Validation F1: 72.910000
Saved!
Validation F1: 67.660000
Training loss: 2609.051519


Epoch: 21
Validation F1: 67.720000
Validation F1: 66.880000
Validation F1: 64.580000
Validation F1: 71.070000
Validation F1: 72.040000
Validation F1: 66.780000
Training loss: 2298.038345


Epoch: 22
Validation F1: 66.090000
Validation F1: 69.940000
Validation F1: 68.990000
Validation F1: 73.670000
Saved!
Validation F1: 70.000000
Validation F1: 65.630000
Training loss: 2174.300882


Epoch: 23
Validation F1: 66.890000
Validation F1: 66.440000
Validation F1: 66.890000
Validation F1: 66.990000
Validation F1: 62.540000
Validation F1: 71.230000
Training loss: 2027.293180


Epoch: 24
Validation F1: 69.810000
Validation F1: 70.300000
Validation F1: 66.550000
Validation F1: 72.640000
Validation F1: 72.400000
Validation F1: 69.490000
Training loss: 1877.428443


Epoch: 25
Validation F1: 69.590000
Validation F1: 65.420000
Validation F1: 68.110000
Validation F1: 72.760000
Validation F1: 69.310000
Validation F1: 65.230000
Training loss: 1854.458287


Epoch: 26
Validation F1: 68.320000
Validation F1: 68.890000
Validation F1: 70.510000
Validation F1: 69.000000
Validation F1: 70.330000
Validation F1: 66.120000
Training loss: 1865.619052


Epoch: 27
Validation F1: 61.720000
Validation F1: 71.560000
Validation F1: 70.820000
Validation F1: 67.580000
Validation F1: 71.240000
Validation F1: 71.200000
Training loss: 1739.283167


Epoch: 28
Validation F1: 71.550000
Validation F1: 69.820000
Validation F1: 70.510000
Validation F1: 70.430000
Validation F1: 67.320000
Validation F1: 69.750000
Training loss: 1659.545355
New learning rate: 0.014285713966403688


Epoch: 29
Validation F1: 73.670000
Validation F1: 69.390000
Validation F1: 69.060000
Validation F1: 67.010000
Validation F1: 64.310000
Validation F1: 70.070000
Training loss: 2162.745928
New learning rate: 0.01360544225289708


Epoch: 30
Validation F1: 73.670000
Validation F1: 65.190000
Validation F1: 73.910000
Saved!
Validation F1: 73.910000
Validation F1: 69.220000
Validation F1: 67.300000
Training loss: 2143.041213


Epoch: 31
Validation F1: 65.270000
Validation F1: 70.530000
Validation F1: 67.120000
Validation F1: 69.220000
Validation F1: 64.730000
Validation F1: 65.610000
Training loss: 1909.930362


Epoch: 32
Validation F1: 61.590000
Validation F1: 66.990000
Validation F1: 72.760000
Validation F1: 72.210000
Validation F1: 70.000000
Validation F1: 72.350000
Training loss: 1790.153102


Epoch: 33
Validation F1: 72.440000
Validation F1: 68.540000
Validation F1: 72.000000
Validation F1: 72.170000
Validation F1: 69.600000
Validation F1: 67.780000
Training loss: 1739.625600


Epoch: 34
Validation F1: 68.790000
Validation F1: 69.690000
Validation F1: 68.720000
Validation F1: 71.290000
Validation F1: 66.030000
Validation F1: 73.770000
Training loss: 1684.152645


Epoch: 35
Validation F1: 73.290000
Validation F1: 68.740000
Validation F1: 72.610000
Validation F1: 68.060000
Validation F1: 71.670000
Validation F1: 71.690000
Training loss: 1623.422682


Epoch: 36
Validation F1: 70.920000
Validation F1: 70.700000
Validation F1: 71.250000
Validation F1: 67.650000
Validation F1: 71.430000
Validation F1: 68.940000
Training loss: 1579.935067
New learning rate: 0.01295756371248336


Epoch: 37
Validation F1: 73.910000
Validation F1: 65.670000
Validation F1: 68.890000
Validation F1: 70.200000
Validation F1: 69.390000
Validation F1: 71.380000
Training loss: 2126.126448
New learning rate: 0.012340536784558069


Epoch: 38
Validation F1: 73.910000
Validation F1: 71.480000
Validation F1: 68.600000
Validation F1: 71.290000
Validation F1: 71.310000
Validation F1: 69.770000
Training loss: 1993.140187
New learning rate: 0.011752891753401074


Epoch: 39
Validation F1: 73.910000
Validation F1: 66.340000
Validation F1: 71.790000
Validation F1: 72.670000
Validation F1: 67.890000
Validation F1: 69.540000
Training loss: 1984.357692
New learning rate: 0.011193229861202693


Epoch: 40
Validation F1: 73.910000
Validation F1: 68.240000
Validation F1: 72.630000
Validation F1: 67.410000
Validation F1: 71.610000
Validation F1: 62.690000
Training loss: 1970.721773
New learning rate: 0.010660218873194285


Epoch: 41
Validation F1: 73.910000
Validation F1: 67.890000
Validation F1: 72.380000
Validation F1: 71.860000
Validation F1: 72.260000
Validation F1: 68.330000
Training loss: 2005.864044
New learning rate: 0.010152589529752731


Epoch: 42
Validation F1: 73.910000
Validation F1: 68.770000
Validation F1: 72.550000
Validation F1: 67.220000
Validation F1: 70.210000
Validation F1: 69.480000
Training loss: 1957.862781
New learning rate: 0.009669132885478791


Epoch: 43
Validation F1: 73.910000
Validation F1: 71.580000
Validation F1: 71.570000
Validation F1: 71.410000
Validation F1: 70.300000
Validation F1: 69.850000
Training loss: 1960.496762
New learning rate: 0.009208697648275466


Epoch: 44
Validation F1: 73.910000
Validation F1: 69.490000
Validation F1: 68.760000
Validation F1: 70.120000
Validation F1: 71.430000
Validation F1: 68.090000
Training loss: 2046.073563
New learning rate: 0.00877018840540023


Epoch: 45
Validation F1: 73.910000
Validation F1: 74.830000
Saved!
Validation F1: 69.590000
Validation F1: 70.550000
Validation F1: 68.520000
Validation F1: 70.130000
Training loss: 1942.906988


Epoch: 46
Validation F1: 72.380000
Validation F1: 69.980000
Validation F1: 70.800000
Validation F1: 71.690000
Validation F1: 67.340000
Validation F1: 70.650000
Training loss: 1803.819506


Epoch: 47
Validation F1: 71.690000
Validation F1: 71.940000
Validation F1: 69.020000
Validation F1: 72.340000
Validation F1: 67.570000
Validation F1: 70.230000
Training loss: 1755.026811


Epoch: 48
Validation F1: 70.230000
Validation F1: 71.000000
Validation F1: 68.460000
Validation F1: 72.220000
Validation F1: 66.980000
Validation F1: 70.050000
Training loss: 1707.468474


Epoch: 49
Validation F1: 69.580000
Validation F1: 70.870000
Validation F1: 72.200000
Validation F1: 72.850000
Validation F1: 70.510000
Validation F1: 72.430000
Training loss: 1579.501595


Training time: 2672.6988

Test F1: 75.940000

