Namespace(autoencoder=True, batch_size=16, crf_feats=False, dev='data/luo/dev.txt', dev_feats='data/luo/dev.txt.softgazfeats.npz', embed=128, feat_func='tanh', lr=0.015, lstm_feats=False, no_decay=False, output_name='luo_model', restart=False, test='data/luo/test.txt', test_feats='data/luo/test.txt.softgazfeats.npz', testing=False, train='data/luo/train.txt', train_feats='data/luo/train.txt.softgazfeats.npz', trainer='sgd', word_hidden_size=256)

Epoch: 0
Validation F1: 0.000000
Validation F1: 0.000000
Validation F1: 0.000000
Validation F1: 0.000000
Validation F1: 0.000000
Validation F1: 0.000000
Training loss: 16606.507629


Epoch: 1
Validation F1: 0.000000
Validation F1: 0.000000
Validation F1: 0.000000
Validation F1: 0.000000
Validation F1: 0.000000
Validation F1: 0.000000
Training loss: 11144.356369


Epoch: 2
Validation F1: 0.000000
Validation F1: 0.000000
Validation F1: 0.000000
Validation F1: 0.000000
Validation F1: 0.000000
Validation F1: 0.000000
Training loss: 10493.597168


Epoch: 3
Validation F1: 0.000000
Validation F1: 0.000000
Validation F1: 0.000000
Validation F1: 0.000000
Validation F1: 0.000000
Validation F1: 0.000000
Training loss: 9708.888088


Epoch: 4
Validation F1: 0.000000
Validation F1: 3.360000
Saved!
Validation F1: 2.800000
Validation F1: 0.960000
Validation F1: 0.000000
Validation F1: 0.000000
Training loss: 9599.474594


Epoch: 5
Validation F1: 0.000000
Validation F1: 3.880000
Saved!
Validation F1: 4.200000
Saved!
Validation F1: 3.620000
Validation F1: 2.860000
Validation F1: 1.880000
Training loss: 8123.347542


Epoch: 6
Validation F1: 0.980000
Validation F1: 0.950000
Validation F1: 7.050000
Saved!
Validation F1: 3.810000
Validation F1: 9.760000
Saved!
Validation F1: 20.610000
Saved!
Training loss: 7079.923668


Epoch: 7
Validation F1: 24.830000
Saved!
Validation F1: 10.810000
Validation F1: 9.600000
Validation F1: 16.670000
Validation F1: 21.970000
Validation F1: 20.510000
Training loss: 6829.641167


Epoch: 8
Validation F1: 20.660000
Validation F1: 29.840000
Saved!
Validation F1: 13.790000
Validation F1: 33.330000
Saved!
Validation F1: 32.000000
Validation F1: 32.030000
Training loss: 5454.116859


Epoch: 9
Validation F1: 35.540000
Saved!
Validation F1: 34.780000
Validation F1: 37.380000
Saved!
Validation F1: 36.240000
Validation F1: 38.690000
Saved!
Validation F1: 33.560000
Training loss: 4797.669624


Epoch: 10
Validation F1: 36.730000
Validation F1: 36.720000
Validation F1: 41.200000
Saved!
Validation F1: 38.060000
Validation F1: 37.710000
Validation F1: 42.410000
Saved!
Training loss: 4981.277416


Epoch: 11
Validation F1: 42.420000
Saved!
Validation F1: 39.740000
Validation F1: 42.720000
Saved!
Validation F1: 39.650000
Validation F1: 37.790000
Validation F1: 38.270000
Training loss: 4281.650391


Epoch: 12
Validation F1: 40.000000
Validation F1: 46.440000
Saved!
Validation F1: 41.420000
Validation F1: 40.740000
Validation F1: 42.480000
Validation F1: 43.560000
Training loss: 4069.060900


Epoch: 13
Validation F1: 39.730000
Validation F1: 44.080000
Validation F1: 43.840000
Validation F1: 49.690000
Saved!
Validation F1: 48.430000
Validation F1: 36.260000
Training loss: 3950.124550


Epoch: 14
Validation F1: 41.110000
Validation F1: 39.090000
Validation F1: 50.000000
Saved!
Validation F1: 35.980000
Validation F1: 48.250000
Validation F1: 53.610000
Saved!
Training loss: 3686.986626


Epoch: 15
Validation F1: 54.550000
Saved!
Validation F1: 54.220000
Validation F1: 55.090000
Saved!
Validation F1: 51.530000
Validation F1: 54.040000
Validation F1: 53.250000
Training loss: 3228.876888


Epoch: 16
Validation F1: 53.990000
Validation F1: 49.060000
Validation F1: 54.440000
Validation F1: 53.060000
Validation F1: 47.320000
Validation F1: 56.000000
Saved!
Training loss: 3447.868135


Epoch: 17
Validation F1: 56.100000
Saved!
Validation F1: 56.000000
Validation F1: 53.780000
Validation F1: 55.930000
Validation F1: 55.090000
Validation F1: 48.810000
Training loss: 2868.173737


Epoch: 18
Validation F1: 49.700000
Validation F1: 56.970000
Saved!
Validation F1: 55.720000
Validation F1: 53.170000
Validation F1: 52.010000
Validation F1: 57.300000
Saved!
Training loss: 2659.474985


Epoch: 19
Validation F1: 56.990000
Validation F1: 56.800000
Validation F1: 51.340000
Validation F1: 57.570000
Saved!
Validation F1: 56.460000
Validation F1: 56.050000
Training loss: 2483.875834


Epoch: 20
Validation F1: 56.020000
Validation F1: 51.450000
Validation F1: 55.050000
Validation F1: 59.060000
Saved!
Validation F1: 57.390000
Validation F1: 56.560000
Training loss: 2326.972651


Epoch: 21
Validation F1: 56.650000
Validation F1: 57.400000
Validation F1: 57.800000
Validation F1: 57.630000
Validation F1: 56.980000
Validation F1: 58.960000
Training loss: 2342.475956


Epoch: 22
Validation F1: 59.410000
Saved!
Validation F1: 59.000000
Validation F1: 62.920000
Saved!
Validation F1: 63.580000
Saved!
Validation F1: 56.230000
Validation F1: 63.010000
Training loss: 2007.110443


Epoch: 23
Validation F1: 61.220000
Validation F1: 55.490000
Validation F1: 57.230000
Validation F1: 63.070000
Validation F1: 59.370000
Validation F1: 61.220000
Training loss: 1982.097618


Epoch: 24
Validation F1: 61.850000
Validation F1: 61.490000
Validation F1: 59.540000
Validation F1: 60.740000
Validation F1: 56.250000
Validation F1: 51.610000
Training loss: 1852.519545


Epoch: 25
Validation F1: 52.660000
Validation F1: 62.680000
Validation F1: 49.540000
Validation F1: 60.230000
Validation F1: 59.490000
Validation F1: 60.530000
Training loss: 1835.614342


Epoch: 26
Validation F1: 58.750000
Validation F1: 60.620000
Validation F1: 58.750000
Validation F1: 61.360000
Validation F1: 61.760000
Validation F1: 62.030000
Training loss: 1730.747297


Epoch: 27
Validation F1: 62.350000
Validation F1: 55.070000
Validation F1: 59.880000
Validation F1: 61.540000
Validation F1: 60.290000
Validation F1: 62.320000
Training loss: 1634.842848


Epoch: 28
Validation F1: 62.320000
Validation F1: 58.410000
Validation F1: 64.570000
Saved!
Validation F1: 57.310000
Validation F1: 63.790000
Validation F1: 59.350000
Training loss: 1491.907862


Epoch: 29
Validation F1: 60.360000
Validation F1: 62.540000
Validation F1: 60.690000
Validation F1: 61.490000
Validation F1: 63.190000
Validation F1: 57.970000
Training loss: 1526.870469


Epoch: 30
Validation F1: 58.890000
Validation F1: 59.820000
Validation F1: 62.360000
Validation F1: 63.130000
Validation F1: 65.160000
Saved!
Validation F1: 59.710000
Training loss: 1417.896224


Epoch: 31
Validation F1: 59.880000
Validation F1: 59.370000
Validation F1: 64.200000
Validation F1: 62.860000
Validation F1: 59.300000
Validation F1: 55.950000
Training loss: 1320.316509


Epoch: 32
Validation F1: 55.950000
Validation F1: 60.280000
Validation F1: 59.150000
Validation F1: 59.660000
Validation F1: 59.410000
Validation F1: 62.750000
Training loss: 1263.316819


Epoch: 33
Validation F1: 62.920000
Validation F1: 60.120000
Validation F1: 59.500000
Validation F1: 61.360000
Validation F1: 62.750000
Validation F1: 62.750000
Training loss: 1399.731955


Epoch: 34
Validation F1: 61.580000
Validation F1: 61.490000
Validation F1: 61.620000
Validation F1: 59.060000
Validation F1: 58.860000
Validation F1: 61.970000
Training loss: 1193.377992


Epoch: 35
Validation F1: 63.280000
Validation F1: 63.460000
Validation F1: 61.930000
Validation F1: 61.000000
Validation F1: 62.500000
Validation F1: 62.320000
Training loss: 1153.658852


Epoch: 36
Validation F1: 63.820000
Validation F1: 61.020000
Validation F1: 62.030000
Validation F1: 60.570000
Validation F1: 60.620000
Validation F1: 60.120000
Training loss: 1118.943426
New learning rate: 0.014285713966403688


Epoch: 37
Validation F1: 65.160000
Validation F1: 60.560000
Validation F1: 59.040000
Validation F1: 58.360000
Validation F1: 61.270000
Validation F1: 65.540000
Saved!
Training loss: 1323.514116


Epoch: 38
Validation F1: 63.840000
Validation F1: 59.880000
Validation F1: 61.540000
Validation F1: 57.060000
Validation F1: 65.700000
Saved!
Validation F1: 61.540000
Training loss: 1283.505188


Epoch: 39
Validation F1: 60.400000
Validation F1: 61.320000
Validation F1: 62.070000
Validation F1: 60.740000
Validation F1: 60.170000
Validation F1: 63.710000
Training loss: 1260.199934


Epoch: 40
Validation F1: 64.110000
Validation F1: 57.800000
Validation F1: 58.380000
Validation F1: 61.800000
Validation F1: 62.290000
Validation F1: 59.480000
Training loss: 1186.557778


Epoch: 41
Validation F1: 59.480000
Validation F1: 62.710000
Validation F1: 57.060000
Validation F1: 60.590000
Validation F1: 61.710000
Validation F1: 62.860000
Training loss: 1107.146078


Epoch: 42
Validation F1: 62.500000
Validation F1: 61.990000
Validation F1: 59.880000
Validation F1: 61.990000
Validation F1: 59.490000
Validation F1: 60.590000
Training loss: 1104.188128


Epoch: 43
Validation F1: 60.950000
Validation F1: 63.770000
Validation F1: 60.940000
Validation F1: 61.990000
Validation F1: 57.870000
Validation F1: 60.400000
Training loss: 1115.074455


Epoch: 44
Validation F1: 61.360000
Validation F1: 62.500000
Validation F1: 58.240000
Validation F1: 61.050000
Validation F1: 59.710000
Validation F1: 58.240000
Training loss: 1060.322379
New learning rate: 0.01360544225289708


Epoch: 45
Validation F1: 65.700000
Validation F1: 61.710000
Validation F1: 62.130000
Validation F1: 62.130000
Validation F1: 60.890000
Validation F1: 64.550000
Training loss: 1215.285014
New learning rate: 0.01295756371248336


Epoch: 46
Validation F1: 65.700000
Validation F1: 60.180000
Validation F1: 60.110000
Validation F1: 62.820000
Validation F1: 64.000000
Validation F1: 62.460000
Training loss: 1251.646462
New learning rate: 0.012340536784558069


Epoch: 47
Validation F1: 65.700000
Validation F1: 63.040000
Validation F1: 58.960000
Validation F1: 60.000000
Validation F1: 57.230000
Validation F1: 61.850000
Training loss: 1259.811653
New learning rate: 0.011752891753401074


Epoch: 48
Validation F1: 65.700000
Validation F1: 63.310000
Validation F1: 61.540000
Validation F1: 61.990000
Validation F1: 58.400000
Validation F1: 60.740000
Training loss: 1271.676590
New learning rate: 0.011193229861202693


Epoch: 49
Validation F1: 65.700000
Validation F1: 63.790000
Validation F1: 58.240000
Validation F1: 60.590000
Validation F1: 62.860000
Validation F1: 57.310000
Training loss: 1220.820765
New learning rate: 0.010660218873194285


Training time: 1637.2209

Test F1: 65.510000

