Namespace(autoencoder=True, batch_size=16, crf_feats=False, dev='news/luganda/dev.txt', dev_feats='news/luganda/dev.txt.softgazfeats.npz', embed=128, feat_func='tanh', lr=0.015, lstm_feats=False, no_decay=False, output_name='news_luganda_model', restart=False, test='news/luganda/test.txt', test_feats='news/luganda/test.txt.softgazfeats.npz', testing=False, train='news/luganda/train.txt', train_feats='news/luganda/train.txt.softgazfeats.npz', trainer='sgd', word_hidden_size=256)

Epoch: 0
Validation F1: 5.980000
Saved!
Validation F1: 0.000000
Validation F1: 0.000000
Validation F1: 4.320000
Validation F1: 0.000000
Validation F1: 0.000000
Training loss: 20076.706024


Epoch: 1
Validation F1: 0.000000
Validation F1: 0.000000
Validation F1: 0.000000
Validation F1: 0.000000
Validation F1: 3.600000
Validation F1: 7.190000
Saved!
Training loss: 15589.502106


Epoch: 2
Validation F1: 16.790000
Saved!
Validation F1: 0.000000
Validation F1: 20.820000
Saved!
Validation F1: 17.830000
Validation F1: 42.290000
Saved!
Validation F1: 41.440000
Training loss: 12641.046989


Epoch: 3
Validation F1: 32.690000
Validation F1: 34.520000
Validation F1: 36.890000
Validation F1: 42.690000
Saved!
Validation F1: 30.400000
Validation F1: 41.740000
Training loss: 7801.219288


Epoch: 4
Validation F1: 43.370000
Saved!
Validation F1: 47.970000
Saved!
Validation F1: 18.260000
Validation F1: 38.960000
Validation F1: 40.140000
Validation F1: 40.560000
Training loss: 7270.611090


Epoch: 5
Validation F1: 49.280000
Saved!
Validation F1: 43.840000
Validation F1: 40.250000
Validation F1: 46.340000
Validation F1: 52.760000
Saved!
Validation F1: 54.750000
Saved!
Training loss: 6258.393978


Epoch: 6
Validation F1: 48.030000
Validation F1: 59.730000
Saved!
Validation F1: 59.270000
Validation F1: 48.210000
Validation F1: 61.780000
Saved!
Validation F1: 60.530000
Training loss: 5850.054562


Epoch: 7
Validation F1: 62.410000
Saved!
Validation F1: 53.910000
Validation F1: 56.070000
Validation F1: 55.790000
Validation F1: 53.050000
Validation F1: 60.400000
Training loss: 5385.333223


Epoch: 8
Validation F1: 42.150000
Validation F1: 44.060000
Validation F1: 57.250000
Validation F1: 57.200000
Validation F1: 55.670000
Validation F1: 46.340000
Training loss: 5189.208405


Epoch: 9
Validation F1: 55.860000
Validation F1: 61.110000
Validation F1: 60.750000
Validation F1: 57.360000
Validation F1: 50.650000
Validation F1: 60.590000
Training loss: 4721.786781


Epoch: 10
Validation F1: 43.520000
Validation F1: 54.850000
Validation F1: 63.050000
Saved!
Validation F1: 62.980000
Validation F1: 66.540000
Saved!
Validation F1: 66.330000
Training loss: 4643.792704


Epoch: 11
Validation F1: 64.670000
Validation F1: 68.030000
Saved!
Validation F1: 69.370000
Saved!
Validation F1: 56.460000
Validation F1: 52.690000
Validation F1: 49.270000
Training loss: 4219.139166


Epoch: 12
Validation F1: 41.100000
Validation F1: 54.590000
Validation F1: 66.790000
Validation F1: 58.400000
Validation F1: 63.880000
Validation F1: 59.930000
Training loss: 3942.310131


Epoch: 13
Validation F1: 64.700000
Validation F1: 52.340000
Validation F1: 60.000000
Validation F1: 61.390000
Validation F1: 64.210000
Validation F1: 62.570000
Training loss: 3614.654074


Epoch: 14
Validation F1: 67.390000
Validation F1: 68.670000
Validation F1: 57.920000
Validation F1: 68.090000
Validation F1: 68.320000
Validation F1: 63.810000
Training loss: 3541.904885


Epoch: 15
Validation F1: 69.910000
Saved!
Validation F1: 65.840000
Validation F1: 64.920000
Validation F1: 56.060000
Validation F1: 70.690000
Saved!
Validation F1: 70.220000
Training loss: 3110.973057


Epoch: 16
Validation F1: 66.780000
Validation F1: 69.390000
Validation F1: 69.260000
Validation F1: 70.860000
Saved!
Validation F1: 70.250000
Validation F1: 68.010000
Training loss: 2879.319055


Epoch: 17
Validation F1: 67.900000
Validation F1: 70.920000
Saved!
Validation F1: 67.620000
Validation F1: 70.740000
Validation F1: 69.030000
Validation F1: 68.930000
Training loss: 2684.397446


Epoch: 18
Validation F1: 65.910000
Validation F1: 66.670000
Validation F1: 65.090000
Validation F1: 66.670000
Validation F1: 73.510000
Saved!
Validation F1: 72.080000
Training loss: 2532.754804


Epoch: 19
Validation F1: 73.190000
Validation F1: 72.010000
Validation F1: 69.960000
Validation F1: 70.090000
Validation F1: 72.010000
Validation F1: 73.120000
Training loss: 2292.323636


Epoch: 20
Validation F1: 74.710000
Saved!
Validation F1: 64.230000
Validation F1: 71.760000
Validation F1: 69.390000
Validation F1: 69.200000
Validation F1: 61.870000
Training loss: 2106.217772


Epoch: 21
Validation F1: 67.520000
Validation F1: 65.910000
Validation F1: 66.410000
Validation F1: 72.520000
Validation F1: 69.630000
Validation F1: 72.860000
Training loss: 1957.071229


Epoch: 22
Validation F1: 73.590000
Validation F1: 58.300000
Validation F1: 72.500000
Validation F1: 67.540000
Validation F1: 68.800000
Validation F1: 71.060000
Training loss: 1789.446238


Epoch: 23
Validation F1: 72.080000
Validation F1: 72.180000
Validation F1: 71.620000
Validation F1: 67.630000
Validation F1: 72.070000
Validation F1: 71.910000
Training loss: 1702.554661


Epoch: 24
Validation F1: 71.130000
Validation F1: 69.340000
Validation F1: 68.830000
Validation F1: 72.080000
Validation F1: 70.260000
Validation F1: 71.430000
Training loss: 1621.980891


Epoch: 25
Validation F1: 71.080000
Validation F1: 69.510000
Validation F1: 72.590000
Validation F1: 63.970000
Validation F1: 71.030000
Validation F1: 64.000000
Training loss: 1561.114047


Epoch: 26
Validation F1: 66.930000
Validation F1: 67.790000
Validation F1: 66.390000
Validation F1: 73.760000
Validation F1: 71.740000
Validation F1: 72.700000
Training loss: 1503.839977
New learning rate: 0.014285713966403688


Epoch: 27
Validation F1: 74.710000
Validation F1: 70.230000
Validation F1: 69.440000
Validation F1: 67.750000
Validation F1: 70.200000
Validation F1: 62.310000
Training loss: 2063.628572
New learning rate: 0.01360544225289708


Epoch: 28
Validation F1: 74.710000
Validation F1: 75.130000
Saved!
Validation F1: 66.060000
Validation F1: 68.370000
Validation F1: 64.530000
Validation F1: 65.650000
Training loss: 2077.491513


Epoch: 29
Validation F1: 67.700000
Validation F1: 70.420000
Validation F1: 71.050000
Validation F1: 70.730000
Validation F1: 72.310000
Validation F1: 62.200000
Training loss: 1895.945621


Epoch: 30
Validation F1: 64.090000
Validation F1: 69.260000
Validation F1: 68.800000
Validation F1: 70.230000
Validation F1: 66.300000
Validation F1: 70.910000
Training loss: 1818.894852


Epoch: 31
Validation F1: 70.570000
Validation F1: 70.480000
Validation F1: 69.580000
Validation F1: 71.770000
Validation F1: 73.490000
Validation F1: 66.670000
Training loss: 1658.965751


Epoch: 32
Validation F1: 71.190000
Validation F1: 69.730000
Validation F1: 69.940000
Validation F1: 70.050000
Validation F1: 69.270000
Validation F1: 71.730000
Training loss: 1534.613550


Epoch: 33
Validation F1: 73.210000
Validation F1: 68.830000
Validation F1: 71.270000
Validation F1: 68.600000
Validation F1: 71.920000
Validation F1: 71.290000
Training loss: 1513.183944


Epoch: 34
Validation F1: 68.990000
Validation F1: 74.170000
Validation F1: 72.090000
Validation F1: 71.790000
Validation F1: 72.150000
Validation F1: 73.850000
Training loss: 1499.554002
New learning rate: 0.01295756371248336


Epoch: 35
Validation F1: 75.130000
Validation F1: 67.710000
Validation F1: 69.660000
Validation F1: 74.180000
Validation F1: 69.940000
Validation F1: 62.970000
Training loss: 2045.941359
New learning rate: 0.012340536784558069


Epoch: 36
Validation F1: 75.130000
Validation F1: 72.390000
Validation F1: 71.610000
Validation F1: 67.720000
Validation F1: 68.880000
Validation F1: 69.350000
Training loss: 2018.304285
New learning rate: 0.011752891753401074


Epoch: 37
Validation F1: 75.130000
Validation F1: 71.590000
Validation F1: 68.530000
Validation F1: 65.930000
Validation F1: 73.450000
Validation F1: 69.410000
Training loss: 1948.238815
New learning rate: 0.011193229861202693


Epoch: 38
Validation F1: 75.130000
Validation F1: 71.510000
Validation F1: 71.350000
Validation F1: 64.430000
Validation F1: 72.760000
Validation F1: 67.990000
Training loss: 1974.101879
New learning rate: 0.010660218873194285


Epoch: 39
Validation F1: 75.130000
Validation F1: 72.250000
Validation F1: 63.450000
Validation F1: 72.220000
Validation F1: 64.700000
Validation F1: 68.730000
Training loss: 2029.099994
New learning rate: 0.010152589529752731


Epoch: 40
Validation F1: 75.130000
Validation F1: 67.950000
Validation F1: 65.630000
Validation F1: 71.920000
Validation F1: 70.310000
Validation F1: 67.680000
Training loss: 2055.558589
New learning rate: 0.009669132885478791


Epoch: 41
Validation F1: 75.130000
Validation F1: 65.190000
Validation F1: 71.530000
Validation F1: 66.040000
Validation F1: 71.140000
Validation F1: 71.340000
Training loss: 1932.656157
New learning rate: 0.009208697648275466


Epoch: 42
Validation F1: 75.130000
Validation F1: 73.680000
Validation F1: 66.670000
Validation F1: 68.910000
Validation F1: 69.390000
Validation F1: 67.860000
Training loss: 1947.011039
New learning rate: 0.00877018840540023


Epoch: 43
Validation F1: 75.130000
Validation F1: 67.030000
Validation F1: 68.410000
Validation F1: 70.100000
Validation F1: 73.680000
Validation F1: 73.860000
Training loss: 1896.904531
New learning rate: 0.008352560301621754


Epoch: 44
Validation F1: 75.130000
Validation F1: 64.060000
Validation F1: 72.310000
Validation F1: 65.510000
Validation F1: 68.980000
Validation F1: 73.720000
Training loss: 1916.559729
New learning rate: 0.007954819039219902


Epoch: 45
Validation F1: 75.130000
Validation F1: 69.290000
Validation F1: 70.540000
Validation F1: 72.830000
Validation F1: 69.110000
Validation F1: 67.150000
Training loss: 1899.228004
New learning rate: 0.007576018217064085


Epoch: 46
Validation F1: 75.130000
Validation F1: 61.160000
Validation F1: 72.960000
Validation F1: 72.730000
Validation F1: 72.690000
Validation F1: 72.290000
Training loss: 1911.582596
New learning rate: 0.0072152553392308095


Epoch: 47
Validation F1: 75.130000
Validation F1: 66.790000
Validation F1: 72.630000
Validation F1: 64.270000
Validation F1: 72.110000
Validation F1: 72.390000
Training loss: 1914.756942
New learning rate: 0.006871671815003667


Epoch: 48
Validation F1: 75.130000
Validation F1: 69.790000
Validation F1: 70.670000
Validation F1: 73.610000
Validation F1: 68.980000
Validation F1: 68.660000
Training loss: 1900.983637
New learning rate: 0.006544449410977818


Epoch: 49
Validation F1: 75.130000
Validation F1: 70.150000
Validation F1: 73.700000
Validation F1: 73.840000
Validation F1: 67.800000
Validation F1: 75.140000
Saved!
Training loss: 1955.626128


Training time: 2636.9367

Test F1: 74.720000

