Namespace(autoencoder=True, batch_size=16, crf_feats=False, dev='news/hausa/dev.txt', dev_feats='news/hausa/dev.txt.softgazfeats.npz', embed=128, feat_func='tanh', lr=0.015, lstm_feats=False, no_decay=False, output_name='news_hausa_model', restart=False, test='news/hausa/test.txt', test_feats='news/hausa/test.txt.softgazfeats.npz', testing=False, train='news/hausa/train.txt', train_feats='news/hausa/train.txt.softgazfeats.npz', trainer='sgd', word_hidden_size=256)

Epoch: 0
Validation F1: 1.020000
Saved!
Validation F1: 0.000000
Validation F1: 0.000000
Validation F1: 0.000000
Validation F1: 0.000000
Validation F1: 0.000000
Training loss: 31446.957794


Epoch: 1
Validation F1: 0.000000
Validation F1: 0.700000
Validation F1: 23.960000
Saved!
Validation F1: 36.890000
Saved!
Validation F1: 28.000000
Validation F1: 31.620000
Training loss: 20044.901802


Epoch: 2
Validation F1: 42.400000
Saved!
Validation F1: 15.080000
Validation F1: 51.880000
Saved!
Validation F1: 47.300000
Validation F1: 52.570000
Saved!
Validation F1: 54.330000
Saved!
Training loss: 13002.147736


Epoch: 3
Validation F1: 53.890000
Validation F1: 59.840000
Saved!
Validation F1: 63.440000
Saved!
Validation F1: 59.330000
Validation F1: 66.350000
Saved!
Validation F1: 66.730000
Saved!
Training loss: 11995.061234


Epoch: 4
Validation F1: 66.610000
Validation F1: 68.680000
Saved!
Validation F1: 59.250000
Validation F1: 71.320000
Saved!
Validation F1: 69.900000
Validation F1: 72.800000
Saved!
Training loss: 9471.059841


Epoch: 5
Validation F1: 71.110000
Validation F1: 74.380000
Saved!
Validation F1: 75.700000
Saved!
Validation F1: 77.920000
Saved!
Validation F1: 73.950000
Validation F1: 73.200000
Training loss: 8225.175751


Epoch: 6
Validation F1: 77.000000
Validation F1: 81.410000
Saved!
Validation F1: 79.680000
Validation F1: 76.600000
Validation F1: 79.360000
Validation F1: 81.220000
Training loss: 7690.942684


Epoch: 7
Validation F1: 79.830000
Validation F1: 79.290000
Validation F1: 81.560000
Saved!
Validation F1: 85.030000
Saved!
Validation F1: 85.690000
Saved!
Validation F1: 80.320000
Training loss: 7061.958500


Epoch: 8
Validation F1: 83.150000
Validation F1: 84.580000
Validation F1: 85.760000
Saved!
Validation F1: 82.460000
Validation F1: 84.830000
Validation F1: 84.070000
Training loss: 6344.965755


Epoch: 9
Validation F1: 86.520000
Saved!
Validation F1: 86.200000
Validation F1: 87.710000
Saved!
Validation F1: 85.270000
Validation F1: 88.030000
Saved!
Validation F1: 87.450000
Training loss: 5825.264423


Epoch: 10
Validation F1: 87.610000
Validation F1: 87.230000
Validation F1: 87.310000
Validation F1: 86.740000
Validation F1: 87.410000
Validation F1: 86.740000
Training loss: 5481.095778


Epoch: 11
Validation F1: 87.180000
Validation F1: 85.690000
Validation F1: 85.160000
Validation F1: 85.480000
Validation F1: 87.710000
Validation F1: 88.420000
Saved!
Training loss: 5035.536627


Epoch: 12
Validation F1: 88.830000
Saved!
Validation F1: 87.650000
Validation F1: 87.660000
Validation F1: 88.000000
Validation F1: 86.560000
Validation F1: 88.520000
Training loss: 4832.098870


Epoch: 13
Validation F1: 88.620000
Validation F1: 88.730000
Validation F1: 88.320000
Validation F1: 88.260000
Validation F1: 88.420000
Validation F1: 88.650000
Training loss: 4500.318231


Epoch: 14
Validation F1: 88.490000
Validation F1: 88.510000
Validation F1: 86.040000
Validation F1: 88.140000
Validation F1: 88.630000
Validation F1: 88.810000
Training loss: 4355.783882


Epoch: 15
Validation F1: 89.400000
Saved!
Validation F1: 88.400000
Validation F1: 89.420000
Saved!
Validation F1: 86.630000
Validation F1: 88.910000
Validation F1: 89.580000
Saved!
Training loss: 4163.178821


Epoch: 16
Validation F1: 89.680000
Saved!
Validation F1: 89.730000
Saved!
Validation F1: 89.810000
Saved!
Validation F1: 87.670000
Validation F1: 89.070000
Validation F1: 89.110000
Training loss: 4061.791094


Epoch: 17
Validation F1: 89.870000
Saved!
Validation F1: 89.980000
Saved!
Validation F1: 89.660000
Validation F1: 88.830000
Validation F1: 88.220000
Validation F1: 87.650000
Training loss: 3839.522125


Epoch: 18
Validation F1: 89.460000
Validation F1: 88.640000
Validation F1: 89.070000
Validation F1: 90.970000
Saved!
Validation F1: 88.390000
Validation F1: 89.510000
Training loss: 3833.842851


Epoch: 19
Validation F1: 89.920000
Validation F1: 88.870000
Validation F1: 90.020000
Validation F1: 90.880000
Validation F1: 89.710000
Validation F1: 90.440000
Training loss: 3823.112884


Epoch: 20
Validation F1: 91.080000
Saved!
Validation F1: 89.120000
Validation F1: 89.640000
Validation F1: 91.200000
Saved!
Validation F1: 89.640000
Validation F1: 88.340000
Training loss: 3729.545025


Epoch: 21
Validation F1: 89.320000
Validation F1: 89.610000
Validation F1: 89.140000
Validation F1: 90.240000
Validation F1: 90.550000
Validation F1: 90.630000
Training loss: 3645.371739


Epoch: 22
Validation F1: 90.960000
Validation F1: 91.380000
Saved!
Validation F1: 89.760000
Validation F1: 89.790000
Validation F1: 89.840000
Validation F1: 88.770000
Training loss: 3721.284780


Epoch: 23
Validation F1: 89.730000
Validation F1: 91.230000
Validation F1: 90.500000
Validation F1: 90.250000
Validation F1: 89.980000
Validation F1: 90.410000
Training loss: 3570.222213


Epoch: 24
Validation F1: 90.350000
Validation F1: 89.300000
Validation F1: 90.450000
Validation F1: 90.860000
Validation F1: 90.460000
Validation F1: 87.980000
Training loss: 3618.383912


Epoch: 25
Validation F1: 87.670000
Validation F1: 89.530000
Validation F1: 89.450000
Validation F1: 89.830000
Validation F1: 90.400000
Validation F1: 90.560000
Training loss: 3513.561270


Epoch: 26
Validation F1: 90.370000
Validation F1: 89.530000
Validation F1: 89.170000
Validation F1: 90.780000
Validation F1: 89.800000
Validation F1: 91.560000
Saved!
Training loss: 3502.530962


Epoch: 27
Validation F1: 92.350000
Saved!
Validation F1: 90.810000
Validation F1: 90.650000
Validation F1: 90.460000
Validation F1: 89.210000
Validation F1: 89.360000
Training loss: 3591.660723


Epoch: 28
Validation F1: 90.060000
Validation F1: 89.780000
Validation F1: 89.830000
Validation F1: 89.460000
Validation F1: 91.130000
Validation F1: 90.190000
Training loss: 3514.681125


Epoch: 29
Validation F1: 89.460000
Validation F1: 89.630000
Validation F1: 90.040000
Validation F1: 87.900000
Validation F1: 91.010000
Validation F1: 88.590000
Training loss: 3463.879375


Epoch: 30
Validation F1: 88.690000
Validation F1: 91.140000
Validation F1: 90.650000
Validation F1: 90.060000
Validation F1: 90.110000
Validation F1: 89.760000
Training loss: 3453.328613


Epoch: 31
Validation F1: 89.470000
Validation F1: 90.200000
Validation F1: 89.370000
Validation F1: 89.810000
Validation F1: 89.250000
Validation F1: 88.750000
Training loss: 3414.403140


Epoch: 32
Validation F1: 87.940000
Validation F1: 87.240000
Validation F1: 88.750000
Validation F1: 90.060000
Validation F1: 89.230000
Validation F1: 90.220000
Training loss: 3420.114481


Epoch: 33
Validation F1: 91.960000
Validation F1: 89.500000
Validation F1: 88.050000
Validation F1: 89.250000
Validation F1: 89.480000
Validation F1: 89.930000
Training loss: 3439.355810
New learning rate: 0.014285713966403688


Epoch: 34
Validation F1: 92.350000
Validation F1: 90.700000
Validation F1: 91.150000
Validation F1: 90.040000
Validation F1: 89.590000
Validation F1: 89.340000
Training loss: 3507.462697
New learning rate: 0.01360544225289708


Epoch: 35
Validation F1: 92.350000
Validation F1: 90.180000
Validation F1: 91.540000
Validation F1: 90.030000
Validation F1: 91.810000
Validation F1: 90.250000
Training loss: 3521.525048
New learning rate: 0.01295756371248336


Epoch: 36
Validation F1: 92.350000
Validation F1: 90.250000
Validation F1: 91.150000
Validation F1: 90.040000
Validation F1: 88.300000
Validation F1: 89.500000
Training loss: 3467.579710
New learning rate: 0.012340536784558069


Epoch: 37
Validation F1: 92.350000
Validation F1: 91.330000
Validation F1: 89.930000
Validation F1: 88.400000
Validation F1: 90.030000
Validation F1: 90.840000
Training loss: 3471.816820
New learning rate: 0.011752891753401074


Epoch: 38
Validation F1: 92.350000
Validation F1: 90.160000
Validation F1: 91.130000
Validation F1: 90.660000
Validation F1: 89.130000
Validation F1: 89.760000
Training loss: 3495.540960
New learning rate: 0.011193229861202693


Epoch: 39
Validation F1: 92.350000
Validation F1: 91.110000
Validation F1: 91.410000
Validation F1: 91.240000
Validation F1: 90.970000
Validation F1: 91.300000
Training loss: 3472.180604
New learning rate: 0.010660218873194285


Epoch: 40
Validation F1: 92.350000
Validation F1: 88.570000
Validation F1: 92.070000
Validation F1: 90.600000
Validation F1: 91.460000
Validation F1: 90.620000
Training loss: 3434.668222
New learning rate: 0.010152589529752731


Epoch: 41
Validation F1: 92.350000
Validation F1: 90.830000
Validation F1: 91.560000
Validation F1: 91.140000
Validation F1: 91.320000
Validation F1: 91.620000
Training loss: 3425.358815
New learning rate: 0.009669132885478791


Epoch: 42
Validation F1: 92.350000
Validation F1: 90.630000
Validation F1: 90.510000
Validation F1: 91.550000
Validation F1: 91.280000
Validation F1: 90.570000
Training loss: 3463.399652
New learning rate: 0.009208697648275466


Epoch: 43
Validation F1: 92.350000
Validation F1: 91.530000
Validation F1: 90.700000
Validation F1: 91.780000
Validation F1: 91.070000
Validation F1: 91.480000
Training loss: 3447.289246
New learning rate: 0.00877018840540023


Epoch: 44
Validation F1: 92.350000
Validation F1: 91.790000
Validation F1: 89.880000
Validation F1: 90.810000
Validation F1: 91.840000
Validation F1: 91.910000
Training loss: 3438.515961
New learning rate: 0.008352560301621754


Epoch: 45
Validation F1: 92.350000
Validation F1: 90.780000
Validation F1: 90.750000
Validation F1: 90.880000
Validation F1: 89.530000
Validation F1: 90.340000
Training loss: 3407.806274
New learning rate: 0.007954819039219902


Epoch: 46
Validation F1: 92.350000
Validation F1: 91.620000
Validation F1: 91.600000
Validation F1: 90.360000
Validation F1: 90.340000
Validation F1: 90.630000
Training loss: 3419.612338
New learning rate: 0.007576018217064085


Epoch: 47
Validation F1: 92.350000
Validation F1: 91.070000
Validation F1: 90.940000
Validation F1: 91.150000
Validation F1: 91.340000
Validation F1: 90.190000
Training loss: 3471.375752
New learning rate: 0.0072152553392308095


Epoch: 48
Validation F1: 92.350000
Validation F1: 90.750000
Validation F1: 91.110000
Validation F1: 91.870000
Validation F1: 90.570000
Validation F1: 90.910000
Training loss: 3447.487042
New learning rate: 0.006871671815003667


Epoch: 49
Validation F1: 92.350000
Validation F1: 91.640000
Validation F1: 91.900000
Validation F1: 90.710000
Validation F1: 91.170000
Validation F1: 91.640000
Training loss: 3411.718885
New learning rate: 0.006544449410977818


Training time: 4797.2470

Test F1: 85.610000

