Namespace(autoencoder=True, batch_size=16, crf_feats=False, dev='data/swahili/dev.txt', dev_feats='data/swahili/dev.txt.softgazfeats.npz', embed=128, feat_func='tanh', lr=0.015, lstm_feats=False, no_decay=False, output_name='swahili_model', restart=False, test='data/swahili/test.txt', test_feats='data/swahili/test.txt.softgazfeats.npz', testing=False, train='data/swahili/train.txt', train_feats='data/swahili/train.txt.softgazfeats.npz', trainer='sgd', word_hidden_size=256)

Epoch: 0
Validation F1: 3.690000
Saved!
Validation F1: 0.000000
Validation F1: 0.000000
Validation F1: 0.000000
Validation F1: 0.000000
Validation F1: 0.000000
Training loss: 40410.103745


Epoch: 1
Validation F1: 0.000000
Validation F1: 0.000000
Validation F1: 0.000000
Validation F1: 9.370000
Saved!
Validation F1: 12.310000
Saved!
Validation F1: 10.620000
Training loss: 29672.951996


Epoch: 2
Validation F1: 11.540000
Validation F1: 30.520000
Saved!
Validation F1: 22.120000
Validation F1: 28.010000
Validation F1: 29.020000
Validation F1: 43.930000
Saved!
Training loss: 20216.564175


Epoch: 3
Validation F1: 39.310000
Validation F1: 45.780000
Saved!
Validation F1: 26.320000
Validation F1: 49.500000
Saved!
Validation F1: 51.030000
Saved!
Validation F1: 52.740000
Saved!
Training loss: 15791.967037


Epoch: 4
Validation F1: 51.940000
Validation F1: 60.530000
Saved!
Validation F1: 63.750000
Saved!
Validation F1: 62.610000
Validation F1: 67.600000
Saved!
Validation F1: 62.030000
Training loss: 12623.647171


Epoch: 5
Validation F1: 66.040000
Validation F1: 66.920000
Validation F1: 67.480000
Validation F1: 71.850000
Saved!
Validation F1: 73.280000
Saved!
Validation F1: 73.040000
Training loss: 10778.946507


Epoch: 6
Validation F1: 74.060000
Saved!
Validation F1: 70.570000
Validation F1: 72.250000
Validation F1: 72.990000
Validation F1: 77.160000
Saved!
Validation F1: 75.090000
Training loss: 9831.227859


Epoch: 7
Validation F1: 76.530000
Validation F1: 75.520000
Validation F1: 76.320000
Validation F1: 73.970000
Validation F1: 72.570000
Validation F1: 76.740000
Training loss: 8678.609810


Epoch: 8
Validation F1: 76.320000
Validation F1: 79.020000
Saved!
Validation F1: 78.620000
Validation F1: 79.850000
Saved!
Validation F1: 80.990000
Saved!
Validation F1: 80.580000
Training loss: 7859.782259


Epoch: 9
Validation F1: 80.590000
Validation F1: 77.860000
Validation F1: 80.160000
Validation F1: 80.590000
Validation F1: 81.790000
Saved!
Validation F1: 82.400000
Saved!
Training loss: 7433.983988


Epoch: 10
Validation F1: 79.800000
Validation F1: 82.040000
Validation F1: 79.460000
Validation F1: 81.550000
Validation F1: 80.650000
Validation F1: 82.160000
Training loss: 7044.788940


Epoch: 11
Validation F1: 82.080000
Validation F1: 78.870000
Validation F1: 81.940000
Validation F1: 81.580000
Validation F1: 82.150000
Validation F1: 82.620000
Saved!
Training loss: 6397.966490


Epoch: 12
Validation F1: 83.110000
Saved!
Validation F1: 82.630000
Validation F1: 83.410000
Saved!
Validation F1: 83.070000
Validation F1: 79.390000
Validation F1: 83.420000
Saved!
Training loss: 6139.812796


Epoch: 13
Validation F1: 82.730000
Validation F1: 83.830000
Saved!
Validation F1: 84.010000
Saved!
Validation F1: 82.600000
Validation F1: 81.520000
Validation F1: 75.530000
Training loss: 5929.144652


Epoch: 14
Validation F1: 79.710000
Validation F1: 83.900000
Validation F1: 80.280000
Validation F1: 82.960000
Validation F1: 81.850000
Validation F1: 82.570000
Training loss: 5547.526086


Epoch: 15
Validation F1: 82.320000
Validation F1: 83.850000
Validation F1: 83.580000
Validation F1: 82.450000
Validation F1: 83.030000
Validation F1: 83.000000
Training loss: 5475.801949


Epoch: 16
Validation F1: 83.160000
Validation F1: 79.790000
Validation F1: 81.400000
Validation F1: 81.080000
Validation F1: 81.760000
Validation F1: 81.600000
Training loss: 5134.681323


Epoch: 17
Validation F1: 82.080000
Validation F1: 82.150000
Validation F1: 81.450000
Validation F1: 82.600000
Validation F1: 82.110000
Validation F1: 82.620000
Training loss: 5037.925985


Epoch: 18
Validation F1: 81.830000
Validation F1: 80.500000
Validation F1: 81.700000
Validation F1: 81.270000
Validation F1: 82.390000
Validation F1: 81.830000
Training loss: 4849.504522


Epoch: 19
Validation F1: 81.760000
Validation F1: 83.790000
Validation F1: 82.420000
Validation F1: 82.570000
Validation F1: 82.080000
Validation F1: 80.730000
Training loss: 4673.331741
New learning rate: 0.014285713966403688


Epoch: 20
Validation F1: 84.010000
Validation F1: 82.110000
Validation F1: 81.260000
Validation F1: 80.450000
Validation F1: 82.890000
Validation F1: 82.230000
Training loss: 5692.394016
New learning rate: 0.01360544225289708


Epoch: 21
Validation F1: 84.010000
Validation F1: 82.180000
Validation F1: 82.740000
Validation F1: 81.020000
Validation F1: 81.700000
Validation F1: 82.360000
Training loss: 5760.946047
New learning rate: 0.01295756371248336


Epoch: 22
Validation F1: 84.010000
Validation F1: 82.680000
Validation F1: 81.030000
Validation F1: 83.120000
Validation F1: 82.030000
Validation F1: 83.150000
Training loss: 5751.617072
New learning rate: 0.012340536784558069


Epoch: 23
Validation F1: 84.010000
Validation F1: 82.690000
Validation F1: 81.700000
Validation F1: 82.840000
Validation F1: 80.470000
Validation F1: 80.460000
Training loss: 5598.515516
New learning rate: 0.011752891753401074


Epoch: 24
Validation F1: 84.010000
Validation F1: 82.990000
Validation F1: 81.260000
Validation F1: 82.610000
Validation F1: 81.780000
Validation F1: 81.430000
Training loss: 5592.041409
New learning rate: 0.011193229861202693


Epoch: 25
Validation F1: 84.010000
Validation F1: 80.470000
Validation F1: 83.170000
Validation F1: 81.900000
Validation F1: 82.460000
Validation F1: 82.320000
Training loss: 5628.947500
New learning rate: 0.010660218873194285


Epoch: 26
Validation F1: 84.010000
Validation F1: 83.040000
Validation F1: 82.280000
Validation F1: 81.780000
Validation F1: 82.400000
Validation F1: 82.790000
Training loss: 5600.508274
New learning rate: 0.010152589529752731


Epoch: 27
Validation F1: 84.010000
Validation F1: 84.210000
Saved!
Validation F1: 83.050000
Validation F1: 82.830000
Validation F1: 80.740000
Validation F1: 82.400000
Training loss: 5631.141048


Epoch: 28
Validation F1: 82.550000
Validation F1: 82.680000
Validation F1: 81.590000
Validation F1: 82.500000
Validation F1: 82.190000
Validation F1: 80.410000
Training loss: 5242.399462


Epoch: 29
Validation F1: 82.140000
Validation F1: 80.060000
Validation F1: 81.380000
Validation F1: 81.610000
Validation F1: 79.760000
Validation F1: 83.850000
Training loss: 5077.564044


Epoch: 30
Validation F1: 83.630000
Validation F1: 81.770000
Validation F1: 82.130000
Validation F1: 80.780000
Validation F1: 74.840000
Validation F1: 80.300000
Training loss: 4920.573271


Epoch: 31
Validation F1: 80.400000
Validation F1: 81.640000
Validation F1: 82.890000
Validation F1: 81.890000
Validation F1: 82.110000
Validation F1: 82.380000
Training loss: 4756.646263


Epoch: 32
Validation F1: 80.840000
Validation F1: 80.300000
Validation F1: 82.420000
Validation F1: 81.370000
Validation F1: 83.810000
Validation F1: 80.330000
Training loss: 4689.767744


Epoch: 33
Validation F1: 81.270000
Validation F1: 82.700000
Validation F1: 81.960000
Validation F1: 81.170000
Validation F1: 81.210000
Validation F1: 81.540000
Training loss: 4578.205824
New learning rate: 0.009669132885478791


Epoch: 34
Validation F1: 84.210000
Validation F1: 82.820000
Validation F1: 82.000000
Validation F1: 82.530000
Validation F1: 83.790000
Validation F1: 82.760000
Training loss: 5495.989967
New learning rate: 0.009208697648275466


Epoch: 35
Validation F1: 84.210000
Validation F1: 82.350000
Validation F1: 80.720000
Validation F1: 82.210000
Validation F1: 83.230000
Validation F1: 82.750000
Training loss: 5511.563725
New learning rate: 0.00877018840540023


Epoch: 36
Validation F1: 84.210000
Validation F1: 81.460000
Validation F1: 81.890000
Validation F1: 82.930000
Validation F1: 82.860000
Validation F1: 82.700000
Training loss: 5384.076004
New learning rate: 0.008352560301621754


Epoch: 37
Validation F1: 84.210000
Validation F1: 83.720000
Validation F1: 83.640000
Validation F1: 81.350000
Validation F1: 83.760000
Validation F1: 81.910000
Training loss: 5500.572216
New learning rate: 0.007954819039219902


Epoch: 38
Validation F1: 84.210000
Validation F1: 82.260000
Validation F1: 83.690000
Validation F1: 81.310000
Validation F1: 82.440000
Validation F1: 83.370000
Training loss: 5476.232296
New learning rate: 0.007576018217064085


Epoch: 39
Validation F1: 84.210000
Validation F1: 82.640000
Validation F1: 83.780000
Validation F1: 83.600000
Validation F1: 83.170000
Validation F1: 83.510000
Training loss: 5436.651340
New learning rate: 0.0072152553392308095


Epoch: 40
Validation F1: 84.210000
Validation F1: 82.070000
Validation F1: 82.080000
Validation F1: 83.530000
Validation F1: 82.050000
Validation F1: 82.890000
Training loss: 5277.478855
New learning rate: 0.006871671815003667


Epoch: 41
Validation F1: 84.210000
Validation F1: 83.780000
Validation F1: 82.670000
Validation F1: 82.670000
Validation F1: 83.630000
Validation F1: 83.220000
Training loss: 5398.766242
New learning rate: 0.006544449410977818


Epoch: 42
Validation F1: 84.210000
Validation F1: 82.480000
Validation F1: 80.680000
Validation F1: 80.800000
Validation F1: 82.950000
Validation F1: 81.650000
Training loss: 5443.364899
New learning rate: 0.006232808920599165


Epoch: 43
Validation F1: 84.210000
Validation F1: 81.740000
Validation F1: 82.280000
Validation F1: 82.350000
Validation F1: 83.000000
Validation F1: 80.420000
Training loss: 5284.129788
New learning rate: 0.0059360083902166


Epoch: 44
Validation F1: 84.210000
Validation F1: 82.710000
Validation F1: 83.430000
Validation F1: 83.320000
Validation F1: 84.300000
Saved!
Validation F1: 84.490000
Saved!
Training loss: 5392.830164


Epoch: 45
Validation F1: 84.400000
Validation F1: 82.110000
Validation F1: 81.670000
Validation F1: 81.940000
Validation F1: 83.080000
Validation F1: 83.000000
Training loss: 5125.874346


Epoch: 46
Validation F1: 82.880000
Validation F1: 81.940000
Validation F1: 83.020000
Validation F1: 82.750000
Validation F1: 82.880000
Validation F1: 82.780000
Training loss: 4948.318775


Epoch: 47
Validation F1: 82.560000
Validation F1: 82.090000
Validation F1: 81.780000
Validation F1: 84.550000
Saved!
Validation F1: 83.550000
Validation F1: 82.250000
Training loss: 4896.279093


Epoch: 48
Validation F1: 83.360000
Validation F1: 83.180000
Validation F1: 82.420000
Validation F1: 82.860000
Validation F1: 82.190000
Validation F1: 82.570000
Training loss: 4738.222023


Epoch: 49
Validation F1: 82.300000
Validation F1: 82.280000
Validation F1: 81.410000
Validation F1: 81.910000
Validation F1: 82.340000
Validation F1: 83.710000
Training loss: 4640.212487


Training time: 4479.8314

Test F1: 80.400000

