Namespace(autoencoder=True, batch_size=16, crf_feats=False, dev='data/yoruba/dev.txt', dev_feats='data/yoruba/dev.txt.softgazfeats.npz', embed=128, feat_func='tanh', lr=0.015, lstm_feats=False, no_decay=False, output_name='yoruba_model', restart=False, test='data/yoruba/test.txt', test_feats='data/yoruba/test.txt.softgazfeats.npz', testing=False, train='data/yoruba/train.txt', train_feats='data/yoruba/train.txt.softgazfeats.npz', trainer='sgd', word_hidden_size=256)

Epoch: 0
Validation F1: 0.410000
Saved!
Validation F1: 0.000000
Validation F1: 0.000000
Validation F1: 0.000000
Validation F1: 0.000000
Validation F1: 0.000000
Training loss: 31306.094978


Epoch: 1
Validation F1: 0.000000
Validation F1: 1.080000
Saved!
Validation F1: 0.000000
Validation F1: 11.630000
Saved!
Validation F1: 8.540000
Validation F1: 20.430000
Saved!
Training loss: 17969.199471


Epoch: 2
Validation F1: 12.650000
Validation F1: 21.320000
Saved!
Validation F1: 42.490000
Saved!
Validation F1: 36.810000
Validation F1: 32.410000
Validation F1: 47.590000
Saved!
Training loss: 11111.599745


Epoch: 3
Validation F1: 50.210000
Saved!
Validation F1: 38.730000
Validation F1: 39.430000
Validation F1: 52.350000
Saved!
Validation F1: 50.680000
Validation F1: 46.700000
Training loss: 8940.135363


Epoch: 4
Validation F1: 49.920000
Validation F1: 49.430000
Validation F1: 53.030000
Saved!
Validation F1: 51.400000
Validation F1: 48.580000
Validation F1: 46.390000
Training loss: 7708.606624


Epoch: 5
Validation F1: 35.010000
Validation F1: 52.210000
Validation F1: 53.630000
Saved!
Validation F1: 52.930000
Validation F1: 48.830000
Validation F1: 54.520000
Saved!
Training loss: 6702.164112


Epoch: 6
Validation F1: 54.260000
Validation F1: 57.100000
Saved!
Validation F1: 52.930000
Validation F1: 55.450000
Validation F1: 57.230000
Saved!
Validation F1: 51.210000
Training loss: 5758.936698


Epoch: 7
Validation F1: 61.710000
Saved!
Validation F1: 58.780000
Validation F1: 56.870000
Validation F1: 55.980000
Validation F1: 59.230000
Validation F1: 56.450000
Training loss: 5468.231314


Epoch: 8
Validation F1: 57.840000
Validation F1: 55.700000
Validation F1: 58.910000
Validation F1: 59.430000
Validation F1: 58.210000
Validation F1: 62.370000
Saved!
Training loss: 4560.424353


Epoch: 9
Validation F1: 63.580000
Saved!
Validation F1: 61.660000
Validation F1: 60.180000
Validation F1: 60.790000
Validation F1: 56.200000
Validation F1: 55.450000
Training loss: 4013.942843


Epoch: 10
Validation F1: 56.310000
Validation F1: 62.170000
Validation F1: 61.430000
Validation F1: 62.820000
Validation F1: 63.550000
Validation F1: 63.960000
Saved!
Training loss: 3670.616904


Epoch: 11
Validation F1: 58.130000
Validation F1: 58.530000
Validation F1: 63.280000
Validation F1: 60.820000
Validation F1: 61.800000
Validation F1: 60.920000
Training loss: 3273.786402


Epoch: 12
Validation F1: 59.380000
Validation F1: 60.250000
Validation F1: 58.190000
Validation F1: 65.220000
Saved!
Validation F1: 66.080000
Saved!
Validation F1: 66.210000
Saved!
Training loss: 3112.906721


Epoch: 13
Validation F1: 63.500000
Validation F1: 65.620000
Validation F1: 61.430000
Validation F1: 65.000000
Validation F1: 63.660000
Validation F1: 64.290000
Training loss: 2856.362726


Epoch: 14
Validation F1: 64.680000
Validation F1: 63.910000
Validation F1: 66.570000
Saved!
Validation F1: 64.920000
Validation F1: 68.020000
Saved!
Validation F1: 64.860000
Training loss: 2624.428729


Epoch: 15
Validation F1: 63.310000
Validation F1: 61.270000
Validation F1: 65.880000
Validation F1: 64.430000
Validation F1: 67.320000
Validation F1: 65.120000
Training loss: 2367.640375


Epoch: 16
Validation F1: 65.310000
Validation F1: 68.590000
Saved!
Validation F1: 64.910000
Validation F1: 66.570000
Validation F1: 67.030000
Validation F1: 65.820000
Training loss: 2261.148123


Epoch: 17
Validation F1: 67.610000
Validation F1: 65.480000
Validation F1: 69.040000
Saved!
Validation F1: 64.990000
Validation F1: 66.280000
Validation F1: 63.930000
Training loss: 2084.371900


Epoch: 18
Validation F1: 65.380000
Validation F1: 65.010000
Validation F1: 68.300000
Validation F1: 68.970000
Validation F1: 68.570000
Validation F1: 68.360000
Training loss: 1858.261377


Epoch: 19
Validation F1: 68.930000
Validation F1: 66.760000
Validation F1: 68.450000
Validation F1: 66.370000
Validation F1: 66.770000
Validation F1: 66.380000
Training loss: 1907.496479


Epoch: 20
Validation F1: 68.130000
Validation F1: 65.050000
Validation F1: 67.450000
Validation F1: 68.170000
Validation F1: 67.920000
Validation F1: 67.270000
Training loss: 1743.538120


Epoch: 21
Validation F1: 67.940000
Validation F1: 68.760000
Validation F1: 67.630000
Validation F1: 68.370000
Validation F1: 68.960000
Validation F1: 68.700000
Training loss: 1630.608803


Epoch: 22
Validation F1: 68.560000
Validation F1: 68.290000
Validation F1: 67.440000
Validation F1: 70.220000
Saved!
Validation F1: 66.960000
Validation F1: 65.910000
Training loss: 1664.323682


Epoch: 23
Validation F1: 64.780000
Validation F1: 65.920000
Validation F1: 65.190000
Validation F1: 69.380000
Validation F1: 68.860000
Validation F1: 68.550000
Training loss: 1687.493521


Epoch: 24
Validation F1: 66.390000
Validation F1: 66.370000
Validation F1: 66.960000
Validation F1: 65.870000
Validation F1: 66.570000
Validation F1: 68.680000
Training loss: 1482.067577


Epoch: 25
Validation F1: 68.980000
Validation F1: 67.500000
Validation F1: 64.530000
Validation F1: 68.040000
Validation F1: 68.610000
Validation F1: 68.680000
Training loss: 1516.226302


Epoch: 26
Validation F1: 67.180000
Validation F1: 66.360000
Validation F1: 65.890000
Validation F1: 69.390000
Validation F1: 67.800000
Validation F1: 67.720000
Training loss: 1515.550493


Epoch: 27
Validation F1: 68.170000
Validation F1: 68.170000
Validation F1: 70.500000
Saved!
Validation F1: 67.190000
Validation F1: 69.860000
Validation F1: 66.970000
Training loss: 1388.904179


Epoch: 28
Validation F1: 67.080000
Validation F1: 70.160000
Validation F1: 66.450000
Validation F1: 68.130000
Validation F1: 69.030000
Validation F1: 69.690000
Training loss: 1406.338010


Epoch: 29
Validation F1: 68.860000
Validation F1: 68.450000
Validation F1: 67.990000
Validation F1: 67.360000
Validation F1: 67.350000
Validation F1: 67.550000
Training loss: 1319.240509


Epoch: 30
Validation F1: 67.830000
Validation F1: 64.210000
Validation F1: 68.550000
Validation F1: 67.700000
Validation F1: 66.770000
Validation F1: 67.170000
Training loss: 1315.452148


Epoch: 31
Validation F1: 68.370000
Validation F1: 68.030000
Validation F1: 67.260000
Validation F1: 64.650000
Validation F1: 67.500000
Validation F1: 68.020000
Training loss: 1344.564264


Epoch: 32
Validation F1: 69.810000
Validation F1: 67.800000
Validation F1: 68.160000
Validation F1: 65.770000
Validation F1: 68.260000
Validation F1: 67.420000
Training loss: 1295.681290


Epoch: 33
Validation F1: 66.850000
Validation F1: 69.650000
Validation F1: 68.600000
Validation F1: 67.170000
Validation F1: 67.850000
Validation F1: 68.720000
Training loss: 1248.049325
New learning rate: 0.014285713966403688


Epoch: 34
Validation F1: 70.500000
Validation F1: 69.420000
Validation F1: 65.070000
Validation F1: 68.530000
Validation F1: 66.060000
Validation F1: 67.170000
Training loss: 1396.016129
New learning rate: 0.01360544225289708


Epoch: 35
Validation F1: 70.500000
Validation F1: 69.550000
Validation F1: 69.790000
Validation F1: 69.900000
Validation F1: 66.970000
Validation F1: 67.280000
Training loss: 1378.348006
New learning rate: 0.01295756371248336


Epoch: 36
Validation F1: 70.500000
Validation F1: 66.770000
Validation F1: 69.660000
Validation F1: 67.770000
Validation F1: 68.550000
Validation F1: 66.760000
Training loss: 1324.920992
New learning rate: 0.012340536784558069


Epoch: 37
Validation F1: 70.500000
Validation F1: 67.260000
Validation F1: 67.980000
Validation F1: 69.600000
Validation F1: 67.070000
Validation F1: 67.960000
Training loss: 1329.005771
New learning rate: 0.011752891753401074


Epoch: 38
Validation F1: 70.500000
Validation F1: 66.870000
Validation F1: 67.500000
Validation F1: 68.940000
Validation F1: 68.740000
Validation F1: 68.020000
Training loss: 1387.226861
New learning rate: 0.011193229861202693


Epoch: 39
Validation F1: 70.500000
Validation F1: 67.670000
Validation F1: 68.800000
Validation F1: 66.970000
Validation F1: 68.880000
Validation F1: 66.870000
Training loss: 1335.639462
New learning rate: 0.010660218873194285


Epoch: 40
Validation F1: 70.500000
Validation F1: 69.300000
Validation F1: 69.720000
Validation F1: 68.060000
Validation F1: 70.500000
Validation F1: 68.900000
Training loss: 1331.239379
New learning rate: 0.010152589529752731


Epoch: 41
Validation F1: 70.500000
Validation F1: 68.760000
Validation F1: 67.960000
Validation F1: 68.390000
Validation F1: 67.470000
Validation F1: 68.370000
Training loss: 1357.222686
New learning rate: 0.009669132885478791


Epoch: 42
Validation F1: 70.500000
Validation F1: 68.960000
Validation F1: 69.210000
Validation F1: 68.180000
Validation F1: 69.390000
Validation F1: 67.680000
Training loss: 1297.500279
New learning rate: 0.009208697648275466


Epoch: 43
Validation F1: 70.500000
Validation F1: 69.320000
Validation F1: 69.450000
Validation F1: 66.860000
Validation F1: 68.070000
Validation F1: 68.770000
Training loss: 1321.776658
New learning rate: 0.00877018840540023


Epoch: 44
Validation F1: 70.500000
Validation F1: 69.170000
Validation F1: 68.790000
Validation F1: 68.810000
Validation F1: 67.960000
Validation F1: 68.370000
Training loss: 1318.972581
New learning rate: 0.008352560301621754


Epoch: 45
Validation F1: 70.500000
Validation F1: 67.580000
Validation F1: 68.840000
Validation F1: 68.680000
Validation F1: 68.680000
Validation F1: 68.990000
Training loss: 1286.684346
New learning rate: 0.007954819039219902


Epoch: 46
Validation F1: 70.500000
Validation F1: 69.490000
Validation F1: 70.230000
Validation F1: 69.410000
Validation F1: 69.230000
Validation F1: 67.860000
Training loss: 1308.973942
New learning rate: 0.007576018217064085


Epoch: 47
Validation F1: 70.500000
Validation F1: 69.690000
Validation F1: 68.150000
Validation F1: 67.730000
Validation F1: 67.070000
Validation F1: 69.540000
Training loss: 1355.580812
New learning rate: 0.0072152553392308095


Epoch: 48
Validation F1: 70.500000
Validation F1: 70.280000
Validation F1: 69.590000
Validation F1: 68.620000
Validation F1: 68.330000
Validation F1: 69.000000
Training loss: 1269.513121
New learning rate: 0.006871671815003667


Epoch: 49
Validation F1: 70.500000
Validation F1: 68.070000
Validation F1: 70.030000
Validation F1: 69.330000
Validation F1: 69.180000
Validation F1: 67.680000
Training loss: 1261.440769
New learning rate: 0.006544449410977818


Training time: 4786.6478

Test F1: 68.070000

