Namespace(autoencoder=True, batch_size=16, crf_feats=True, dev='data/amharic/dev.txt', dev_feats='data/amharic/dev.txt.softgazfeats.npz', embed=128, feat_func='tanh', lr=0.015, lstm_feats=True, no_decay=False, output_name='amharic_model_bi', restart=False, test='data/amharic/test.txt', test_feats='data/amharic/test.txt.softgazfeats.npz', testing=False, train='data/amharic/train.txt', train_feats='data/amharic/train.txt.softgazfeats.npz', trainer='sgd', word_hidden_size=256)

Epoch: 0
Validation F1: 0.000000
Validation F1: 0.000000
Validation F1: 0.000000
Validation F1: 0.000000
Validation F1: 0.000000
Validation F1: 2.880000
Saved!
Training loss: 23006.535866


Epoch: 1
Validation F1: 0.000000
Validation F1: 1.130000
Validation F1: 5.680000
Saved!
Validation F1: 1.620000
Validation F1: 0.000000
Validation F1: 0.000000
Training loss: 19138.148872


Epoch: 2
Validation F1: 1.390000
Validation F1: 5.870000
Saved!
Validation F1: 9.070000
Saved!
Validation F1: 9.070000
Validation F1: 5.880000
Validation F1: 2.600000
Training loss: 15984.439117


Epoch: 3
Validation F1: 2.230000
Validation F1: 9.070000
Validation F1: 1.720000
Validation F1: 1.420000
Validation F1: 0.000000
Validation F1: 9.070000
Training loss: 18692.808426


Epoch: 4
Validation F1: 9.070000
Validation F1: 9.070000
Validation F1: 9.070000
Validation F1: 6.370000
Validation F1: 9.070000
Validation F1: 9.630000
Saved!
Training loss: 14439.620316


Epoch: 5
Validation F1: 8.430000
Validation F1: 9.070000
Validation F1: 3.640000
Validation F1: 8.970000
Validation F1: 8.160000
Validation F1: 11.250000
Saved!
Training loss: 14466.285244


Epoch: 6
Validation F1: 7.280000
Validation F1: 11.200000
Validation F1: 11.700000
Saved!
Validation F1: 10.670000
Validation F1: 7.410000
Validation F1: 9.860000
Training loss: 12878.845425


Epoch: 7
Validation F1: 11.230000
Validation F1: 13.480000
Saved!
Validation F1: 9.120000
Validation F1: 13.020000
Validation F1: 12.120000
Validation F1: 19.170000
Saved!
Training loss: 12052.389034


Epoch: 8
Validation F1: 17.870000
Validation F1: 21.790000
Saved!
Validation F1: 21.280000
Validation F1: 18.060000
Validation F1: 24.230000
Saved!
Validation F1: 23.740000
Training loss: 11534.923182


Epoch: 9
Validation F1: 19.590000
Validation F1: 22.380000
Validation F1: 23.620000
Validation F1: 19.530000
Validation F1: 26.550000
Saved!
Validation F1: 27.600000
Saved!
Training loss: 9648.375790


Epoch: 10
Validation F1: 26.780000
Validation F1: 25.040000
Validation F1: 28.390000
Saved!
Validation F1: 20.830000
Validation F1: 29.290000
Saved!
Validation F1: 24.130000
Training loss: 10503.567390


Epoch: 11
Validation F1: 21.710000
Validation F1: 28.380000
Validation F1: 31.170000
Saved!
Validation F1: 21.950000
Validation F1: 31.170000
Validation F1: 25.130000
Training loss: 9848.995396


Epoch: 12
Validation F1: 27.930000
Validation F1: 24.460000
Validation F1: 30.870000
Validation F1: 31.080000
Validation F1: 23.680000
Validation F1: 34.460000
Saved!
Training loss: 9068.094664


Epoch: 13
Validation F1: 35.710000
Saved!
Validation F1: 33.330000
Validation F1: 37.050000
Saved!
Validation F1: 31.360000
Validation F1: 27.250000
Validation F1: 29.820000
Training loss: 8113.479769


Epoch: 14
Validation F1: 32.220000
Validation F1: 29.560000
Validation F1: 31.060000
Validation F1: 29.020000
Validation F1: 35.540000
Validation F1: 39.720000
Saved!
Training loss: 8074.781462


Epoch: 15
Validation F1: 33.910000
Validation F1: 39.800000
Saved!
Validation F1: 44.600000
Saved!
Validation F1: 39.120000
Validation F1: 38.700000
Validation F1: 42.690000
Training loss: 7481.282785


Epoch: 16
Validation F1: 41.030000
Validation F1: 38.200000
Validation F1: 39.860000
Validation F1: 43.870000
Validation F1: 39.600000
Validation F1: 40.080000
Training loss: 6547.184120


Epoch: 17
Validation F1: 39.130000
Validation F1: 42.770000
Validation F1: 42.060000
Validation F1: 41.300000
Validation F1: 44.920000
Saved!
Validation F1: 35.920000
Training loss: 6670.900766


Epoch: 18
Validation F1: 40.860000
Validation F1: 45.440000
Saved!
Validation F1: 45.280000
Validation F1: 45.910000
Saved!
Validation F1: 44.250000
Validation F1: 43.000000
Training loss: 5922.282551


Epoch: 19
Validation F1: 35.500000
Validation F1: 48.880000
Saved!
Validation F1: 46.130000
Validation F1: 48.210000
Validation F1: 46.760000
Validation F1: 43.620000
Training loss: 5508.357586


Epoch: 20
Validation F1: 41.150000
Validation F1: 48.530000
Validation F1: 50.000000
Saved!
Validation F1: 46.240000
Validation F1: 53.160000
Saved!
Validation F1: 47.390000
Training loss: 5247.255634


Epoch: 21
Validation F1: 52.750000
Validation F1: 52.450000
Validation F1: 49.120000
Validation F1: 50.470000
Validation F1: 48.680000
Validation F1: 52.210000
Training loss: 4332.047094


Epoch: 22
Validation F1: 53.470000
Saved!
Validation F1: 51.590000
Validation F1: 49.330000
Validation F1: 50.600000
Validation F1: 50.670000
Validation F1: 49.830000
Training loss: 4203.012747


Epoch: 23
Validation F1: 52.820000
Validation F1: 53.620000
Saved!
Validation F1: 46.840000
Validation F1: 50.670000
Validation F1: 49.600000
Validation F1: 49.560000
Training loss: 3762.679075


Epoch: 24
Validation F1: 53.500000
Validation F1: 44.970000
Validation F1: 53.000000
Validation F1: 51.690000
Validation F1: 53.960000
Saved!
Validation F1: 51.480000
Training loss: 3360.630129


Epoch: 25
Validation F1: 48.510000
Validation F1: 51.720000
Validation F1: 53.040000
Validation F1: 46.970000
Validation F1: 50.720000
Validation F1: 53.380000
Training loss: 3041.404400


Epoch: 26
Validation F1: 48.900000
Validation F1: 48.590000
Validation F1: 54.320000
Saved!
Validation F1: 53.110000
Validation F1: 53.960000
Validation F1: 47.600000
Training loss: 2923.025348


Epoch: 27
Validation F1: 54.420000
Saved!
Validation F1: 52.440000
Validation F1: 52.370000
Validation F1: 54.100000
Validation F1: 55.140000
Saved!
Validation F1: 52.810000
Training loss: 2460.818300


Epoch: 28
Validation F1: 52.550000
Validation F1: 50.090000
Validation F1: 51.550000
Validation F1: 52.670000
Validation F1: 54.050000
Validation F1: 54.060000
Training loss: 2297.648423


Epoch: 29
Validation F1: 55.750000
Saved!
Validation F1: 51.570000
Validation F1: 51.160000
Validation F1: 51.850000
Validation F1: 55.810000
Saved!
Validation F1: 54.830000
Training loss: 1948.533247


Epoch: 30
Validation F1: 55.970000
Saved!
Validation F1: 53.780000
Validation F1: 53.290000
Validation F1: 48.390000
Validation F1: 54.710000
Validation F1: 53.410000
Training loss: 1878.304980


Epoch: 31
Validation F1: 52.170000
Validation F1: 54.860000
Validation F1: 52.880000
Validation F1: 50.170000
Validation F1: 56.390000
Saved!
Validation F1: 54.610000
Training loss: 1599.904129


Epoch: 32
Validation F1: 54.010000
Validation F1: 55.320000
Validation F1: 53.870000
Validation F1: 53.510000
Validation F1: 57.140000
Saved!
Validation F1: 55.240000
Training loss: 1387.034308


Epoch: 33
Validation F1: 56.880000
Validation F1: 57.190000
Saved!
Validation F1: 56.590000
Validation F1: 54.880000
Validation F1: 53.780000
Validation F1: 54.220000
Training loss: 1290.307783


Epoch: 34
Validation F1: 52.860000
Validation F1: 53.120000
Validation F1: 54.050000
Validation F1: 51.700000
Validation F1: 55.450000
Validation F1: 50.530000
Training loss: 1211.728517


Epoch: 35
Validation F1: 52.160000
Validation F1: 54.010000
Validation F1: 53.820000
Validation F1: 53.230000
Validation F1: 54.390000
Validation F1: 53.420000
Training loss: 1042.329107


Epoch: 36
Validation F1: 52.780000
Validation F1: 54.720000
Validation F1: 54.550000
Validation F1: 51.820000
Validation F1: 53.760000
Validation F1: 53.290000
Training loss: 1045.267825


Epoch: 37
Validation F1: 53.190000
Validation F1: 52.580000
Validation F1: 54.720000
Validation F1: 49.760000
Validation F1: 51.110000
Validation F1: 55.100000
Training loss: 912.472486


Epoch: 38
Validation F1: 54.210000
Validation F1: 52.500000
Validation F1: 52.940000
Validation F1: 51.010000
Validation F1: 54.280000
Validation F1: 53.360000
Training loss: 829.717602


Epoch: 39
Validation F1: 51.790000
Validation F1: 55.160000
Validation F1: 52.800000
Validation F1: 53.310000
Validation F1: 52.220000
Validation F1: 54.830000
Training loss: 716.382930
New learning rate: 0.014285713966403688


Epoch: 40
Validation F1: 57.190000
Validation F1: 55.060000
Validation F1: 53.680000
Validation F1: 56.160000
Validation F1: 55.500000
Validation F1: 54.710000
Training loss: 1272.240770
New learning rate: 0.01360544225289708


Epoch: 41
Validation F1: 57.190000
Validation F1: 52.880000
Validation F1: 53.550000
Validation F1: 53.290000
Validation F1: 51.930000
Validation F1: 52.820000
Training loss: 1222.046692
New learning rate: 0.01295756371248336


Epoch: 42
Validation F1: 57.190000
Validation F1: 55.470000
Validation F1: 54.720000
Validation F1: 51.950000
Validation F1: 53.790000
Validation F1: 56.220000
Training loss: 1202.270199
New learning rate: 0.012340536784558069


Epoch: 43
Validation F1: 57.190000
Validation F1: 54.140000
Validation F1: 53.600000
Validation F1: 54.640000
Validation F1: 54.640000
Validation F1: 51.160000
Training loss: 1152.453989
New learning rate: 0.011752891753401074


Epoch: 44
Validation F1: 57.190000
Validation F1: 55.750000
Validation F1: 55.390000
Validation F1: 54.710000
Validation F1: 55.630000
Validation F1: 56.360000
Training loss: 1160.779798
New learning rate: 0.011193229861202693


Epoch: 45
Validation F1: 57.190000
Validation F1: 54.870000
Validation F1: 56.530000
Validation F1: 54.640000
Validation F1: 56.230000
Validation F1: 56.520000
Training loss: 1204.209652
New learning rate: 0.010660218873194285


Epoch: 46
Validation F1: 57.190000
Validation F1: 55.090000
Validation F1: 55.280000
Validation F1: 54.970000
Validation F1: 55.700000
Validation F1: 53.510000
Training loss: 1208.295962
New learning rate: 0.010152589529752731


Epoch: 47
Validation F1: 57.190000
Validation F1: 52.390000
Validation F1: 55.150000
Validation F1: 56.880000
Validation F1: 55.380000
Validation F1: 54.970000
Training loss: 1198.312538
New learning rate: 0.009669132885478791


Epoch: 48
Validation F1: 57.190000
Validation F1: 55.850000
Validation F1: 53.630000
Validation F1: 55.990000
Validation F1: 56.940000
Validation F1: 52.610000
Training loss: 1064.500063
New learning rate: 0.009208697648275466


Epoch: 49
Validation F1: 57.190000
Validation F1: 57.040000
Validation F1: 54.450000
Validation F1: 55.110000
Validation F1: 55.710000
Validation F1: 53.860000
Training loss: 1077.933278
New learning rate: 0.00877018840540023


Training time: 2255.9025

Test F1: 51.000000

