Namespace(autoencoder=True, batch_size=16, crf_feats=True, dev='data/igbo/dev.txt', dev_feats='data/igbo/dev.txt.softgazfeats.npz', embed=128, feat_func='tanh', lr=0.015, lstm_feats=True, no_decay=False, output_name='igbo_model_bi', restart=False, test='data/igbo/test.txt', test_feats='data/igbo/test.txt.softgazfeats.npz', testing=False, train='data/igbo/train.txt', train_feats='data/igbo/train.txt.softgazfeats.npz', trainer='sgd', word_hidden_size=256)

Epoch: 0
Validation F1: 0.000000
Validation F1: 0.000000
Validation F1: 1.560000
Saved!
Validation F1: 0.990000
Validation F1: 1.640000
Saved!
Validation F1: 1.800000
Saved!
Training loss: 34322.971458


Epoch: 1
Validation F1: 12.100000
Saved!
Validation F1: 1.640000
Validation F1: 15.600000
Saved!
Validation F1: 9.270000
Validation F1: 16.790000
Saved!
Validation F1: 28.480000
Saved!
Training loss: 22796.618851


Epoch: 2
Validation F1: 16.530000
Validation F1: 24.880000
Validation F1: 31.380000
Saved!
Validation F1: 16.280000
Validation F1: 46.120000
Saved!
Validation F1: 36.270000
Training loss: 18464.887558


Epoch: 3
Validation F1: 42.080000
Validation F1: 34.690000
Validation F1: 25.440000
Validation F1: 35.300000
Validation F1: 30.750000
Validation F1: 29.310000
Training loss: 13049.311340


Epoch: 4
Validation F1: 31.760000
Validation F1: 26.970000
Validation F1: 50.780000
Saved!
Validation F1: 36.820000
Validation F1: 51.060000
Saved!
Validation F1: 49.790000
Training loss: 11148.380840


Epoch: 5
Validation F1: 54.940000
Saved!
Validation F1: 58.230000
Saved!
Validation F1: 51.780000
Validation F1: 57.090000
Validation F1: 49.210000
Validation F1: 51.820000
Training loss: 9697.744690


Epoch: 6
Validation F1: 56.080000
Validation F1: 54.710000
Validation F1: 57.390000
Validation F1: 60.050000
Saved!
Validation F1: 63.610000
Saved!
Validation F1: 63.050000
Training loss: 8047.360996


Epoch: 7
Validation F1: 57.720000
Validation F1: 61.280000
Validation F1: 65.740000
Saved!
Validation F1: 66.000000
Saved!
Validation F1: 53.250000
Validation F1: 62.430000
Training loss: 7997.386181


Epoch: 8
Validation F1: 68.060000
Saved!
Validation F1: 58.790000
Validation F1: 68.910000
Saved!
Validation F1: 68.380000
Validation F1: 69.530000
Saved!
Validation F1: 71.130000
Saved!
Training loss: 5787.210509


Epoch: 9
Validation F1: 71.110000
Validation F1: 69.020000
Validation F1: 68.330000
Validation F1: 71.560000
Saved!
Validation F1: 69.700000
Validation F1: 71.480000
Training loss: 5672.104829


Epoch: 10
Validation F1: 71.610000
Saved!
Validation F1: 69.690000
Validation F1: 69.810000
Validation F1: 70.590000
Validation F1: 73.500000
Saved!
Validation F1: 73.140000
Training loss: 4853.490417


Epoch: 11
Validation F1: 68.180000
Validation F1: 75.950000
Saved!
Validation F1: 72.590000
Validation F1: 75.090000
Validation F1: 73.000000
Validation F1: 76.180000
Saved!
Training loss: 4791.638216


Epoch: 12
Validation F1: 71.260000
Validation F1: 73.650000
Validation F1: 76.980000
Saved!
Validation F1: 76.160000
Validation F1: 72.740000
Validation F1: 73.380000
Training loss: 3969.076787


Epoch: 13
Validation F1: 77.380000
Saved!
Validation F1: 78.150000
Saved!
Validation F1: 77.190000
Validation F1: 75.860000
Validation F1: 72.570000
Validation F1: 73.420000
Training loss: 3735.302078


Epoch: 14
Validation F1: 77.230000
Validation F1: 76.820000
Validation F1: 79.340000
Saved!
Validation F1: 80.170000
Saved!
Validation F1: 80.210000
Saved!
Validation F1: 79.290000
Training loss: 3218.002971


Epoch: 15
Validation F1: 78.030000
Validation F1: 78.170000
Validation F1: 81.660000
Saved!
Validation F1: 80.650000
Validation F1: 77.270000
Validation F1: 80.640000
Training loss: 2962.471901


Epoch: 16
Validation F1: 79.460000
Validation F1: 79.410000
Validation F1: 82.110000
Saved!
Validation F1: 82.320000
Saved!
Validation F1: 83.200000
Saved!
Validation F1: 82.340000
Training loss: 2737.563980


Epoch: 17
Validation F1: 82.290000
Validation F1: 82.010000
Validation F1: 83.420000
Saved!
Validation F1: 84.140000
Saved!
Validation F1: 82.840000
Validation F1: 82.850000
Training loss: 2330.179108


Epoch: 18
Validation F1: 82.800000
Validation F1: 79.460000
Validation F1: 77.660000
Validation F1: 81.910000
Validation F1: 82.710000
Validation F1: 81.260000
Training loss: 2613.477594


Epoch: 19
Validation F1: 83.250000
Validation F1: 78.140000
Validation F1: 80.830000
Validation F1: 81.240000
Validation F1: 82.650000
Validation F1: 83.200000
Training loss: 2015.064372


Epoch: 20
Validation F1: 80.590000
Validation F1: 82.140000
Validation F1: 82.470000
Validation F1: 80.760000
Validation F1: 82.440000
Validation F1: 82.640000
Training loss: 1997.896994


Epoch: 21
Validation F1: 80.790000
Validation F1: 82.710000
Validation F1: 79.340000
Validation F1: 84.230000
Saved!
Validation F1: 83.290000
Validation F1: 85.230000
Saved!
Training loss: 1628.767715


Epoch: 22
Validation F1: 82.080000
Validation F1: 82.530000
Validation F1: 74.580000
Validation F1: 83.250000
Validation F1: 82.970000
Validation F1: 85.120000
Training loss: 1651.626626


Epoch: 23
Validation F1: 84.310000
Validation F1: 86.530000
Saved!
Validation F1: 83.490000
Validation F1: 83.550000
Validation F1: 80.390000
Validation F1: 80.680000
Training loss: 1515.235662


Epoch: 24
Validation F1: 80.670000
Validation F1: 81.100000
Validation F1: 83.830000
Validation F1: 81.670000
Validation F1: 82.710000
Validation F1: 82.760000
Training loss: 1329.690838


Epoch: 25
Validation F1: 82.330000
Validation F1: 80.440000
Validation F1: 82.730000
Validation F1: 83.440000
Validation F1: 82.780000
Validation F1: 82.810000
Training loss: 1283.612257


Epoch: 26
Validation F1: 81.490000
Validation F1: 83.880000
Validation F1: 81.130000
Validation F1: 80.610000
Validation F1: 82.460000
Validation F1: 80.470000
Training loss: 1113.126116


Epoch: 27
Validation F1: 82.180000
Validation F1: 79.770000
Validation F1: 82.620000
Validation F1: 79.660000
Validation F1: 83.430000
Validation F1: 78.930000
Training loss: 1115.686882


Epoch: 28
Validation F1: 81.840000
Validation F1: 84.300000
Validation F1: 83.910000
Validation F1: 82.810000
Validation F1: 81.830000
Validation F1: 79.600000
Training loss: 1155.185141


Epoch: 29
Validation F1: 79.450000
Validation F1: 80.840000
Validation F1: 80.140000
Validation F1: 81.770000
Validation F1: 83.770000
Validation F1: 82.800000
Training loss: 1013.434581
New learning rate: 0.014285713966403688


Epoch: 30
Validation F1: 86.530000
Validation F1: 81.650000
Validation F1: 83.460000
Validation F1: 83.520000
Validation F1: 83.150000
Validation F1: 84.970000
Training loss: 1422.457939
New learning rate: 0.01360544225289708


Epoch: 31
Validation F1: 86.530000
Validation F1: 80.220000
Validation F1: 82.650000
Validation F1: 81.500000
Validation F1: 82.450000
Validation F1: 83.500000
Training loss: 1209.486232
New learning rate: 0.01295756371248336


Epoch: 32
Validation F1: 86.530000
Validation F1: 82.810000
Validation F1: 81.950000
Validation F1: 84.050000
Validation F1: 84.710000
Validation F1: 81.790000
Training loss: 1363.041494
New learning rate: 0.012340536784558069


Epoch: 33
Validation F1: 86.530000
Validation F1: 83.560000
Validation F1: 82.700000
Validation F1: 82.650000
Validation F1: 82.950000
Validation F1: 83.580000
Training loss: 1278.660443
New learning rate: 0.011752891753401074


Epoch: 34
Validation F1: 86.530000
Validation F1: 82.920000
Validation F1: 78.750000
Validation F1: 85.230000
Validation F1: 85.710000
Validation F1: 78.820000
Training loss: 1399.539036
New learning rate: 0.011193229861202693


Epoch: 35
Validation F1: 86.530000
Validation F1: 83.910000
Validation F1: 84.390000
Validation F1: 82.750000
Validation F1: 83.460000
Validation F1: 82.840000
Training loss: 1380.044288
New learning rate: 0.010660218873194285


Epoch: 36
Validation F1: 86.530000
Validation F1: 83.770000
Validation F1: 83.370000
Validation F1: 81.490000
Validation F1: 84.500000
Validation F1: 82.780000
Training loss: 1271.278370
New learning rate: 0.010152589529752731


Epoch: 37
Validation F1: 86.530000
Validation F1: 84.150000
Validation F1: 82.830000
Validation F1: 84.520000
Validation F1: 82.830000
Validation F1: 82.360000
Training loss: 1175.356275
New learning rate: 0.009669132885478791


Epoch: 38
Validation F1: 86.530000
Validation F1: 84.360000
Validation F1: 84.370000
Validation F1: 84.450000
Validation F1: 83.350000
Validation F1: 84.410000
Training loss: 1174.451120
New learning rate: 0.009208697648275466


Epoch: 39
Validation F1: 86.530000
Validation F1: 84.710000
Validation F1: 84.940000
Validation F1: 81.700000
Validation F1: 85.310000
Validation F1: 83.250000
Training loss: 1071.046829
New learning rate: 0.00877018840540023


Epoch: 40
Validation F1: 86.530000
Validation F1: 83.530000
Validation F1: 82.040000
Validation F1: 85.000000
Validation F1: 83.860000
Validation F1: 82.340000
Training loss: 1265.428856
New learning rate: 0.008352560301621754


Epoch: 41
Validation F1: 86.530000
Validation F1: 84.620000
Validation F1: 84.310000
Validation F1: 86.030000
Validation F1: 84.370000
Validation F1: 83.890000
Training loss: 1135.570637
New learning rate: 0.007954819039219902


Epoch: 42
Validation F1: 86.530000
Validation F1: 84.190000
Validation F1: 84.560000
Validation F1: 84.920000
Validation F1: 84.380000
Validation F1: 84.380000
Training loss: 1211.425897
New learning rate: 0.007576018217064085


Epoch: 43
Validation F1: 86.530000
Validation F1: 84.910000
Validation F1: 82.370000
Validation F1: 83.440000
Validation F1: 82.290000
Validation F1: 85.070000
Training loss: 1039.839745
New learning rate: 0.0072152553392308095


Epoch: 44
Validation F1: 86.530000
Validation F1: 83.790000
Validation F1: 84.860000
Validation F1: 84.470000
Validation F1: 83.610000
Validation F1: 83.910000
Training loss: 1161.804840
New learning rate: 0.006871671815003667


Epoch: 45
Validation F1: 86.530000
Validation F1: 85.120000
Validation F1: 83.800000
Validation F1: 85.200000
Validation F1: 84.340000
Validation F1: 83.850000
Training loss: 1169.005482
New learning rate: 0.006544449410977818


Epoch: 46
Validation F1: 86.530000
Validation F1: 84.540000
Validation F1: 84.780000
Validation F1: 84.700000
Validation F1: 85.260000
Validation F1: 83.460000
Training loss: 1033.118472
New learning rate: 0.006232808920599165


Epoch: 47
Validation F1: 86.530000
Validation F1: 84.930000
Validation F1: 83.500000
Validation F1: 85.190000
Validation F1: 84.150000
Validation F1: 84.900000
Training loss: 1084.828566
New learning rate: 0.0059360083902166


Epoch: 48
Validation F1: 86.530000
Validation F1: 86.290000
Validation F1: 82.320000
Validation F1: 84.160000
Validation F1: 85.270000
Validation F1: 85.490000
Training loss: 1147.203601
New learning rate: 0.0056533413451342355


Epoch: 49
Validation F1: 86.530000
Validation F1: 83.570000
Validation F1: 84.880000
Validation F1: 84.620000
Validation F1: 85.230000
Validation F1: 84.280000
Training loss: 1129.729751
New learning rate: 0.005384134572176706


Training time: 3653.6287

Test F1: 78.740000

