Namespace(autoencoder=True, batch_size=16, crf_feats=True, dev='data/kinyarwanda/dev.txt', dev_feats='data/kinyarwanda/dev.txt.softgazfeats.npz', embed=128, feat_func='tanh', lr=0.015, lstm_feats=True, no_decay=False, output_name='kinyarwanda_model_bi', restart=False, test='data/kinyarwanda/test.txt', test_feats='data/kinyarwanda/test.txt.softgazfeats.npz', testing=False, train='data/kinyarwanda/train.txt', train_feats='data/kinyarwanda/train.txt.softgazfeats.npz', trainer='sgd', word_hidden_size=256)

Epoch: 0
Validation F1: 0.000000
Validation F1: 0.000000
Validation F1: 0.000000
Validation F1: 17.090000
Saved!
Validation F1: 17.090000
Validation F1: 17.090000
Training loss: 41584.912178


Epoch: 1
Validation F1: 2.260000
Validation F1: 10.680000
Validation F1: 10.950000
Validation F1: 17.090000
Validation F1: 16.280000
Validation F1: 0.000000
Training loss: 30204.455826


Epoch: 2
Validation F1: 3.740000
Validation F1: 16.240000
Validation F1: 4.980000
Validation F1: 19.950000
Saved!
Validation F1: 18.180000
Validation F1: 16.260000
Training loss: 25387.918251


Epoch: 3
Validation F1: 15.650000
Validation F1: 18.240000
Validation F1: 3.400000
Validation F1: 19.550000
Validation F1: 14.600000
Validation F1: 25.850000
Saved!
Training loss: 22611.136543


Epoch: 4
Validation F1: 23.410000
Validation F1: 15.090000
Validation F1: 29.060000
Saved!
Validation F1: 36.860000
Saved!
Validation F1: 39.390000
Saved!
Validation F1: 29.100000
Training loss: 15858.546017


Epoch: 5
Validation F1: 30.650000
Validation F1: 39.040000
Validation F1: 41.760000
Saved!
Validation F1: 43.840000
Saved!
Validation F1: 43.680000
Validation F1: 27.420000
Training loss: 11551.256428


Epoch: 6
Validation F1: 35.100000
Validation F1: 43.220000
Validation F1: 38.770000
Validation F1: 36.960000
Validation F1: 47.580000
Saved!
Validation F1: 40.580000
Training loss: 9910.077631


Epoch: 7
Validation F1: 36.570000
Validation F1: 43.780000
Validation F1: 48.590000
Saved!
Validation F1: 49.410000
Saved!
Validation F1: 48.670000
Validation F1: 36.210000
Training loss: 8855.887613


Epoch: 8
Validation F1: 42.830000
Validation F1: 49.680000
Saved!
Validation F1: 53.960000
Saved!
Validation F1: 53.040000
Validation F1: 53.730000
Validation F1: 54.950000
Saved!
Training loss: 7278.622124


Epoch: 9
Validation F1: 54.050000
Validation F1: 56.980000
Saved!
Validation F1: 49.540000
Validation F1: 55.640000
Validation F1: 56.330000
Validation F1: 56.340000
Training loss: 6989.864683


Epoch: 10
Validation F1: 52.920000
Validation F1: 54.760000
Validation F1: 57.290000
Saved!
Validation F1: 49.550000
Validation F1: 56.630000
Validation F1: 52.080000
Training loss: 6497.414896


Epoch: 11
Validation F1: 52.950000
Validation F1: 59.500000
Saved!
Validation F1: 58.010000
Validation F1: 59.310000
Validation F1: 55.150000
Validation F1: 45.150000
Training loss: 5749.233237


Epoch: 12
Validation F1: 56.660000
Validation F1: 59.160000
Validation F1: 60.880000
Saved!
Validation F1: 58.880000
Validation F1: 59.730000
Validation F1: 59.690000
Training loss: 4955.117623


Epoch: 13
Validation F1: 61.320000
Saved!
Validation F1: 60.700000
Validation F1: 60.120000
Validation F1: 65.810000
Saved!
Validation F1: 65.820000
Saved!
Validation F1: 62.310000
Training loss: 4855.840798


Epoch: 14
Validation F1: 62.630000
Validation F1: 64.540000
Validation F1: 65.330000
Validation F1: 67.740000
Saved!
Validation F1: 61.520000
Validation F1: 69.280000
Saved!
Training loss: 3912.195076


Epoch: 15
Validation F1: 67.610000
Validation F1: 65.790000
Validation F1: 62.460000
Validation F1: 66.230000
Validation F1: 64.260000
Validation F1: 69.080000
Training loss: 3391.800349


Epoch: 16
Validation F1: 68.630000
Validation F1: 62.270000
Validation F1: 69.970000
Saved!
Validation F1: 59.720000
Validation F1: 61.270000
Validation F1: 65.290000
Training loss: 3668.425008


Epoch: 17
Validation F1: 65.590000
Validation F1: 67.560000
Validation F1: 60.640000
Validation F1: 62.960000
Validation F1: 68.380000
Validation F1: 64.820000
Training loss: 3248.372913


Epoch: 18
Validation F1: 65.370000
Validation F1: 66.990000
Validation F1: 63.460000
Validation F1: 65.880000
Validation F1: 60.030000
Validation F1: 67.770000
Training loss: 2762.110401


Epoch: 19
Validation F1: 67.230000
Validation F1: 67.810000
Validation F1: 69.720000
Validation F1: 60.310000
Validation F1: 64.140000
Validation F1: 68.280000
Training loss: 2502.205220


Epoch: 20
Validation F1: 68.020000
Validation F1: 70.860000
Saved!
Validation F1: 67.430000
Validation F1: 65.710000
Validation F1: 67.800000
Validation F1: 69.340000
Training loss: 2303.651363


Epoch: 21
Validation F1: 70.590000
Validation F1: 64.340000
Validation F1: 68.140000
Validation F1: 62.580000
Validation F1: 59.510000
Validation F1: 63.220000
Training loss: 1968.623768


Epoch: 22
Validation F1: 64.140000
Validation F1: 67.470000
Validation F1: 66.830000
Validation F1: 68.320000
Validation F1: 65.160000
Validation F1: 67.120000
Training loss: 2010.879122


Epoch: 23
Validation F1: 69.930000
Validation F1: 66.880000
Validation F1: 67.520000
Validation F1: 62.670000
Validation F1: 68.300000
Validation F1: 66.950000
Training loss: 1710.247789


Epoch: 24
Validation F1: 67.580000
Validation F1: 68.820000
Validation F1: 68.540000
Validation F1: 65.700000
Validation F1: 64.330000
Validation F1: 67.640000
Training loss: 1607.500332


Epoch: 25
Validation F1: 67.800000
Validation F1: 70.120000
Validation F1: 69.330000
Validation F1: 67.000000
Validation F1: 66.380000
Validation F1: 69.000000
Training loss: 1501.609228


Epoch: 26
Validation F1: 70.560000
Validation F1: 68.940000
Validation F1: 70.440000
Validation F1: 68.500000
Validation F1: 71.450000
Saved!
Validation F1: 71.670000
Saved!
Training loss: 1468.172456


Epoch: 27
Validation F1: 70.440000
Validation F1: 64.780000
Validation F1: 69.850000
Validation F1: 69.730000
Validation F1: 69.670000
Validation F1: 71.540000
Training loss: 1455.389736


Epoch: 28
Validation F1: 71.590000
Validation F1: 67.430000
Validation F1: 68.040000
Validation F1: 65.340000
Validation F1: 69.670000
Validation F1: 68.850000
Training loss: 1131.231294


Epoch: 29
Validation F1: 68.170000
Validation F1: 70.130000
Validation F1: 70.930000
Validation F1: 70.220000
Validation F1: 69.880000
Validation F1: 66.670000
Training loss: 1199.075746


Epoch: 30
Validation F1: 66.780000
Validation F1: 66.200000
Validation F1: 69.240000
Validation F1: 66.390000
Validation F1: 68.210000
Validation F1: 66.280000
Training loss: 1200.308436


Epoch: 31
Validation F1: 68.400000
Validation F1: 69.440000
Validation F1: 69.020000
Validation F1: 70.940000
Validation F1: 66.990000
Validation F1: 69.340000
Training loss: 1131.184603


Epoch: 32
Validation F1: 68.380000
Validation F1: 70.610000
Validation F1: 69.110000
Validation F1: 71.650000
Validation F1: 69.880000
Validation F1: 68.570000
Training loss: 966.554355
New learning rate: 0.014285713966403688


Epoch: 33
Validation F1: 71.670000
Validation F1: 67.990000
Validation F1: 69.970000
Validation F1: 65.480000
Validation F1: 63.380000
Validation F1: 68.550000
Training loss: 1233.345312
New learning rate: 0.01360544225289708


Epoch: 34
Validation F1: 71.670000
Validation F1: 62.620000
Validation F1: 64.630000
Validation F1: 70.480000
Validation F1: 68.490000
Validation F1: 63.220000
Training loss: 1322.678027
New learning rate: 0.01295756371248336


Epoch: 35
Validation F1: 71.670000
Validation F1: 61.890000
Validation F1: 69.960000
Validation F1: 69.300000
Validation F1: 69.660000
Validation F1: 66.550000
Training loss: 1200.152825
New learning rate: 0.012340536784558069


Epoch: 36
Validation F1: 71.670000
Validation F1: 68.300000
Validation F1: 70.470000
Validation F1: 70.030000
Validation F1: 69.750000
Validation F1: 68.690000
Training loss: 1182.147912
New learning rate: 0.011752891753401074


Epoch: 37
Validation F1: 71.670000
Validation F1: 68.540000
Validation F1: 68.590000
Validation F1: 70.970000
Validation F1: 68.380000
Validation F1: 65.600000
Training loss: 1294.921415
New learning rate: 0.011193229861202693


Epoch: 38
Validation F1: 71.670000
Validation F1: 70.350000
Validation F1: 68.600000
Validation F1: 69.110000
Validation F1: 68.670000
Validation F1: 67.800000
Training loss: 1189.176410
New learning rate: 0.010660218873194285


Epoch: 39
Validation F1: 71.670000
Validation F1: 68.110000
Validation F1: 70.910000
Validation F1: 69.960000
Validation F1: 70.340000
Validation F1: 71.430000
Training loss: 1167.763089
New learning rate: 0.010152589529752731


Epoch: 40
Validation F1: 71.670000
Validation F1: 67.240000
Validation F1: 70.530000
Validation F1: 68.360000
Validation F1: 70.850000
Validation F1: 68.030000
Training loss: 1137.015257
New learning rate: 0.009669132885478791


Epoch: 41
Validation F1: 71.670000
Validation F1: 67.010000
Validation F1: 71.630000
Validation F1: 68.050000
Validation F1: 62.160000
Validation F1: 67.500000
Training loss: 1062.639086
New learning rate: 0.009208697648275466


Epoch: 42
Validation F1: 71.670000
Validation F1: 70.210000
Validation F1: 71.060000
Validation F1: 68.500000
Validation F1: 71.020000
Validation F1: 71.880000
Saved!
Training loss: 1014.142688


Epoch: 43
Validation F1: 71.970000
Saved!
Validation F1: 68.480000
Validation F1: 72.650000
Saved!
Validation F1: 69.420000
Validation F1: 69.870000
Validation F1: 69.840000
Training loss: 971.109396


Epoch: 44
Validation F1: 69.380000
Validation F1: 70.710000
Validation F1: 71.040000
Validation F1: 68.490000
Validation F1: 68.070000
Validation F1: 68.710000
Training loss: 831.673493


Epoch: 45
Validation F1: 70.790000
Validation F1: 71.140000
Validation F1: 68.990000
Validation F1: 69.800000
Validation F1: 68.900000
Validation F1: 67.990000
Training loss: 845.103172


Epoch: 46
Validation F1: 67.620000
Validation F1: 72.310000
Validation F1: 70.000000
Validation F1: 71.560000
Validation F1: 68.540000
Validation F1: 70.130000
Training loss: 849.327942


Epoch: 47
Validation F1: 70.870000
Validation F1: 70.690000
Validation F1: 69.220000
Validation F1: 70.650000
Validation F1: 69.480000
Validation F1: 71.880000
Training loss: 735.336753


Epoch: 48
Validation F1: 71.450000
Validation F1: 67.420000
Validation F1: 69.600000
Validation F1: 70.530000
Validation F1: 70.070000
Validation F1: 71.370000
Training loss: 839.991851


Epoch: 49
Validation F1: 70.530000
Validation F1: 71.700000
Validation F1: 69.890000
Validation F1: 71.930000
Validation F1: 73.270000
Saved!
Validation F1: 72.160000
Training loss: 720.522176


Training time: 3865.0248

Test F1: 67.540000

