Namespace(autoencoder=True, batch_size=16, crf_feats=True, dev='data/luo/dev.txt', dev_feats='data/luo/dev.txt.softgazfeats.npz', embed=128, feat_func='tanh', lr=0.015, lstm_feats=True, no_decay=False, output_name='luo_model_bi', restart=False, test='data/luo/test.txt', test_feats='data/luo/test.txt.softgazfeats.npz', testing=False, train='data/luo/train.txt', train_feats='data/luo/train.txt.softgazfeats.npz', trainer='sgd', word_hidden_size=256)

Epoch: 0
Validation F1: 0.000000
Validation F1: 0.000000
Validation F1: 0.000000
Validation F1: 0.000000
Validation F1: 0.000000
Validation F1: 0.000000
Training loss: 24805.524170


Epoch: 1
Validation F1: 0.000000
Validation F1: 0.000000
Validation F1: 0.000000
Validation F1: 0.000000
Validation F1: 0.000000
Validation F1: 0.000000
Training loss: 15031.754135


Epoch: 2
Validation F1: 0.000000
Validation F1: 0.000000
Validation F1: 0.000000
Validation F1: 0.000000
Validation F1: 0.000000
Validation F1: 0.000000
Training loss: 11893.850365


Epoch: 3
Validation F1: 0.000000
Validation F1: 0.000000
Validation F1: 0.000000
Validation F1: 0.000000
Validation F1: 0.000000
Validation F1: 0.000000
Training loss: 14615.158943


Epoch: 4
Validation F1: 0.000000
Validation F1: 0.000000
Validation F1: 0.000000
Validation F1: 0.000000
Validation F1: 0.000000
Validation F1: 0.000000
Training loss: 13535.492760


Epoch: 5
Validation F1: 0.000000
Validation F1: 0.000000
Validation F1: 0.000000
Validation F1: 0.000000
Validation F1: 5.690000
Saved!
Validation F1: 0.000000
Training loss: 13383.467079


Epoch: 6
Validation F1: 0.990000
Validation F1: 5.040000
Validation F1: 0.000000
Validation F1: 0.000000
Validation F1: 5.490000
Validation F1: 1.010000
Training loss: 11172.603355


Epoch: 7
Validation F1: 3.640000
Validation F1: 2.260000
Validation F1: 0.000000
Validation F1: 2.910000
Validation F1: 4.550000
Validation F1: 6.780000
Saved!
Training loss: 12382.333824


Epoch: 8
Validation F1: 2.870000
Validation F1: 1.700000
Validation F1: 4.850000
Validation F1: 6.730000
Validation F1: 0.000000
Validation F1: 2.000000
Training loss: 11765.610641


Epoch: 9
Validation F1: 0.000000
Validation F1: 4.610000
Validation F1: 1.010000
Validation F1: 6.010000
Validation F1: 3.810000
Validation F1: 15.330000
Saved!
Training loss: 8470.286469


Epoch: 10
Validation F1: 9.130000
Validation F1: 24.630000
Saved!
Validation F1: 6.540000
Validation F1: 4.740000
Validation F1: 2.930000
Validation F1: 15.240000
Training loss: 8628.737244


Epoch: 11
Validation F1: 15.260000
Validation F1: 23.000000
Validation F1: 22.610000
Validation F1: 35.020000
Saved!
Validation F1: 31.760000
Validation F1: 37.190000
Saved!
Training loss: 6869.058727


Epoch: 12
Validation F1: 25.790000
Validation F1: 18.700000
Validation F1: 31.910000
Validation F1: 28.150000
Validation F1: 3.850000
Validation F1: 34.000000
Training loss: 6972.552137


Epoch: 13
Validation F1: 38.940000
Saved!
Validation F1: 29.630000
Validation F1: 32.530000
Validation F1: 31.970000
Validation F1: 27.760000
Validation F1: 38.940000
Training loss: 5896.342655


Epoch: 14
Validation F1: 38.490000
Validation F1: 38.820000
Validation F1: 31.830000
Validation F1: 37.750000
Validation F1: 32.780000
Validation F1: 27.610000
Training loss: 5541.953747


Epoch: 15
Validation F1: 28.660000
Validation F1: 40.520000
Saved!
Validation F1: 39.740000
Validation F1: 34.440000
Validation F1: 29.430000
Validation F1: 39.250000
Training loss: 5698.811031


Epoch: 16
Validation F1: 42.770000
Saved!
Validation F1: 32.130000
Validation F1: 39.620000
Validation F1: 40.660000
Validation F1: 31.030000
Validation F1: 37.940000
Training loss: 4635.375801


Epoch: 17
Validation F1: 35.410000
Validation F1: 36.180000
Validation F1: 38.980000
Validation F1: 28.880000
Validation F1: 32.400000
Validation F1: 44.870000
Saved!
Training loss: 4901.241518


Epoch: 18
Validation F1: 45.310000
Saved!
Validation F1: 39.600000
Validation F1: 43.730000
Validation F1: 30.200000
Validation F1: 41.500000
Validation F1: 29.850000
Training loss: 5806.203270


Epoch: 19
Validation F1: 41.720000
Validation F1: 44.520000
Validation F1: 40.120000
Validation F1: 32.380000
Validation F1: 42.370000
Validation F1: 31.720000
Training loss: 4340.489265


Epoch: 20
Validation F1: 37.240000
Validation F1: 33.600000
Validation F1: 43.160000
Validation F1: 39.860000
Validation F1: 44.440000
Validation F1: 35.290000
Training loss: 6292.437334


Epoch: 21
Validation F1: 34.570000
Validation F1: 34.110000
Validation F1: 48.750000
Saved!
Validation F1: 40.130000
Validation F1: 29.610000
Validation F1: 41.690000
Training loss: 4332.392826


Epoch: 22
Validation F1: 44.300000
Validation F1: 28.860000
Validation F1: 51.830000
Saved!
Validation F1: 42.310000
Validation F1: 50.000000
Validation F1: 52.920000
Saved!
Training loss: 5165.113533


Epoch: 23
Validation F1: 51.530000
Validation F1: 37.560000
Validation F1: 45.370000
Validation F1: 52.230000
Validation F1: 41.740000
Validation F1: 46.810000
Training loss: 4001.137489


Epoch: 24
Validation F1: 44.830000
Validation F1: 45.430000
Validation F1: 46.250000
Validation F1: 50.000000
Validation F1: 42.810000
Validation F1: 53.920000
Saved!
Training loss: 3036.575703


Epoch: 25
Validation F1: 52.200000
Validation F1: 46.150000
Validation F1: 26.620000
Validation F1: 46.150000
Validation F1: 50.160000
Validation F1: 42.900000
Training loss: 3263.386673


Epoch: 26
Validation F1: 43.050000
Validation F1: 51.690000
Validation F1: 46.990000
Validation F1: 49.850000
Validation F1: 54.490000
Saved!
Validation F1: 53.580000
Training loss: 3294.471962


Epoch: 27
Validation F1: 50.940000
Validation F1: 50.310000
Validation F1: 49.540000
Validation F1: 51.100000
Validation F1: 48.850000
Validation F1: 51.760000
Training loss: 3439.459135


Epoch: 28
Validation F1: 56.630000
Saved!
Validation F1: 49.400000
Validation F1: 55.690000
Validation F1: 48.800000
Validation F1: 56.650000
Saved!
Validation F1: 49.550000
Training loss: 2486.192949


Epoch: 29
Validation F1: 42.350000
Validation F1: 55.210000
Validation F1: 53.640000
Validation F1: 48.500000
Validation F1: 42.820000
Validation F1: 51.830000
Training loss: 3701.969600


Epoch: 30
Validation F1: 50.760000
Validation F1: 59.210000
Saved!
Validation F1: 56.020000
Validation F1: 40.130000
Validation F1: 50.750000
Validation F1: 56.400000
Training loss: 2282.808458


Epoch: 31
Validation F1: 55.720000
Validation F1: 52.050000
Validation F1: 48.600000
Validation F1: 50.940000
Validation F1: 56.410000
Validation F1: 49.270000
Training loss: 2165.680323


Epoch: 32
Validation F1: 49.560000
Validation F1: 52.570000
Validation F1: 56.480000
Validation F1: 52.570000
Validation F1: 59.260000
Saved!
Validation F1: 51.280000
Training loss: 2095.939768


Epoch: 33
Validation F1: 43.150000
Validation F1: 53.910000
Validation F1: 48.890000
Validation F1: 54.230000
Validation F1: 49.700000
Validation F1: 55.240000
Training loss: 2130.250695


Epoch: 34
Validation F1: 55.240000
Validation F1: 54.170000
Validation F1: 55.230000
Validation F1: 48.500000
Validation F1: 52.290000
Validation F1: 59.660000
Saved!
Training loss: 2102.006557


Epoch: 35
Validation F1: 55.770000
Validation F1: 43.840000
Validation F1: 60.270000
Saved!
Validation F1: 35.830000
Validation F1: 50.890000
Validation F1: 51.050000
Training loss: 2312.497154


Epoch: 36
Validation F1: 44.580000
Validation F1: 58.650000
Validation F1: 54.280000
Validation F1: 55.680000
Validation F1: 50.760000
Validation F1: 62.750000
Saved!
Training loss: 1828.780247


Epoch: 37
Validation F1: 61.410000
Validation F1: 53.010000
Validation F1: 57.880000
Validation F1: 60.000000
Validation F1: 54.330000
Validation F1: 48.800000
Training loss: 1591.147494


Epoch: 38
Validation F1: 50.740000
Validation F1: 57.560000
Validation F1: 60.230000
Validation F1: 55.620000
Validation F1: 61.140000
Validation F1: 45.590000
Training loss: 1461.060754


Epoch: 39
Validation F1: 51.630000
Validation F1: 58.240000
Validation F1: 57.970000
Validation F1: 59.830000
Validation F1: 58.620000
Validation F1: 59.540000
Training loss: 1370.849962


Epoch: 40
Validation F1: 58.650000
Validation F1: 52.540000
Validation F1: 59.280000
Validation F1: 60.300000
Validation F1: 43.700000
Validation F1: 52.940000
Training loss: 1678.899227


Epoch: 41
Validation F1: 54.720000
Validation F1: 61.930000
Validation F1: 59.170000
Validation F1: 58.790000
Validation F1: 56.800000
Validation F1: 59.570000
Training loss: 1373.877465


Epoch: 42
Validation F1: 59.570000
Validation F1: 59.880000
Validation F1: 60.870000
Validation F1: 55.760000
Validation F1: 60.690000
Validation F1: 57.140000
Training loss: 1284.011143
New learning rate: 0.014285713966403688


Epoch: 43
Validation F1: 62.750000
Validation F1: 48.540000
Validation F1: 57.540000
Validation F1: 57.060000
Validation F1: 53.730000
Validation F1: 60.410000
Training loss: 1639.718640
New learning rate: 0.01360544225289708


Epoch: 44
Validation F1: 62.750000
Validation F1: 53.890000
Validation F1: 58.050000
Validation F1: 60.060000
Validation F1: 61.140000
Validation F1: 50.150000
Training loss: 1497.289458
New learning rate: 0.01295756371248336


Epoch: 45
Validation F1: 62.750000
Validation F1: 48.150000
Validation F1: 54.070000
Validation F1: 51.390000
Validation F1: 56.360000
Validation F1: 58.400000
Training loss: 1695.193482
New learning rate: 0.012340536784558069


Epoch: 46
Validation F1: 62.750000
Validation F1: 54.870000
Validation F1: 57.230000
Validation F1: 52.150000
Validation F1: 60.290000
Validation F1: 50.460000
Training loss: 1652.504891
New learning rate: 0.011752891753401074


Epoch: 47
Validation F1: 62.750000
Validation F1: 52.070000
Validation F1: 59.320000
Validation F1: 54.050000
Validation F1: 60.720000
Validation F1: 52.290000
Training loss: 1609.690250
New learning rate: 0.011193229861202693


Epoch: 48
Validation F1: 62.750000
Validation F1: 59.370000
Validation F1: 59.300000
Validation F1: 57.480000
Validation F1: 50.430000
Validation F1: 56.230000
Training loss: 1556.907547
New learning rate: 0.010660218873194285


Epoch: 49
Validation F1: 62.750000
Validation F1: 56.050000
Validation F1: 53.690000
Validation F1: 58.890000
Validation F1: 55.290000
Validation F1: 60.500000
Training loss: 1483.546112
New learning rate: 0.010152589529752731


Training time: 1590.0121

Test F1: 56.200000

