Namespace(autoencoder=True, batch_size=16, crf_feats=True, dev='news/amharic/dev.txt', dev_feats='news/amharic/dev.txt.softgazfeats.npz', embed=128, feat_func='tanh', lr=0.015, lstm_feats=True, no_decay=False, output_name='news_amharic_model_bi', restart=False, test='news/amharic/test.txt', test_feats='news/amharic/test.txt.softgazfeats.npz', testing=False, train='news/amharic/train.txt', train_feats='news/amharic/train.txt.softgazfeats.npz', trainer='sgd', word_hidden_size=256)

Epoch: 0
Validation F1: 4.360000
Saved!
Validation F1: 0.000000
Validation F1: 0.000000
Validation F1: 2.360000
Validation F1: 1.380000
Validation F1: 10.920000
Saved!
Training loss: 21138.979683


Epoch: 1
Validation F1: 0.710000
Validation F1: 10.880000
Validation F1: 2.230000
Validation F1: 10.880000
Validation F1: 10.880000
Validation F1: 10.880000
Training loss: 13237.646580


Epoch: 2
Validation F1: 10.880000
Validation F1: 6.220000
Validation F1: 10.880000
Validation F1: 5.790000
Validation F1: 1.360000
Validation F1: 10.880000
Training loss: 14336.389347


Epoch: 3
Validation F1: 10.880000
Validation F1: 10.880000
Validation F1: 10.880000
Validation F1: 9.520000
Validation F1: 10.880000
Validation F1: 10.880000
Training loss: 12420.898159


Epoch: 4
Validation F1: 10.880000
Validation F1: 10.880000
Validation F1: 10.880000
Validation F1: 0.380000
Validation F1: 12.320000
Saved!
Validation F1: 10.880000
Training loss: 12907.637745


Epoch: 5
Validation F1: 10.870000
Validation F1: 11.530000
Validation F1: 11.680000
Validation F1: 13.260000
Saved!
Validation F1: 6.270000
Validation F1: 6.280000
Training loss: 13445.729080


Epoch: 6
Validation F1: 5.410000
Validation F1: 16.770000
Saved!
Validation F1: 8.000000
Validation F1: 15.580000
Validation F1: 13.330000
Validation F1: 20.450000
Saved!
Training loss: 10536.970692


Epoch: 7
Validation F1: 18.990000
Validation F1: 20.310000
Validation F1: 12.840000
Validation F1: 16.230000
Validation F1: 14.640000
Validation F1: 22.870000
Saved!
Training loss: 10935.182625


Epoch: 8
Validation F1: 21.560000
Validation F1: 22.940000
Saved!
Validation F1: 20.000000
Validation F1: 26.510000
Saved!
Validation F1: 23.810000
Validation F1: 24.270000
Training loss: 8494.540516


Epoch: 9
Validation F1: 10.310000
Validation F1: 17.490000
Validation F1: 23.530000
Validation F1: 21.540000
Validation F1: 26.890000
Saved!
Validation F1: 21.600000
Training loss: 8364.123886


Epoch: 10
Validation F1: 25.230000
Validation F1: 28.570000
Saved!
Validation F1: 25.150000
Validation F1: 20.600000
Validation F1: 26.430000
Validation F1: 23.240000
Training loss: 7905.350073


Epoch: 11
Validation F1: 26.840000
Validation F1: 31.220000
Saved!
Validation F1: 29.200000
Validation F1: 35.840000
Saved!
Validation F1: 32.100000
Validation F1: 28.780000
Training loss: 7150.321583


Epoch: 12
Validation F1: 29.300000
Validation F1: 28.010000
Validation F1: 33.670000
Validation F1: 31.830000
Validation F1: 31.330000
Validation F1: 39.220000
Saved!
Training loss: 6255.556540


Epoch: 13
Validation F1: 30.300000
Validation F1: 37.350000
Validation F1: 30.200000
Validation F1: 39.230000
Saved!
Validation F1: 34.610000
Validation F1: 26.090000
Training loss: 6264.623446


Epoch: 14
Validation F1: 36.460000
Validation F1: 35.140000
Validation F1: 35.780000
Validation F1: 28.150000
Validation F1: 41.360000
Saved!
Validation F1: 30.460000
Training loss: 6918.828180


Epoch: 15
Validation F1: 35.370000
Validation F1: 41.150000
Validation F1: 28.830000
Validation F1: 26.190000
Validation F1: 36.560000
Validation F1: 38.650000
Training loss: 6041.621294


Epoch: 16
Validation F1: 41.060000
Validation F1: 28.140000
Validation F1: 39.000000
Validation F1: 46.300000
Saved!
Validation F1: 40.690000
Validation F1: 42.650000
Training loss: 5359.424617


Epoch: 17
Validation F1: 37.500000
Validation F1: 36.100000
Validation F1: 45.060000
Validation F1: 40.480000
Validation F1: 44.440000
Validation F1: 40.890000
Training loss: 4945.686068


Epoch: 18
Validation F1: 47.520000
Saved!
Validation F1: 42.700000
Validation F1: 39.130000
Validation F1: 35.200000
Validation F1: 41.330000
Validation F1: 45.540000
Training loss: 4620.906252


Epoch: 19
Validation F1: 30.590000
Validation F1: 46.900000
Validation F1: 43.420000
Validation F1: 48.020000
Saved!
Validation F1: 41.850000
Validation F1: 43.800000
Training loss: 4399.235657


Epoch: 20
Validation F1: 45.260000
Validation F1: 47.660000
Validation F1: 49.430000
Saved!
Validation F1: 43.840000
Validation F1: 46.670000
Validation F1: 45.940000
Training loss: 3766.015510


Epoch: 21
Validation F1: 50.110000
Saved!
Validation F1: 46.230000
Validation F1: 52.610000
Saved!
Validation F1: 48.600000
Validation F1: 51.140000
Validation F1: 50.000000
Training loss: 3249.528369


Epoch: 22
Validation F1: 51.460000
Validation F1: 49.620000
Validation F1: 48.840000
Validation F1: 52.170000
Validation F1: 52.610000
Validation F1: 51.130000
Training loss: 3384.840547


Epoch: 23
Validation F1: 50.420000
Validation F1: 53.690000
Saved!
Validation F1: 33.860000
Validation F1: 49.090000
Validation F1: 51.880000
Validation F1: 53.500000
Training loss: 2853.394603


Epoch: 24
Validation F1: 54.620000
Saved!
Validation F1: 52.810000
Validation F1: 49.540000
Validation F1: 50.220000
Validation F1: 46.260000
Validation F1: 45.550000
Training loss: 2262.402992


Epoch: 25
Validation F1: 47.870000
Validation F1: 49.330000
Validation F1: 52.850000
Validation F1: 51.320000
Validation F1: 53.630000
Validation F1: 52.530000
Training loss: 2158.763247


Epoch: 26
Validation F1: 52.650000
Validation F1: 52.670000
Validation F1: 50.770000
Validation F1: 52.740000
Validation F1: 49.100000
Validation F1: 52.800000
Training loss: 1896.462636


Epoch: 27
Validation F1: 46.480000
Validation F1: 52.050000
Validation F1: 54.080000
Validation F1: 51.250000
Validation F1: 52.580000
Validation F1: 53.860000
Training loss: 1581.471522


Epoch: 28
Validation F1: 52.750000
Validation F1: 51.560000
Validation F1: 54.550000
Validation F1: 53.910000
Validation F1: 51.220000
Validation F1: 54.210000
Training loss: 1433.818118


Epoch: 29
Validation F1: 55.680000
Saved!
Validation F1: 52.930000
Validation F1: 51.840000
Validation F1: 54.420000
Validation F1: 53.570000
Validation F1: 52.630000
Training loss: 1216.782706


Epoch: 30
Validation F1: 51.240000
Validation F1: 53.120000
Validation F1: 53.330000
Validation F1: 48.100000
Validation F1: 54.210000
Validation F1: 50.110000
Training loss: 1144.022532


Epoch: 31
Validation F1: 53.370000
Validation F1: 53.390000
Validation F1: 52.070000
Validation F1: 53.190000
Validation F1: 50.840000
Validation F1: 53.830000
Training loss: 1103.383195


Epoch: 32
Validation F1: 52.470000
Validation F1: 52.500000
Validation F1: 51.760000
Validation F1: 52.170000
Validation F1: 51.070000
Validation F1: 54.890000
Training loss: 932.853236


Epoch: 33
Validation F1: 54.170000
Validation F1: 51.260000
Validation F1: 53.460000
Validation F1: 52.360000
Validation F1: 53.390000
Validation F1: 55.200000
Training loss: 807.672892


Epoch: 34
Validation F1: 51.630000
Validation F1: 53.150000
Validation F1: 54.910000
Validation F1: 57.400000
Saved!
Validation F1: 55.740000
Validation F1: 54.110000
Training loss: 744.055001


Epoch: 35
Validation F1: 53.140000
Validation F1: 55.030000
Validation F1: 56.260000
Validation F1: 55.280000
Validation F1: 53.300000
Validation F1: 53.590000
Training loss: 687.679377


Epoch: 36
Validation F1: 54.280000
Validation F1: 55.170000
Validation F1: 52.250000
Validation F1: 55.380000
Validation F1: 50.930000
Validation F1: 54.790000
Training loss: 697.186157


Epoch: 37
Validation F1: 54.220000
Validation F1: 55.310000
Validation F1: 56.640000
Validation F1: 54.580000
Validation F1: 53.650000
Validation F1: 55.140000
Training loss: 567.122249


Epoch: 38
Validation F1: 54.160000
Validation F1: 56.880000
Validation F1: 56.360000
Validation F1: 53.590000
Validation F1: 53.700000
Validation F1: 54.630000
Training loss: 505.071916


Epoch: 39
Validation F1: 54.420000
Validation F1: 53.300000
Validation F1: 55.700000
Validation F1: 56.700000
Validation F1: 56.780000
Validation F1: 53.300000
Training loss: 438.194622


Epoch: 40
Validation F1: 55.340000
Validation F1: 54.980000
Validation F1: 55.310000
Validation F1: 55.280000
Validation F1: 52.590000
Validation F1: 55.880000
Training loss: 459.298548
New learning rate: 0.014285713966403688


Epoch: 41
Validation F1: 57.400000
Validation F1: 55.170000
Validation F1: 55.930000
Validation F1: 54.140000
Validation F1: 56.690000
Validation F1: 54.980000
Training loss: 757.182464
New learning rate: 0.01360544225289708


Epoch: 42
Validation F1: 57.400000
Validation F1: 52.080000
Validation F1: 51.560000
Validation F1: 50.310000
Validation F1: 47.460000
Validation F1: 53.980000
Training loss: 719.848372
New learning rate: 0.01295756371248336


Epoch: 43
Validation F1: 57.400000
Validation F1: 54.840000
Validation F1: 53.880000
Validation F1: 54.430000
Validation F1: 55.200000
Validation F1: 54.090000
Training loss: 674.414486
New learning rate: 0.012340536784558069


Epoch: 44
Validation F1: 57.400000
Validation F1: 54.000000
Validation F1: 54.090000
Validation F1: 53.440000
Validation F1: 55.450000
Validation F1: 54.820000
Training loss: 667.490171
New learning rate: 0.011752891753401074


Epoch: 45
Validation F1: 57.400000
Validation F1: 52.330000
Validation F1: 52.520000
Validation F1: 57.080000
Validation F1: 54.990000
Validation F1: 54.760000
Training loss: 645.401544
New learning rate: 0.011193229861202693


Epoch: 46
Validation F1: 57.400000
Validation F1: 55.260000
Validation F1: 54.350000
Validation F1: 54.160000
Validation F1: 54.100000
Validation F1: 55.140000
Training loss: 662.343884
New learning rate: 0.010660218873194285


Epoch: 47
Validation F1: 57.400000
Validation F1: 56.750000
Validation F1: 55.780000
Validation F1: 55.260000
Validation F1: 55.610000
Validation F1: 54.190000
Training loss: 673.362119
New learning rate: 0.010152589529752731


Epoch: 48
Validation F1: 57.400000
Validation F1: 55.500000
Validation F1: 53.850000
Validation F1: 55.580000
Validation F1: 58.970000
Saved!
Validation F1: 55.910000
Training loss: 608.441720


Epoch: 49
Validation F1: 55.900000
Validation F1: 57.540000
Validation F1: 56.750000
Validation F1: 55.680000
Validation F1: 55.380000
Validation F1: 56.570000
Training loss: 541.909810


Training time: 2408.5170

Test F1: 52.860000

