Namespace(autoencoder=True, batch_size=16, crf_feats=True, dev='data/swahili/dev.txt', dev_feats='data/swahili/dev.txt.softgazfeats.npz', embed=128, feat_func='tanh', lr=0.015, lstm_feats=True, no_decay=False, output_name='swahili_model_bi', restart=False, test='data/swahili/test.txt', test_feats='data/swahili/test.txt.softgazfeats.npz', testing=False, train='data/swahili/train.txt', train_feats='data/swahili/train.txt.softgazfeats.npz', trainer='sgd', word_hidden_size=256)

Epoch: 0
Validation F1: 1.390000
Saved!
Validation F1: 0.000000
Validation F1: 12.890000
Saved!
Validation F1: 42.910000
Saved!
Validation F1: 5.900000
Validation F1: 1.920000
Training loss: 47380.865570


Epoch: 1
Validation F1: 41.030000
Validation F1: 15.440000
Validation F1: 42.860000
Validation F1: 9.640000
Validation F1: 0.000000
Validation F1: 40.320000
Training loss: 30513.002365


Epoch: 2
Validation F1: 42.290000
Validation F1: 44.150000
Saved!
Validation F1: 4.170000
Validation F1: 0.000000
Validation F1: 44.170000
Saved!
Validation F1: 45.020000
Saved!
Training loss: 24518.688423


Epoch: 3
Validation F1: 29.600000
Validation F1: 48.190000
Saved!
Validation F1: 42.040000
Validation F1: 14.860000
Validation F1: 47.630000
Validation F1: 39.430000
Training loss: 24873.555801


Epoch: 4
Validation F1: 48.240000
Saved!
Validation F1: 44.090000
Validation F1: 45.150000
Validation F1: 45.010000
Validation F1: 43.450000
Validation F1: 37.000000
Training loss: 18348.984013


Epoch: 5
Validation F1: 49.300000
Saved!
Validation F1: 23.600000
Validation F1: 50.520000
Saved!
Validation F1: 44.210000
Validation F1: 54.260000
Saved!
Validation F1: 50.360000
Training loss: 15456.110809


Epoch: 6
Validation F1: 49.660000
Validation F1: 65.690000
Saved!
Validation F1: 35.250000
Validation F1: 65.260000
Validation F1: 67.150000
Saved!
Validation F1: 66.720000
Training loss: 13077.978043


Epoch: 7
Validation F1: 64.670000
Validation F1: 63.670000
Validation F1: 53.650000
Validation F1: 61.150000
Validation F1: 70.700000
Saved!
Validation F1: 73.010000
Saved!
Training loss: 10014.924820


Epoch: 8
Validation F1: 70.950000
Validation F1: 58.290000
Validation F1: 72.330000
Validation F1: 70.830000
Validation F1: 69.680000
Validation F1: 72.410000
Training loss: 9357.987026


Epoch: 9
Validation F1: 71.530000
Validation F1: 72.610000
Validation F1: 58.920000
Validation F1: 68.260000
Validation F1: 73.330000
Saved!
Validation F1: 74.410000
Saved!
Training loss: 10549.131066


Epoch: 10
Validation F1: 72.780000
Validation F1: 75.730000
Saved!
Validation F1: 74.750000
Validation F1: 69.680000
Validation F1: 73.150000
Validation F1: 67.100000
Training loss: 7845.080581


Epoch: 11
Validation F1: 70.860000
Validation F1: 75.270000
Validation F1: 57.140000
Validation F1: 72.240000
Validation F1: 75.510000
Validation F1: 77.030000
Saved!
Training loss: 8326.730588


Epoch: 12
Validation F1: 77.510000
Saved!
Validation F1: 75.390000
Validation F1: 75.300000
Validation F1: 77.180000
Validation F1: 69.650000
Validation F1: 79.020000
Saved!
Training loss: 7213.190127


Epoch: 13
Validation F1: 77.170000
Validation F1: 75.440000
Validation F1: 74.720000
Validation F1: 79.730000
Saved!
Validation F1: 76.960000
Validation F1: 79.540000
Training loss: 5957.287198


Epoch: 14
Validation F1: 80.950000
Saved!
Validation F1: 73.550000
Validation F1: 72.240000
Validation F1: 75.620000
Validation F1: 81.620000
Saved!
Validation F1: 77.340000
Training loss: 5512.732306


Epoch: 15
Validation F1: 80.850000
Validation F1: 74.820000
Validation F1: 82.090000
Saved!
Validation F1: 73.640000
Validation F1: 81.830000
Validation F1: 80.000000
Training loss: 5302.086219


Epoch: 16
Validation F1: 81.250000
Validation F1: 77.100000
Validation F1: 48.610000
Validation F1: 82.120000
Saved!
Validation F1: 73.210000
Validation F1: 80.520000
Training loss: 4998.436540


Epoch: 17
Validation F1: 80.860000
Validation F1: 80.670000
Validation F1: 81.760000
Validation F1: 80.880000
Validation F1: 81.050000
Validation F1: 83.080000
Saved!
Training loss: 4327.618839


Epoch: 18
Validation F1: 77.900000
Validation F1: 81.720000
Validation F1: 81.450000
Validation F1: 80.980000
Validation F1: 78.800000
Validation F1: 83.920000
Saved!
Training loss: 3920.617785


Epoch: 19
Validation F1: 81.650000
Validation F1: 81.460000
Validation F1: 81.300000
Validation F1: 81.040000
Validation F1: 82.350000
Validation F1: 83.380000
Training loss: 3901.345203


Epoch: 20
Validation F1: 83.510000
Validation F1: 82.410000
Validation F1: 76.480000
Validation F1: 84.190000
Saved!
Validation F1: 83.980000
Validation F1: 83.130000
Training loss: 3836.523028


Epoch: 21
Validation F1: 83.570000
Validation F1: 83.200000
Validation F1: 74.800000
Validation F1: 83.760000
Validation F1: 84.470000
Saved!
Validation F1: 79.970000
Training loss: 4143.004480


Epoch: 22
Validation F1: 79.880000
Validation F1: 81.430000
Validation F1: 77.460000
Validation F1: 83.900000
Validation F1: 83.110000
Validation F1: 83.530000
Training loss: 3011.737044


Epoch: 23
Validation F1: 83.930000
Validation F1: 84.520000
Saved!
Validation F1: 84.160000
Validation F1: 81.900000
Validation F1: 83.740000
Validation F1: 84.840000
Saved!
Training loss: 3053.114293


Epoch: 24
Validation F1: 80.880000
Validation F1: 82.720000
Validation F1: 77.300000
Validation F1: 80.250000
Validation F1: 81.130000
Validation F1: 83.650000
Training loss: 3052.608466


Epoch: 25
Validation F1: 82.730000
Validation F1: 83.850000
Validation F1: 82.090000
Validation F1: 84.570000
Validation F1: 80.380000
Validation F1: 79.340000
Training loss: 2373.891668


Epoch: 26
Validation F1: 82.420000
Validation F1: 82.680000
Validation F1: 84.000000
Validation F1: 83.840000
Validation F1: 80.490000
Validation F1: 85.430000
Saved!
Training loss: 2480.032966


Epoch: 27
Validation F1: 84.070000
Validation F1: 84.930000
Validation F1: 83.190000
Validation F1: 83.660000
Validation F1: 83.350000
Validation F1: 83.050000
Training loss: 2036.085687


Epoch: 28
Validation F1: 84.720000
Validation F1: 84.720000
Validation F1: 82.640000
Validation F1: 81.400000
Validation F1: 84.560000
Validation F1: 72.860000
Training loss: 2298.700613


Epoch: 29
Validation F1: 75.930000
Validation F1: 80.090000
Validation F1: 82.640000
Validation F1: 82.790000
Validation F1: 79.500000
Validation F1: 82.680000
Training loss: 2173.262075


Epoch: 30
Validation F1: 84.670000
Validation F1: 81.780000
Validation F1: 79.970000
Validation F1: 81.410000
Validation F1: 83.600000
Validation F1: 80.580000
Training loss: 1964.840765


Epoch: 31
Validation F1: 79.820000
Validation F1: 82.530000
Validation F1: 81.680000
Validation F1: 80.000000
Validation F1: 83.850000
Validation F1: 84.960000
Training loss: 1916.489340


Epoch: 32
Validation F1: 82.200000
Validation F1: 81.990000
Validation F1: 84.820000
Validation F1: 79.940000
Validation F1: 82.910000
Validation F1: 85.420000
Training loss: 1788.945264
New learning rate: 0.014285713966403688


Epoch: 33
Validation F1: 85.430000
Validation F1: 85.540000
Saved!
Validation F1: 82.350000
Validation F1: 82.770000
Validation F1: 84.630000
Validation F1: 84.260000
Training loss: 2181.513659


Epoch: 34
Validation F1: 82.830000
Validation F1: 85.310000
Validation F1: 76.610000
Validation F1: 80.520000
Validation F1: 82.750000
Validation F1: 85.480000
Training loss: 2214.302166


Epoch: 35
Validation F1: 83.480000
Validation F1: 83.710000
Validation F1: 83.550000
Validation F1: 83.800000
Validation F1: 83.510000
Validation F1: 84.760000
Training loss: 1893.396520


Epoch: 36
Validation F1: 81.680000
Validation F1: 84.820000
Validation F1: 77.970000
Validation F1: 81.650000
Validation F1: 82.030000
Validation F1: 81.090000
Training loss: 2402.460124


Epoch: 37
Validation F1: 81.230000
Validation F1: 80.600000
Validation F1: 80.680000
Validation F1: 79.840000
Validation F1: 81.440000
Validation F1: 83.900000
Training loss: 1919.589600


Epoch: 38
Validation F1: 83.640000
Validation F1: 81.130000
Validation F1: 83.200000
Validation F1: 78.110000
Validation F1: 84.080000
Validation F1: 84.000000
Training loss: 1785.070005


Epoch: 39
Validation F1: 82.270000
Validation F1: 83.180000
Validation F1: 83.810000
Validation F1: 80.990000
Validation F1: 85.350000
Validation F1: 82.120000
Training loss: 1672.785703
New learning rate: 0.01360544225289708


Epoch: 40
Validation F1: 85.540000
Validation F1: 83.780000
Validation F1: 81.310000
Validation F1: 79.100000
Validation F1: 83.260000
Validation F1: 83.620000
Training loss: 2195.783196
New learning rate: 0.01295756371248336


Epoch: 41
Validation F1: 85.540000
Validation F1: 85.400000
Validation F1: 82.700000
Validation F1: 73.130000
Validation F1: 83.900000
Validation F1: 82.490000
Training loss: 2281.138121
New learning rate: 0.012340536784558069


Epoch: 42
Validation F1: 85.540000
Validation F1: 75.120000
Validation F1: 78.940000
Validation F1: 85.470000
Validation F1: 82.650000
Validation F1: 82.360000
Training loss: 2301.660356
New learning rate: 0.011752891753401074


Epoch: 43
Validation F1: 85.540000
Validation F1: 83.970000
Validation F1: 79.010000
Validation F1: 82.590000
Validation F1: 85.420000
Validation F1: 77.920000
Training loss: 2342.471464
New learning rate: 0.011193229861202693


Epoch: 44
Validation F1: 85.540000
Validation F1: 81.390000
Validation F1: 84.020000
Validation F1: 85.340000
Validation F1: 82.870000
Validation F1: 85.210000
Training loss: 1992.027627
New learning rate: 0.010660218873194285


Epoch: 45
Validation F1: 85.540000
Validation F1: 85.330000
Validation F1: 84.440000
Validation F1: 84.120000
Validation F1: 81.930000
Validation F1: 84.390000
Training loss: 2246.048105
New learning rate: 0.010152589529752731


Epoch: 46
Validation F1: 85.540000
Validation F1: 80.120000
Validation F1: 83.550000
Validation F1: 81.210000
Validation F1: 76.500000
Validation F1: 83.220000
Training loss: 2022.653892
New learning rate: 0.009669132885478791


Epoch: 47
Validation F1: 85.540000
Validation F1: 78.450000
Validation F1: 81.350000
Validation F1: 85.670000
Saved!
Validation F1: 84.880000
Validation F1: 82.590000
Training loss: 1885.875796


Epoch: 48
Validation F1: 81.270000
Validation F1: 84.630000
Validation F1: 79.620000
Validation F1: 80.200000
Validation F1: 84.640000
Validation F1: 84.810000
Training loss: 1669.944044


Epoch: 49
Validation F1: 85.910000
Saved!
Validation F1: 77.700000
Validation F1: 84.860000
Validation F1: 81.370000
Validation F1: 78.230000
Validation F1: 81.740000
Training loss: 1895.425215


Training time: 4410.3362

Test F1: 76.100000

