Namespace(autoencoder=True, batch_size=16, crf_feats=True, dev='data/wolof/dev.txt', dev_feats='data/wolof/dev.txt.softgazfeats.npz', embed=128, feat_func='tanh', lr=0.015, lstm_feats=True, no_decay=False, output_name='wolof_model_bi', restart=False, test='data/wolof/test.txt', test_feats='data/wolof/test.txt.softgazfeats.npz', testing=False, train='data/wolof/train.txt', train_feats='data/wolof/train.txt.softgazfeats.npz', trainer='sgd', word_hidden_size=256)

Epoch: 0
Validation F1: 0.450000
Saved!
Validation F1: 0.000000
Validation F1: 0.000000
Validation F1: 0.000000
Validation F1: 30.280000
Saved!
Training loss: 19342.942577


Epoch: 1
Validation F1: 30.650000
Saved!
Validation F1: 31.870000
Saved!
Validation F1: 0.000000
Validation F1: 9.700000
Validation F1: 11.730000
Training loss: 9348.027487


Epoch: 2
Validation F1: 30.650000
Validation F1: 14.790000
Validation F1: 31.870000
Validation F1: 0.000000
Validation F1: 2.700000
Training loss: 8368.551075


Epoch: 3
Validation F1: 33.850000
Saved!
Validation F1: 4.000000
Validation F1: 34.070000
Saved!
Validation F1: 19.220000
Validation F1: 37.810000
Saved!
Training loss: 8218.428841


Epoch: 4
Validation F1: 30.000000
Validation F1: 46.510000
Saved!
Validation F1: 43.400000
Validation F1: 52.920000
Saved!
Validation F1: 54.610000
Saved!
Training loss: 4822.716900


Epoch: 5
Validation F1: 41.360000
Validation F1: 48.630000
Validation F1: 55.150000
Saved!
Validation F1: 36.870000
Validation F1: 45.660000
Training loss: 3219.056436


Epoch: 6
Validation F1: 44.290000
Validation F1: 48.100000
Validation F1: 60.500000
Saved!
Validation F1: 60.270000
Validation F1: 53.520000
Training loss: 3082.421619


Epoch: 7
Validation F1: 53.730000
Validation F1: 60.590000
Saved!
Validation F1: 35.510000
Validation F1: 53.850000
Validation F1: 59.560000
Training loss: 2578.415846


Epoch: 8
Validation F1: 59.480000
Validation F1: 49.380000
Validation F1: 57.050000
Validation F1: 38.040000
Validation F1: 57.600000
Training loss: 2255.236046


Epoch: 9
Validation F1: 64.600000
Saved!
Validation F1: 59.350000
Validation F1: 50.190000
Validation F1: 36.620000
Validation F1: 56.270000
Training loss: 2398.448238


Epoch: 10
Validation F1: 49.360000
Validation F1: 58.120000
Validation F1: 66.450000
Saved!
Validation F1: 64.140000
Validation F1: 61.110000
Training loss: 2010.174532


Epoch: 11
Validation F1: 72.980000
Saved!
Validation F1: 59.610000
Validation F1: 53.240000
Validation F1: 61.420000
Validation F1: 51.060000
Training loss: 1721.910398


Epoch: 12
Validation F1: 70.080000
Validation F1: 64.100000
Validation F1: 58.470000
Validation F1: 41.790000
Validation F1: 55.120000
Training loss: 1503.818910


Epoch: 13
Validation F1: 66.670000
Validation F1: 62.090000
Validation F1: 71.790000
Validation F1: 62.950000
Validation F1: 71.760000
Training loss: 1312.432410


Epoch: 14
Validation F1: 66.920000
Validation F1: 66.670000
Validation F1: 69.840000
Validation F1: 71.430000
Validation F1: 70.720000
Training loss: 1411.568487


Epoch: 15
Validation F1: 68.200000
Validation F1: 66.160000
Validation F1: 63.480000
Validation F1: 65.570000
Validation F1: 72.120000
Training loss: 1235.114860


Epoch: 16
Validation F1: 63.850000
Validation F1: 65.840000
Validation F1: 73.150000
Saved!
Validation F1: 58.240000
Validation F1: 72.350000
Training loss: 1148.923762


Epoch: 17
Validation F1: 57.380000
Validation F1: 69.920000
Validation F1: 67.580000
Validation F1: 72.920000
Validation F1: 70.500000
Training loss: 978.884591


Epoch: 18
Validation F1: 69.660000
Validation F1: 67.680000
Validation F1: 66.670000
Validation F1: 64.110000
Validation F1: 65.070000
Training loss: 771.541013


Epoch: 19
Validation F1: 67.770000
Validation F1: 62.590000
Validation F1: 66.670000
Validation F1: 70.670000
Validation F1: 65.470000
Training loss: 847.832203


Epoch: 20
Validation F1: 65.570000
Validation F1: 68.090000
Validation F1: 72.410000
Validation F1: 67.480000
Validation F1: 62.350000
Training loss: 793.843393


Epoch: 21
Validation F1: 68.990000
Validation F1: 66.400000
Validation F1: 70.200000
Validation F1: 69.120000
Validation F1: 69.780000
Training loss: 653.021502


Epoch: 22
Validation F1: 69.890000
Validation F1: 66.420000
Validation F1: 65.610000
Validation F1: 69.010000
Validation F1: 70.920000
Training loss: 546.529412
New learning rate: 0.014285713966403688


Epoch: 23
Validation F1: 73.150000
Validation F1: 65.550000
Validation F1: 62.690000
Validation F1: 64.570000
Validation F1: 72.450000
Training loss: 1166.110210
New learning rate: 0.01360544225289708


Epoch: 24
Validation F1: 73.150000
Validation F1: 51.490000
Validation F1: 71.380000
Validation F1: 67.840000
Validation F1: 65.600000
Training loss: 1344.582860
New learning rate: 0.01295756371248336


Epoch: 25
Validation F1: 73.150000
Validation F1: 63.600000
Validation F1: 66.930000
Validation F1: 65.930000
Validation F1: 57.750000
Training loss: 911.721704
New learning rate: 0.012340536784558069


Epoch: 26
Validation F1: 73.150000
Validation F1: 65.730000
Validation F1: 66.440000
Validation F1: 63.670000
Validation F1: 64.140000
Training loss: 950.451169
New learning rate: 0.011752891753401074


Epoch: 27
Validation F1: 73.150000
Validation F1: 72.940000
Validation F1: 56.740000
Validation F1: 58.470000
Validation F1: 70.680000
Training loss: 959.561857
New learning rate: 0.011193229861202693


Epoch: 28
Validation F1: 73.150000
Validation F1: 68.310000
Validation F1: 63.050000
Validation F1: 66.420000
Validation F1: 68.660000
Training loss: 923.260794
New learning rate: 0.010660218873194285


Epoch: 29
Validation F1: 73.150000
Validation F1: 64.260000
Validation F1: 67.370000
Validation F1: 67.090000
Validation F1: 67.450000
Training loss: 1078.041659
New learning rate: 0.010152589529752731


Epoch: 30
Validation F1: 73.150000
Validation F1: 65.050000
Validation F1: 65.600000
Validation F1: 67.980000
Validation F1: 68.330000
Training loss: 840.757213
New learning rate: 0.009669132885478791


Epoch: 31
Validation F1: 73.150000
Validation F1: 66.190000
Validation F1: 68.650000
Validation F1: 70.540000
Validation F1: 68.650000
Training loss: 955.118932
New learning rate: 0.009208697648275466


Epoch: 32
Validation F1: 73.150000
Validation F1: 67.480000
Validation F1: 67.460000
Validation F1: 68.100000
Validation F1: 64.790000
Training loss: 935.362431
New learning rate: 0.00877018840540023


Epoch: 33
Validation F1: 73.150000
Validation F1: 62.330000
Validation F1: 66.670000
Validation F1: 67.460000
Validation F1: 69.470000
Training loss: 1110.677885
New learning rate: 0.008352560301621754


Epoch: 34
Validation F1: 73.150000
Validation F1: 70.720000
Validation F1: 64.800000
Validation F1: 64.290000
Validation F1: 70.160000
Training loss: 887.554000
New learning rate: 0.007954819039219902


Epoch: 35
Validation F1: 73.150000
Validation F1: 71.780000
Validation F1: 69.140000
Validation F1: 67.910000
Validation F1: 72.450000
Training loss: 741.143151
New learning rate: 0.007576018217064085


Epoch: 36
Validation F1: 73.150000
Validation F1: 66.430000
Validation F1: 71.570000
Validation F1: 70.880000
Validation F1: 67.970000
Training loss: 999.487746
New learning rate: 0.0072152553392308095


Epoch: 37
Validation F1: 73.150000
Validation F1: 59.140000
Validation F1: 71.680000
Validation F1: 64.710000
Validation F1: 67.200000
Training loss: 858.152379
New learning rate: 0.006871671815003667


Epoch: 38
Validation F1: 73.150000
Validation F1: 66.930000
Validation F1: 65.540000
Validation F1: 65.120000
Validation F1: 71.150000
Training loss: 829.717581
New learning rate: 0.006544449410977818


Epoch: 39
Validation F1: 73.150000
Validation F1: 68.800000
Validation F1: 65.960000
Validation F1: 64.820000
Validation F1: 66.010000
Training loss: 838.641388
New learning rate: 0.006232808920599165


Epoch: 40
Validation F1: 73.150000
Validation F1: 70.970000
Validation F1: 65.590000
Validation F1: 67.360000
Validation F1: 62.190000
Training loss: 811.787443
New learning rate: 0.0059360083902166


Epoch: 41
Validation F1: 73.150000
Validation F1: 72.600000
Validation F1: 72.460000
Validation F1: 67.880000
Validation F1: 65.410000
Training loss: 780.630019
New learning rate: 0.0056533413451342355


Epoch: 42
Validation F1: 73.150000
Validation F1: 65.270000
Validation F1: 69.690000
Validation F1: 65.290000
Validation F1: 68.630000
Training loss: 1134.527065
New learning rate: 0.005384134572176706


Epoch: 43
Validation F1: 73.150000
Validation F1: 64.850000
Validation F1: 70.370000
Validation F1: 69.960000
Validation F1: 68.940000
Training loss: 829.859700
New learning rate: 0.005127747232715288


Epoch: 44
Validation F1: 73.150000
Validation F1: 61.380000
Validation F1: 68.020000
Validation F1: 69.470000
Validation F1: 69.260000
Training loss: 798.222429
New learning rate: 0.0048835686452332


Epoch: 45
Validation F1: 73.150000
Validation F1: 71.200000
Validation F1: 70.590000
Validation F1: 69.690000
Validation F1: 68.460000
Training loss: 784.215196
New learning rate: 0.004651017841838655


Epoch: 46
Validation F1: 73.150000
Validation F1: 73.210000
Saved!
Validation F1: 67.390000
Validation F1: 71.370000
Validation F1: 70.190000
Training loss: 742.019166


Epoch: 47
Validation F1: 68.470000
Validation F1: 67.210000
Validation F1: 67.600000
Validation F1: 69.700000
Validation F1: 74.150000
Saved!
Training loss: 676.543961


Epoch: 48
Validation F1: 68.750000
Validation F1: 70.210000
Validation F1: 69.440000
Validation F1: 66.400000
Validation F1: 72.030000
Training loss: 655.176687


Epoch: 49
Validation F1: 71.540000
Validation F1: 71.580000
Validation F1: 70.590000
Validation F1: 70.590000
Validation F1: 71.720000
Training loss: 547.199311


Training time: 2283.5335

Test F1: 56.870000

